2023-08-12 03:50:33.665 [info] Configuration changed
2023-08-12 03:50:33.775 [info] Configuration changed
2023-08-12 03:50:34.026 [info] Configuration changed
2023-08-12 03:50:45.045 [info] Active editor: file:///home/brian/Documents/Code/siimee/frontend/src/App.vue
2023-08-12 03:50:50.259 [info] Active editor: file:///home/brian/Documents/Code/siimee/frontend/src/services/auth.service.js
2023-08-12 03:51:59.182 [info] Executing :w
2023-08-12 03:52:10.653 [info] Executing :w
2023-08-12 03:52:16.077 [info] Executing :w
2023-08-12 03:52:27.720 [info] Active editor: file:///home/brian/Documents/Code/siimee/frontend/src/App.vue
2023-08-12 03:52:40.487 [info] Active editor: file:///home/brian/Documents/Code/siimee/frontend/src/views/OnboardingView.vue
2023-08-12 03:52:41.758 [info] Executing :q
2023-08-12 03:52:41.802 [info] /home/brian/Documents/Code/siimee/frontend/src/views/OnboardingView.vue closed
2023-08-12 03:52:41.803 [info] /home/brian/Documents/Code/siimee/frontend/src/views/OnboardingView.vue.git closed
2023-08-12 03:52:41.803 [warning] getLineLength() called with out-of-bounds line 0
2023-08-12 03:52:41.803 [warning] getLineLength() called with out-of-bounds line 0
2023-08-12 03:52:41.804 [info] Active editor: file:///home/brian/Documents/Code/siimee/frontend/src/App.vue
2023-08-12 03:52:46.023 [info] Active editor: file:///home/brian/Documents/Code/siimee/frontend/src/views/OnboardingView.vue
2023-08-12 03:52:50.537 [info] Active editor: file:///home/brian/Documents/Code/siimee/frontend/src/App.vue
2023-08-12 03:52:57.553 [info] Active editor: file:///home/brian/Documents/Code/siimee/frontend/src/views/OnboardingView.vue
2023-08-12 03:53:05.612 [info] Active editor: file:///home/brian/Documents/Code/siimee/frontend/src/App.vue
2023-08-12 03:53:09.270 [info] Executing :q
2023-08-12 03:53:13.279 [info] Executing :q
2023-08-12 03:53:15.879 [info] Executing :q!
2023-08-12 03:53:15.925 [warning] getLineLength() called with out-of-bounds line 19
2023-08-12 03:53:15.925 [warning] getLineLength() called with out-of-bounds line 19
2023-08-12 03:53:15.931 [info] Active editor: file:///home/brian/Documents/Code/siimee/frontend/src/views/OnboardingView.vue
