2023-08-12 02:48:48.800 [info] Log level: Info
2023-08-12 02:48:48.800 [info] Validating found git in: "git"
2023-08-12 02:48:48.800 [info] Using git "2.41.0" from "git"
2023-08-12 02:48:48.800 [info] > git rev-parse --show-toplevel [18ms]
2023-08-12 02:48:48.801 [info] > git rev-parse --show-toplevel [2ms]
2023-08-12 02:48:48.812 [info] > git rev-parse --show-toplevel [2ms]
2023-08-12 02:48:48.822 [info] > git rev-parse --show-toplevel [2ms]
2023-08-12 02:48:52.558 [info] > git rev-parse --show-toplevel [5ms]
2023-08-12 02:48:52.577 [info] > git rev-parse --git-dir --git-common-dir [12ms]
2023-08-12 02:48:52.583 [info] Open repository: /home/brian/Documents/Code/siimee
2023-08-12 02:48:52.592 [info] > git config --get commit.template [2ms]
2023-08-12 02:48:52.600 [info] > git for-each-ref --format=%(refname)%00%(upstream:short)%00%(objectname)%00%(upstream:track)%00%(upstream:remotename)%00%(upstream:remoteref) refs/heads/brian_dev_incorp_login refs/remotes/brian_dev_incorp_login [3ms]
2023-08-12 02:48:52.609 [info] > git status -z -uall [3ms]
2023-08-12 02:48:52.624 [info] > git config --get commit.template [1ms]
2023-08-12 02:48:52.632 [info] > git for-each-ref --format=%(refname)%00%(upstream:short)%00%(objectname)%00%(upstream:track)%00%(upstream:remotename)%00%(upstream:remoteref) refs/heads/brian_dev_incorp_login refs/remotes/brian_dev_incorp_login [2ms]
2023-08-12 02:48:52.643 [info] > git status -z -uall [3ms]
2023-08-12 02:48:53.109 [info] > git check-ignore -v -z --stdin [2ms]
2023-08-12 02:49:24.417 [info] > git check-ignore -v -z --stdin [2ms]
2023-08-12 02:49:26.460 [info] > git show --textconv :frontend/src/App.vue [8ms]
2023-08-12 02:49:26.462 [info] > git ls-files --stage -- /home/brian/Documents/Code/siimee/frontend/src/App.vue [3ms]
2023-08-12 02:49:26.470 [info] > git cat-file -s acbcd9a225034bf10f459ae7128dd7a0a9fbb09a [1ms]
2023-08-12 02:51:34.833 [info] > git check-ignore -v -z --stdin [1ms]
2023-08-12 02:51:54.858 [info] > git show --textconv :frontend/vite.config.js [5ms]
2023-08-12 02:51:54.863 [info] > git ls-files --stage -- /home/brian/Documents/Code/siimee/frontend/vite.config.js [6ms]
2023-08-12 02:51:54.873 [info] > git cat-file -s a6c7f3c06bf6c321baa254fc546c84500f0f3153 [2ms]
2023-08-12 02:53:07.583 [info] > git check-ignore -v -z --stdin [1ms]
2023-08-12 02:53:08.959 [info] > git check-ignore -v -z --stdin [1ms]
2023-08-12 02:53:09.788 [info] > git show --textconv :frontend/src/services/auth.service.js [8ms]
2023-08-12 02:53:09.788 [info] > git ls-files --stage -- /home/brian/Documents/Code/siimee/frontend/src/services/auth.service.js [1ms]
2023-08-12 02:53:09.796 [info] > git cat-file -s 07593761e4d983ee79bec16b96246fb9c6def925 [1ms]
