2023-08-12 02:48:44.550 [info] Configuration changed
2023-08-12 02:48:48.535 [info] Configuration changed
2023-08-12 02:48:52.543 [info] /home/brian/.config/VSCodium/User/settings.json closed
2023-08-12 02:48:52.547 [info] Configuration changed
2023-08-12 02:49:25.908 [info] Active editor: file:///home/brian/Documents/Code/siimee/frontend/src/App.vue
2023-08-12 02:49:52.251 [info] Configuration changed
2023-08-12 02:50:26.965 [info] Configuration changed
2023-08-12 02:50:38.939 [info] Active editor: file:///home/brian/Documents/Code/siimee/frontend/src/App.vue
2023-08-12 02:50:45.226 [info] Active editor: file:///home/brian/Documents/Code/siimee/frontend/src/App.vue
2023-08-12 02:50:50.725 [info] Active editor: file:///home/brian/Documents/Code/siimee/frontend/src/App.vue
2023-08-12 02:51:54.616 [info] Active editor: file:///home/brian/Documents/Code/siimee/frontend/vite.config.js
2023-08-12 02:52:08.879 [info] Executing :q
2023-08-12 02:52:12.638 [info] Executing :q!
2023-08-12 02:52:12.684 [info] /home/brian/Documents/Code/siimee/frontend/vite.config.js closed
2023-08-12 02:52:12.685 [info] /home/brian/Documents/Code/siimee/frontend/vite.config.js.git closed
2023-08-12 02:52:12.685 [warning] getLineLength() called with out-of-bounds line 3
2023-08-12 02:52:12.685 [warning] getLineLength() called with out-of-bounds line 3
2023-08-12 02:52:12.688 [info] Active editor: file:///home/brian/Documents/Code/siimee/frontend/src/App.vue
2023-08-12 02:52:34.984 [info] /home/brian/.config/VSCodium/User/settings.json closed
2023-08-12 02:52:35.005 [info] Configuration changed
2023-08-12 02:52:35.197 [info] /home/brian/.config/VSCodium/User/settings.json closed
2023-08-12 02:52:35.216 [info] Configuration changed
2023-08-12 02:52:39.022 [info] /home/brian/.config/VSCodium/User/settings.json closed
2023-08-12 02:52:39.040 [info] Configuration changed
2023-08-12 02:52:39.317 [info] /home/brian/.config/VSCodium/User/settings.json closed
2023-08-12 02:52:39.334 [info] Configuration changed
2023-08-12 02:52:39.862 [info] /home/brian/.config/VSCodium/User/settings.json closed
2023-08-12 02:52:39.879 [info] Configuration changed
2023-08-12 02:52:41.226 [info] /home/brian/.config/VSCodium/User/settings.json closed
2023-08-12 02:52:41.244 [info] Configuration changed
2023-08-12 02:53:09.450 [info] Active editor: file:///home/brian/Documents/Code/siimee/frontend/src/services/auth.service.js
2023-08-12 02:53:45.086 [info] Active editor: file:///home/brian/Documents/Code/siimee/frontend/src/App.vue
2023-08-12 02:53:46.657 [info] Active editor: file:///home/brian/Documents/Code/siimee/frontend/src/services/auth.service.js
2023-08-12 02:53:50.198 [info] Active editor: file:///home/brian/Documents/Code/siimee/frontend/src/App.vue
2023-08-12 02:53:53.849 [info] Active editor: file:///home/brian/Documents/Code/siimee/frontend/src/services/auth.service.js
2023-08-12 02:54:15.799 [info] Active editor: file:///home/brian/Documents/Code/siimee/frontend/src/App.vue
2023-08-12 02:54:16.641 [info] Active editor: file:///home/brian/Documents/Code/siimee/frontend/src/services/auth.service.js
2023-08-12 02:54:35.341 [info] Active editor: file:///home/brian/Documents/Code/siimee/frontend/src/App.vue
