2023-08-12 02:58:21.991 [info] Log level: Info
2023-08-12 02:58:21.991 [info] Validating found git in: "git"
2023-08-12 02:58:21.991 [info] Using git "2.41.0" from "git"
2023-08-12 02:58:21.991 [info] > git rev-parse --show-toplevel [4ms]
2023-08-12 02:58:21.991 [info] > git rev-parse --git-dir --git-common-dir [3ms]
2023-08-12 02:58:21.991 [info] Open repository: /home/brian/Documents/Code/siimee
2023-08-12 02:58:22.006 [info] > git config --get commit.template [101ms]
2023-08-12 02:58:22.011 [info] > git rev-parse --show-toplevel [13ms]
2023-08-12 02:58:22.021 [info] > git for-each-ref --format=%(refname)%00%(upstream:short)%00%(objectname)%00%(upstream:track)%00%(upstream:remotename)%00%(upstream:remoteref) refs/heads/brian_dev_incorp_login refs/remotes/brian_dev_incorp_login [2ms]
2023-08-12 02:58:22.036 [info] > git status -z -uall [7ms]
2023-08-12 02:58:22.050 [info] > git rev-parse --show-toplevel [14ms]
2023-08-12 02:58:22.050 [info] > git config --get commit.template [1ms]
2023-08-12 02:58:22.063 [info] > git for-each-ref --format=%(refname)%00%(upstream:short)%00%(objectname)%00%(upstream:track)%00%(upstream:remotename)%00%(upstream:remoteref) refs/heads/brian_dev_incorp_login refs/remotes/brian_dev_incorp_login [7ms]
2023-08-12 02:58:22.067 [info] > git rev-parse --show-toplevel [4ms]
2023-08-12 02:58:22.084 [info] > git status -z -uall [18ms]
2023-08-12 02:58:22.085 [info] > git rev-parse --show-toplevel [11ms]
2023-08-12 02:58:22.276 [info] > git show --textconv :frontend/src/App.vue [8ms]
2023-08-12 02:58:22.278 [info] > git ls-files --stage -- /home/brian/Documents/Code/siimee/frontend/src/App.vue [1ms]
2023-08-12 02:58:22.288 [info] > git cat-file -s acbcd9a225034bf10f459ae7128dd7a0a9fbb09a [4ms]
2023-08-12 02:58:22.498 [info] > git check-ignore -v -z --stdin [2ms]
2023-08-12 02:58:35.468 [info] > git check-ignore -v -z --stdin [1ms]
2023-08-12 03:01:58.609 [info] > git show --textconv :frontend/src/services/auth.service.js [8ms]
2023-08-12 03:01:58.618 [info] > git ls-files --stage -- /home/brian/Documents/Code/siimee/frontend/src/services/auth.service.js [9ms]
2023-08-12 03:01:58.627 [info] > git cat-file -s 07593761e4d983ee79bec16b96246fb9c6def925 [1ms]
2023-08-12 03:03:54.690 [info] > git show --textconv :frontend/src/utils/survey.js [8ms]
2023-08-12 03:03:54.691 [info] > git ls-files --stage -- /home/brian/Documents/Code/siimee/frontend/src/utils/survey.js [1ms]
2023-08-12 03:03:54.699 [info] > git cat-file -s 01ff6e8d93640568594eebbf33231ea7ca4cdcb0 [2ms]
2023-08-12 03:12:49.344 [info] Log level: Info
2023-08-12 03:12:49.344 [info] Validating found git in: "git"
2023-08-12 03:12:49.344 [info] Using git "2.41.0" from "git"
2023-08-12 03:12:49.344 [info] > git rev-parse --show-toplevel [22ms]
2023-08-12 03:12:49.345 [info] > git rev-parse --git-dir --git-common-dir [4ms]
2023-08-12 03:12:49.351 [info] Open repository: /home/brian/Documents/Code/siimee
2023-08-12 03:12:49.457 [info] > git config --get commit.template [98ms]
2023-08-12 03:12:49.644 [info] > git rev-parse --show-toplevel [190ms]
2023-08-12 03:12:49.707 [info] > git for-each-ref --format=%(refname)%00%(upstream:short)%00%(objectname)%00%(upstream:track)%00%(upstream:remotename)%00%(upstream:remoteref) refs/heads/brian_dev_incorp_login refs/remotes/brian_dev_incorp_login [12ms]
2023-08-12 03:12:49.726 [info] > git status -z -uall [10ms]
2023-08-12 03:12:49.726 [info] > git rev-parse --show-toplevel [2ms]
2023-08-12 03:12:49.754 [info] > git config --get commit.template [13ms]
2023-08-12 03:12:49.780 [info] > git for-each-ref --format=%(refname)%00%(upstream:short)%00%(objectname)%00%(upstream:track)%00%(upstream:remotename)%00%(upstream:remoteref) refs/heads/brian_dev_incorp_login refs/remotes/brian_dev_incorp_login [6ms]
2023-08-12 03:12:49.790 [info] > git rev-parse --show-toplevel [25ms]
2023-08-12 03:12:49.814 [info] > git status -z -uall [24ms]
2023-08-12 03:12:49.875 [info] > git rev-parse --show-toplevel [12ms]
2023-08-12 03:12:49.961 [info] > git rev-parse --show-toplevel [5ms]
2023-08-12 03:12:49.976 [info] > git check-ignore -v -z --stdin [3ms]
2023-08-12 03:12:50.126 [info] > git show --textconv :frontend/src/App.vue [14ms]
2023-08-12 03:12:50.127 [info] > git ls-files --stage -- /home/brian/Documents/Code/siimee/frontend/src/App.vue [2ms]
2023-08-12 03:12:50.136 [info] > git cat-file -s acbcd9a225034bf10f459ae7128dd7a0a9fbb09a [1ms]
2023-08-12 03:15:30.037 [info] > git check-ignore -v -z --stdin [1ms]
