2023-08-12 02:48:43.917 [info] Added views:workbench.panel.markers.view in workbench.panel.markers
2023-08-12 02:48:43.918 [info] Added views:workbench.panel.output in workbench.panel.output
2023-08-12 02:48:43.918 [info] Added views:terminal in terminal
2023-08-12 02:48:43.918 [info] Added views:outline in workbench.view.explorer
2023-08-12 02:48:43.918 [info] Added views:workbench.scm in workbench.view.scm
2023-08-12 02:48:43.918 [info] Added views:workbench.view.search in workbench.view.search
2023-08-12 02:48:43.918 [info] Added views:timeline in workbench.view.explorer
2023-08-12 02:48:43.918 [info] Added views:workbench.explorer.fileView in workbench.view.explorer
2023-08-12 02:48:44.109 [info] Added views:dockerContainers,dockerImages,dockerRegistries,dockerNetworks,dockerVolumes,vscode-docker.views.dockerContexts,vscode-docker.views.help in workbench.view.extension.dockerView
2023-08-12 02:48:44.213 [info] Added views:workbench.debug.variablesView,workbench.debug.watchExpressionsView,workbench.debug.callStackView,workbench.debug.breakPointsView in workbench.view.debug
2023-08-12 02:48:44.232 [info] Added views:workbench.panel.repl.view in workbench.panel.repl
2023-08-12 02:48:44.233 [info] Removed views:workbench.debug.breakPointsView,workbench.debug.callStackView,workbench.debug.watchExpressionsView,workbench.debug.variablesView from workbench.view.debug
2023-08-12 02:48:44.234 [info] Added views:workbench.debug.welcome in workbench.view.debug
2023-08-12 02:49:46.789 [info] Added views:workbench.views.extensions.installed,workbench.views.extensions.popular,extensions.recommendedList in workbench.view.extensions
2023-08-12 02:49:46.794 [info] Removed views:workbench.views.extensions.popular from workbench.view.extensions
2023-08-12 02:49:52.256 [info] Removed views:vscode-docker.views.help,vscode-docker.views.dockerContexts,dockerVolumes,dockerNetworks,dockerRegistries,dockerImages,dockerContainers from workbench.view.extension.dockerView
2023-08-12 02:49:52.281 [info] Added views:dockerContainers,dockerImages,dockerRegistries,dockerNetworks,dockerVolumes,vscode-docker.views.dockerContexts,vscode-docker.views.help in workbench.view.explorer
2023-08-12 02:49:52.288 [info] Removed views:vscode-docker.views.help,vscode-docker.views.dockerContexts,dockerVolumes,dockerNetworks,dockerRegistries,dockerImages,dockerContainers from workbench.view.explorer
2023-08-12 02:50:04.049 [info] Removed views:extensions.recommendedList,workbench.views.extensions.installed from workbench.view.extensions
2023-08-12 02:50:04.063 [info] Added views:workbench.views.extensions.marketplace in workbench.view.extensions
2023-08-12 02:50:18.890 [info] Removed views:workbench.views.extensions.marketplace from workbench.view.extensions
2023-08-12 02:50:18.913 [info] Added views:workbench.views.extensions.installed,extensions.recommendedList in workbench.view.extensions
2023-08-12 02:53:20.839 [info] Removed views:extensions.recommendedList,workbench.views.extensions.installed from workbench.view.extensions
2023-08-12 02:53:20.855 [info] Added views:workbench.views.extensions.marketplace in workbench.view.extensions
2023-08-12 02:57:22.450 [info] Added views:workbench.debug.breakPointsView in workbench.view.debug
2023-08-12 02:57:25.260 [info] Removed views:workbench.debug.breakPointsView from workbench.view.debug
