2023-08-12 03:50:33.483 [info] Log level: Info
2023-08-12 03:50:33.483 [info] Validating found git in: "git"
2023-08-12 03:50:33.483 [info] Using git "2.41.0" from "git"
2023-08-12 03:50:33.483 [info] > git rev-parse --show-toplevel [15ms]
2023-08-12 03:50:33.483 [info] > git rev-parse --git-dir --git-common-dir [1ms]
2023-08-12 03:50:33.483 [info] Open repository: /home/brian/Documents/Code/siimee
2023-08-12 03:50:33.484 [info] > git rev-parse --show-toplevel [2ms]
2023-08-12 03:50:33.485 [info] > git config --get commit.template [9ms]
2023-08-12 03:50:33.755 [info] > git for-each-ref --format=%(refname)%00%(upstream:short)%00%(objectname)%00%(upstream:track)%00%(upstream:remotename)%00%(upstream:remoteref) refs/heads/brian_dev_incorp_login refs/remotes/brian_dev_incorp_login [181ms]
2023-08-12 03:50:33.817 [info] > git status -z -uall [54ms]
2023-08-12 03:50:33.858 [info] > git config --get commit.template [9ms]
2023-08-12 03:50:33.858 [info] > git rev-parse --show-toplevel [15ms]
2023-08-12 03:50:33.869 [info] > git for-each-ref --format=%(refname)%00%(upstream:short)%00%(objectname)%00%(upstream:track)%00%(upstream:remotename)%00%(upstream:remoteref) refs/heads/brian_dev_incorp_login refs/remotes/brian_dev_incorp_login [3ms]
2023-08-12 03:50:33.890 [info] > git status -z -uall [15ms]
2023-08-12 03:50:33.892 [info] > git rev-parse --show-toplevel [3ms]
2023-08-12 03:50:33.943 [info] > git rev-parse --show-toplevel [17ms]
2023-08-12 03:50:34.030 [info] > git rev-parse --show-toplevel [13ms]
2023-08-12 03:50:34.082 [info] > git show --textconv :frontend/src/App.vue [12ms]
2023-08-12 03:50:34.082 [info] > git check-ignore -v -z --stdin [1ms]
2023-08-12 03:50:34.083 [info] > git ls-files --stage -- /home/brian/Documents/Code/siimee/frontend/src/App.vue [7ms]
2023-08-12 03:50:34.095 [info] > git cat-file -s acbcd9a225034bf10f459ae7128dd7a0a9fbb09a [4ms]
2023-08-12 03:50:50.573 [info] > git show --textconv :frontend/src/services/auth.service.js [7ms]
2023-08-12 03:50:50.575 [info] > git ls-files --stage -- /home/brian/Documents/Code/siimee/frontend/src/services/auth.service.js [2ms]
2023-08-12 03:50:50.587 [info] > git cat-file -s 07593761e4d983ee79bec16b96246fb9c6def925 [6ms]
2023-08-12 03:50:50.752 [info] > git check-ignore -v -z --stdin [1ms]
2023-08-12 03:52:00.292 [info] > git config --get commit.template [8ms]
2023-08-12 03:52:00.307 [info] > git for-each-ref --format=%(refname)%00%(upstream:short)%00%(objectname)%00%(upstream:track)%00%(upstream:remotename)%00%(upstream:remoteref) refs/heads/brian_dev_incorp_login refs/remotes/brian_dev_incorp_login [3ms]
2023-08-12 03:52:00.317 [info] > git status -z -uall [3ms]
2023-08-12 03:52:11.755 [info] > git config --get commit.template [8ms]
2023-08-12 03:52:11.770 [info] > git for-each-ref --format=%(refname)%00%(upstream:short)%00%(objectname)%00%(upstream:track)%00%(upstream:remotename)%00%(upstream:remoteref) refs/heads/brian_dev_incorp_login refs/remotes/brian_dev_incorp_login [8ms]
2023-08-12 03:52:11.784 [info] > git status -z -uall [8ms]
2023-08-12 03:52:17.178 [info] > git config --get commit.template [8ms]
2023-08-12 03:52:17.179 [info] > git for-each-ref --format=%(refname)%00%(upstream:short)%00%(objectname)%00%(upstream:track)%00%(upstream:remotename)%00%(upstream:remoteref) refs/heads/brian_dev_incorp_login refs/remotes/brian_dev_incorp_login [2ms]
2023-08-12 03:52:17.189 [info] > git status -z -uall [2ms]
2023-08-12 03:52:40.802 [info] > git show --textconv :frontend/src/views/OnboardingView.vue [8ms]
2023-08-12 03:52:40.803 [info] > git ls-files --stage -- /home/brian/Documents/Code/siimee/frontend/src/views/OnboardingView.vue [2ms]
2023-08-12 03:52:40.811 [info] > git cat-file -s cd25168fb2365557e7526707eb65874e1b053151 [2ms]
2023-08-12 03:52:40.971 [info] > git check-ignore -v -z --stdin [1ms]
2023-08-12 03:52:46.251 [info] > git show --textconv :frontend/src/views/OnboardingView.vue [9ms]
2023-08-12 03:52:46.252 [info] > git ls-files --stage -- /home/brian/Documents/Code/siimee/frontend/src/views/OnboardingView.vue [1ms]
2023-08-12 03:52:46.260 [info] > git cat-file -s cd25168fb2365557e7526707eb65874e1b053151 [1ms]
