2023-08-12 02:43:40.414 [info] Configuration changed
2023-08-12 02:43:57.960 [info] Configuration changed
2023-08-12 02:44:01.727 [info] Configuration changed
2023-08-12 02:44:05.009 [info] Configuration changed
2023-08-12 02:44:06.330 [info] Configuration changed
2023-08-12 02:44:19.680 [info] Configuration changed
2023-08-12 02:45:30.405 [info] /home/brian/.config/VSCodium/User/settings.json closed
2023-08-12 02:45:30.421 [info] Configuration changed
2023-08-12 02:46:30.629 [info] Active editor: file:///home/brian/.bashrc
2023-08-12 02:46:30.829 [info] /home/brian/.config/VSCodium/User/settings.json closed
2023-08-12 02:46:30.837 [info] Configuration changed
2023-08-12 02:46:43.326 [info] /home/brian/.config/VSCodium/User/settings.json closed
2023-08-12 02:46:43.347 [info] Configuration changed
2023-08-12 02:46:54.534 [info] Active editor: file:///home/brian/.bashrc
2023-08-12 02:46:58.436 [info] Active editor: file:///home/brian/.bashrc
2023-08-12 02:47:02.143 [info] Executing :q
2023-08-12 02:47:06.302 [info] Executing :q!
2023-08-12 02:47:06.346 [info] /home/brian/.bashrc closed
2023-08-12 02:47:06.346 [warning] getLineLength() called with out-of-bounds line 168
2023-08-12 02:47:06.346 [warning] getLineLength() called with out-of-bounds line 168
2023-08-12 02:47:58.608 [info] Active editor: file:///home/brian/.zshrc
2023-08-12 02:48:27.700 [info] Executing :q
2023-08-12 02:48:27.709 [info] /home/brian/.zshrc closed
2023-08-12 02:48:27.710 [warning] getLineLength() called with out-of-bounds line 0
2023-08-12 02:48:27.710 [warning] getLineLength() called with out-of-bounds line 0
