2023-08-12 02:41:48.356 [info] Added views:workbench.panel.markers.view in workbench.panel.markers
2023-08-12 02:41:48.356 [info] Added views:workbench.panel.output in workbench.panel.output
2023-08-12 02:41:48.356 [info] Added views:terminal in terminal
2023-08-12 02:41:48.356 [info] Added views:outline in workbench.view.explorer
2023-08-12 02:41:48.356 [info] Added views:workbench.scm in workbench.view.scm
2023-08-12 02:41:48.356 [info] Added views:workbench.view.search in workbench.view.search
2023-08-12 02:41:48.356 [info] Added views:timeline in workbench.view.explorer
2023-08-12 02:41:48.356 [info] Added views:workbench.explorer.emptyView in workbench.view.explorer
2023-08-12 02:41:48.753 [info] Added views:workbench.debug.variablesView,workbench.debug.watchExpressionsView,workbench.debug.callStackView,workbench.debug.breakPointsView in workbench.view.debug
2023-08-12 02:41:48.776 [info] Added views:workbench.panel.repl.view in workbench.panel.repl
2023-08-12 02:41:48.776 [info] Removed views:workbench.debug.breakPointsView,workbench.debug.callStackView,workbench.debug.watchExpressionsView,workbench.debug.variablesView from workbench.view.debug
2023-08-12 02:41:48.777 [info] Added views:workbench.debug.welcome in workbench.view.debug
2023-08-12 02:42:35.584 [info] Added views:workbench.views.extensions.installed,workbench.views.extensions.popular,extensions.recommendedList in workbench.view.extensions
2023-08-12 02:42:35.584 [info] Removed views:workbench.views.extensions.popular from workbench.view.extensions
2023-08-12 02:42:35.876 [info] Added views:workbench.views.extensions.popular in workbench.view.extensions
2023-08-12 02:42:55.030 [info] Added views:dockerContainers,dockerImages,dockerRegistries,dockerNetworks,dockerVolumes,vscode-docker.views.dockerContexts,vscode-docker.views.help in workbench.view.extension.dockerView
2023-08-12 02:43:21.687 [info] Added views:workbench.view.testing in workbench.view.extension.test
2023-08-12 02:44:35.978 [info] Removed views:extensions.recommendedList,workbench.views.extensions.popular,workbench.views.extensions.installed from workbench.view.extensions
2023-08-12 02:44:35.992 [info] Added views:workbench.views.extensions.marketplace in workbench.view.extensions
2023-08-12 02:44:46.819 [info] Removed views:workbench.views.extensions.marketplace from workbench.view.extensions
2023-08-12 02:44:46.837 [info] Added views:workbench.views.extensions.installed,workbench.views.extensions.popular,extensions.recommendedList in workbench.view.extensions
2023-08-12 02:48:31.690 [info] Removed views:workbench.view.testing from workbench.view.extension.test
