[4840][1636677011224][main][info]["Booting Postman 9.1.3, linux-5.14.16-artix1-1 on x64"]
[4840][1636677011226][main][info]["EventBus~initialize - Success"]
[4840][1636677011228][main][info]["Proxy configuration has not been setup"]
[4840][1636677011228][main][info]["CloudProxyManager~init - Success"]
[4840][1636677011232][main][info]["UpdateHandler~init - Success"]
[4840][1636677011402][main][info]["RuntimeIPCAgent~started: Success"]
[4840][1636677011406][main][info]["LeaderSelection: Initialized successfully"]
[4840][1636677011518][main][info]["LinuxAutoUpdater~Cleanup - Initial cleanup successful"]
[4840][1636677011676][main][info]["GPU detected VID 4318 DID 7817 ACTIVE true"]
[4840][1636677011683][main][info]["Bootstrap-models~bootstrap - Success"]
[4840][1636677011799][main][info]["window-manager~newSharedWindow: Shell loaded"]
[4840][1636677012855][main][info]["Main~AppEvents - Received booted event for process shared"]
[4840][1636677014091][main][info]["UpdateHandler~app-update-events - Received event",{"name":"checkForElectronVersionUpdated","namespace":"appUpdate"}]
[4840][1636677014104][main][info]["Main~AppEvents - Received booted event for process scratchpad"]
[4840][1636677014978][main][info]["WindowManager~closeHandler - Closed Window (id: 3 )"]
[4840][1636677014986][main][info]["Quitting app"]
[5050][1636677016612][main][info]["Booting Postman 9.1.3, linux-5.14.16-artix1-1 on x64"]
[5050][1636677016614][main][info]["EventBus~initialize - Success"]
[5050][1636677016616][main][info]["Proxy configuration has not been setup"]
[5050][1636677016616][main][info]["CloudProxyManager~init - Success"]
[5050][1636677016621][main][info]["UpdateHandler~init - Success"]
[5050][1636677016789][main][info]["RuntimeIPCAgent~started: Success"]
[5050][1636677016791][main][info]["LeaderSelection: Initialized successfully"]
[5050][1636677016869][main][info]["LinuxAutoUpdater~Cleanup - Initial cleanup successful"]
[5050][1636677016884][main][info]["GPU detected VID 4318 DID 7817 ACTIVE true"]
[5050][1636677016895][main][info]["Bootstrap-models~bootstrap - Success"]
[5050][1636677016985][main][info]["window-manager~newSharedWindow: Shell loaded"]
[5050][1636677017875][main][info]["Main~AppEvents - Received booted event for process shared"]
[5050][1636677019192][main][info]["UpdateHandler~app-update-events - Received event",{"name":"checkForElectronVersionUpdated","namespace":"appUpdate"}]
[5050][1636677019202][main][info]["Main~AppEvents - Received booted event for process scratchpad"]
[5050][1636677030001][main][info]["UpdateHandler~app-update-events - Received event",{"name":"checkForElectronVersionUpdated","namespace":"appUpdate"}]
[5050][1636677030010][main][info]["Main~AppEvents - Received booted event for process requester"]
[5050][1636677038577][main][info]["UpdateHandler~app-update-events - Received event",{"name":"checkForElectronVersionUpdated","namespace":"appUpdate"}]
[5050][1636677038585][main][info]["Main~AppEvents - Received booted event for process scratchpad"]
[5050][1636677067419][main][info]["WindowManager~closeHandler - Closed Window (id: 3 )"]
[5050][1636677067429][main][info]["Quitting app"]
[6073][1636839494005][main][info]["Booting Postman 9.1.3, linux-5.14.16-artix1-1 on x64"]
[6073][1636839494006][main][info]["EventBus~initialize - Success"]
[6073][1636839494008][main][info]["Proxy configuration has not been setup"]
[6073][1636839494008][main][info]["CloudProxyManager~init - Success"]
[6073][1636839494013][main][info]["UpdateHandler~init - Success"]
[6073][1636839494250][main][info]["RuntimeIPCAgent~started: Success"]
[6073][1636839494252][main][info]["LeaderSelection: Initialized successfully"]
[6073][1636839494388][main][info]["LinuxAutoUpdater~Cleanup - Initial cleanup successful"]
[6073][1636839494403][main][info]["GPU detected VID 4318 DID 7817 ACTIVE true"]
[6073][1636839494489][main][info]["Bootstrap-models~bootstrap - Success"]
[6073][1636839494620][main][info]["window-manager~newSharedWindow: Shell loaded"]
[6073][1636839495504][main][info]["Main~AppEvents - Received booted event for process shared"]
[6073][1636839496652][main][info]["UpdateHandler~app-update-events - Received event",{"name":"checkForElectronVersionUpdated","namespace":"appUpdate"}]
[6073][1636839496667][main][info]["Main~AppEvents - Received booted event for process scratchpad"]
[6073][1636839499991][main][info]["WindowManager~closeHandler - Closed Window (id: 3 )"]
[6073][1636839500002][main][info]["Quitting app"]
[13219][1637274852897][main][info]["Booting Postman 9.1.3, linux-5.15.2-artix1-1 on x64"]
[13219][1637274852899][main][info]["EventBus~initialize - Success"]
[13219][1637274852902][main][info]["Proxy configuration has not been setup"]
[13219][1637274852902][main][info]["CloudProxyManager~init - Success"]
[13219][1637274852907][main][info]["UpdateHandler~init - Success"]
[13219][1637274853170][main][info]["RuntimeIPCAgent~started: Success"]
[13219][1637274853173][main][info]["LeaderSelection: Initialized successfully"]
[13219][1637274853280][main][info]["LinuxAutoUpdater~Cleanup - Initial cleanup successful"]
[13219][1637274853294][main][info]["GPU detected VID 4318 DID 7817 ACTIVE true"]
[13219][1637274853379][main][info]["Bootstrap-models~bootstrap - Success"]
[13219][1637274853510][main][info]["window-manager~newSharedWindow: Shell loaded"]
[13219][1637274854486][main][info]["Main~AppEvents - Received booted event for process shared"]
[13219][1637274855772][main][info]["UpdateHandler~app-update-events - Received event",{"name":"checkForElectronVersionUpdated","namespace":"appUpdate"}]
[13219][1637274855784][main][info]["Main~AppEvents - Received booted event for process scratchpad"]
[13219][1637274857740][main][info]["WindowManager~closeHandler - Closed Window (id: 3 )"]
[13219][1637274857748][main][info]["Quitting app"]
[24060][1638060569933][main][info]["Booting Postman 9.1.3, linux-5.15.5-artix1-1 on x64"]
[24060][1638060569935][main][info]["EventBus~initialize - Success"]
[24060][1638060569937][main][info]["Proxy configuration has not been setup"]
[24060][1638060569937][main][info]["CloudProxyManager~init - Success"]
[24060][1638060569942][main][info]["UpdateHandler~init - Success"]
[24060][1638060570203][main][info]["RuntimeIPCAgent~started: Success"]
[24060][1638060570206][main][info]["LeaderSelection: Initialized successfully"]
[24060][1638060570318][main][info]["LinuxAutoUpdater~Cleanup - Initial cleanup successful"]
[24060][1638060570331][main][info]["GPU detected VID 4318 DID 7817 ACTIVE true"]
[24060][1638060570488][main][info]["Bootstrap-models~bootstrap - Success"]
[24060][1638060570626][main][info]["window-manager~newSharedWindow: Shell loaded"]
[24060][1638060571606][main][info]["Main~AppEvents - Received booted event for process shared"]
[24060][1638060572900][main][info]["UpdateHandler~app-update-events - Received event",{"name":"checkForElectronVersionUpdated","namespace":"appUpdate"}]
[24060][1638060572912][main][info]["Main~AppEvents - Received booted event for process scratchpad"]
[24060][1638060574345][main][info]["WindowManager~closeHandler - Closed Window (id: 3 )"]
[24060][1638060574353][main][info]["Quitting app"]
[24833][1638060675704][main][info]["Booting Postman 9.1.3, linux-5.15.5-artix1-1 on x64"]
[24833][1638060675706][main][info]["EventBus~initialize - Success"]
[24833][1638060675708][main][info]["Proxy configuration has not been setup"]
[24833][1638060675709][main][info]["CloudProxyManager~init - Success"]
[24833][1638060675714][main][info]["UpdateHandler~init - Success"]
[24833][1638060675906][main][info]["RuntimeIPCAgent~started: Success"]
[24833][1638060675908][main][info]["LeaderSelection: Initialized successfully"]
[24833][1638060675970][main][info]["LinuxAutoUpdater~Cleanup - Initial cleanup successful"]
[24833][1638060675996][main][info]["GPU detected VID 4318 DID 7817 ACTIVE true"]
[24833][1638060676010][main][info]["Bootstrap-models~bootstrap - Success"]
[24833][1638060676167][main][info]["window-manager~newSharedWindow: Shell loaded"]
[24833][1638060677134][main][info]["Main~AppEvents - Received booted event for process shared"]
[24833][1638060677953][main][info]["WindowManager~closeHandler - Closed Window (id: 3 )"]
[24833][1638060677966][main][info]["Quitting app"]
[17735][1638994429092][main][info]["Booting Postman 9.1.3, linux-5.15.5-artix1-1 on x64"]
[17735][1638994429093][main][info]["EventBus~initialize - Success"]
[17735][1638994429095][main][info]["Proxy configuration has not been setup"]
[17735][1638994429095][main][info]["CloudProxyManager~init - Success"]
[17735][1638994429100][main][info]["UpdateHandler~init - Success"]
[17735][1638994429327][main][info]["RuntimeIPCAgent~started: Success"]
[17735][1638994429330][main][info]["LeaderSelection: Initialized successfully"]
[17735][1638994429427][main][info]["LinuxAutoUpdater~Cleanup - Initial cleanup successful"]
[17735][1638994429439][main][info]["GPU detected VID 4318 DID 7817 ACTIVE true"]
[17735][1638994429523][main][info]["Bootstrap-models~bootstrap - Success"]
[17735][1638994429641][main][info]["window-manager~newSharedWindow: Shell loaded"]
[17735][1638994430524][main][info]["Main~AppEvents - Received booted event for process shared"]
[17735][1638994431167][main][info]["WindowManager~closeHandler - Closed Window (id: 3 )"]
[17735][1638994431174][main][info]["Quitting app"]
[4051][1639001251790][main][info]["Booting Postman 9.1.3, linux-5.15.5-artix1-1 on x64"]
[4051][1639001251792][main][info]["EventBus~initialize - Success"]
[4051][1639001251794][main][info]["Proxy configuration has not been setup"]
[4051][1639001251794][main][info]["CloudProxyManager~init - Success"]
[4051][1639001251799][main][info]["UpdateHandler~init - Success"]
[4051][1639001252060][main][info]["RuntimeIPCAgent~started: Success"]
[4051][1639001252063][main][info]["LeaderSelection: Initialized successfully"]
[4051][1639001252153][main][info]["LinuxAutoUpdater~Cleanup - Initial cleanup successful"]
[4051][1639001252167][main][info]["GPU detected VID 4318 DID 7817 ACTIVE true"]
[4051][1639001252395][main][info]["Bootstrap-models~bootstrap - Success"]
[4051][1639001252551][main][info]["window-manager~newSharedWindow: Shell loaded"]
[4051][1639001253522][main][info]["Main~AppEvents - Received booted event for process shared"]
[4051][1639001254717][main][info]["UpdateHandler~app-update-events - Received event",{"name":"checkForElectronVersionUpdated","namespace":"appUpdate"}]
[4051][1639001254726][main][info]["Main~AppEvents - Received booted event for process scratchpad"]
[4051][1639001257393][main][info]["WindowManager~closeHandler - Closed Window (id: 3 )"]
[4051][1639001257402][main][info]["Quitting app"]
[25702][1639202902852][main][info]["Booting Postman 9.1.3, linux-5.15.5-artix1-1 on x64"]
[25702][1639202902854][main][info]["EventBus~initialize - Success"]
[25702][1639202902857][main][info]["Proxy configuration has not been setup"]
[25702][1639202902857][main][info]["CloudProxyManager~init - Success"]
[25702][1639202902864][main][info]["UpdateHandler~init - Success"]
[25702][1639202903135][main][info]["RuntimeIPCAgent~started: Success"]
[25702][1639202903138][main][info]["LeaderSelection: Initialized successfully"]
[25702][1639202903243][main][info]["LinuxAutoUpdater~Cleanup - Initial cleanup successful"]
[25702][1639202903257][main][info]["GPU detected VID 4318 DID 7817 ACTIVE true"]
[25702][1639202903342][main][info]["Bootstrap-models~bootstrap - Success"]
[25702][1639202903487][main][info]["window-manager~newSharedWindow: Shell loaded"]
[25702][1639202904473][main][info]["Main~AppEvents - Received booted event for process shared"]
[25702][1639202905768][main][info]["UpdateHandler~app-update-events - Received event",{"name":"checkForElectronVersionUpdated","namespace":"appUpdate"}]
[25702][1639202905780][main][info]["Main~AppEvents - Received booted event for process scratchpad"]
[25702][1639202907220][main][info]["WindowManager~closeHandler - Closed Window (id: 3 )"]
[25702][1639202907242][main][info]["Quitting app"]
[2686][1640025519158][main][info]["Booting Postman 9.1.3, linux-5.15.10-artix1-1 on x64"]
[2686][1640025519159][main][info]["EventBus~initialize - Success"]
[2686][1640025519161][main][info]["Proxy configuration has not been setup"]
[2686][1640025519161][main][info]["CloudProxyManager~init - Success"]
[2686][1640025519166][main][info]["UpdateHandler~init - Success"]
[2686][1640025519401][main][info]["RuntimeIPCAgent~started: Success"]
[2686][1640025519404][main][info]["LeaderSelection: Initialized successfully"]
[2686][1640025519480][main][info]["LinuxAutoUpdater~Cleanup - Initial cleanup successful"]
[2686][1640025519495][main][info]["GPU detected VID 4318 DID 7817 ACTIVE true"]
[2686][1640025519652][main][info]["Bootstrap-models~bootstrap - Success"]
[2686][1640025519794][main][info]["window-manager~newSharedWindow: Shell loaded"]
[2686][1640025520677][main][info]["Main~AppEvents - Received booted event for process shared"]
[2686][1640025521858][main][info]["UpdateHandler~app-update-events - Received event",{"name":"checkForElectronVersionUpdated","namespace":"appUpdate"}]
[2686][1640025521867][main][info]["Main~AppEvents - Received booted event for process scratchpad"]
[2686][1640025524749][main][info]["WindowManager~closeHandler - Closed Window (id: 3 )"]
[2686][1640025524765][main][info]["Quitting app"]
[12364][1642809296923][main][info]["Booting Postman 9.1.3, linux-5.16.1-artix1-1 on x64"]
[12364][1642809296925][main][info]["EventBus~initialize - Success"]
[12364][1642809296927][main][info]["Proxy configuration has not been setup"]
[12364][1642809296928][main][info]["CloudProxyManager~init - Success"]
[12364][1642809296932][main][info]["UpdateHandler~init - Success"]
[12364][1642809297168][main][info]["RuntimeIPCAgent~started: Success"]
[12364][1642809297171][main][info]["LeaderSelection: Initialized successfully"]
[12364][1642809297265][main][info]["LinuxAutoUpdater~Cleanup - Initial cleanup successful"]
[12364][1642809297279][main][info]["GPU detected VID 4318 DID 7817 ACTIVE true"]
[12364][1642809297293][main][info]["Bootstrap-models~bootstrap - Success"]
[12364][1642809297439][main][info]["window-manager~newSharedWindow: Shell loaded"]
[12364][1642809298322][main][info]["Main~AppEvents - Received booted event for process shared"]
[12364][1642809299495][main][info]["UpdateHandler~app-update-events - Received event",{"name":"checkForElectronVersionUpdated","namespace":"appUpdate"}]
[12364][1642809299508][main][info]["Main~AppEvents - Received booted event for process scratchpad"]
[12364][1642809301048][main][info]["WindowManager~closeHandler - Closed Window (id: 3 )"]
[12364][1642809301057][main][info]["Quitting app"]
[14131][1644961963369][main][info]["Booting Postman 9.1.3, linux-5.16.8-artix1-2 on x64"]
[14131][1644961963371][main][info]["EventBus~initialize - Success"]
[14131][1644961963373][main][info]["Proxy configuration has not been setup"]
[14131][1644961963373][main][info]["CloudProxyManager~init - Success"]
[14131][1644961963377][main][info]["UpdateHandler~init - Success"]
[14131][1644961963627][main][info]["RuntimeIPCAgent~started: Success"]
[14131][1644961963630][main][info]["LeaderSelection: Initialized successfully"]
[14131][1644961963705][main][info]["LinuxAutoUpdater~Cleanup - Initial cleanup successful"]
[14131][1644961963722][main][info]["GPU detected VID 4318 DID 7817 ACTIVE true"]
[14131][1644961963810][main][info]["Bootstrap-models~bootstrap - Success"]
[14131][1644961963940][main][info]["window-manager~newSharedWindow: Shell loaded"]
[14131][1644961964852][main][info]["Main~AppEvents - Received booted event for process shared"]
[14131][1644961966039][main][info]["UpdateHandler~app-update-events - Received event",{"name":"checkForElectronVersionUpdated","namespace":"appUpdate"}]
[14131][1644961966050][main][info]["Main~AppEvents - Received booted event for process scratchpad"]
[14131][1644961967722][main][info]["WindowManager~closeHandler - Closed Window (id: 3 )"]
[14131][1644961967730][main][info]["Quitting app"]
[25850][1646321248607][main][info]["Booting Postman 9.1.3, linux-5.16.10-artix1-1 on x64"]
[25850][1646321248609][main][info]["EventBus~initialize - Success"]
[25850][1646321248611][main][info]["Proxy configuration has not been setup"]
[25850][1646321248611][main][info]["CloudProxyManager~init - Success"]
[25850][1646321248616][main][info]["UpdateHandler~init - Success"]
[25850][1646321248877][main][info]["RuntimeIPCAgent~started: Success"]
[25850][1646321248880][main][info]["LeaderSelection: Initialized successfully"]
[25850][1646321248961][main][info]["LinuxAutoUpdater~Cleanup - Initial cleanup successful"]
[25850][1646321248981][main][info]["GPU detected VID 4318 DID 7817 ACTIVE true"]
[25850][1646321249063][main][info]["Bootstrap-models~bootstrap - Success"]
[25850][1646321249199][main][info]["window-manager~newSharedWindow: Shell loaded"]
[25850][1646321250183][main][info]["Main~AppEvents - Received booted event for process shared"]
[25850][1646321251498][main][info]["UpdateHandler~app-update-events - Received event",{"name":"checkForElectronVersionUpdated","namespace":"appUpdate"}]
[25850][1646321251509][main][info]["Main~AppEvents - Received booted event for process scratchpad"]
[25850][1646321260896][main][info]["WindowManager~closeHandler - Closed Window (id: 3 )"]
[25850][1646321260908][main][info]["Quitting app"]
[5834][1647186229555][main][info]["Booting Postman 9.1.3, linux-5.16.14-zen1-1-zen on x64"]
[5834][1647186229557][main][info]["EventBus~initialize - Success"]
[5834][1647186229562][main][info]["Proxy configuration has not been setup"]
[5834][1647186229562][main][info]["CloudProxyManager~init - Success"]
[5834][1647186229567][main][info]["UpdateHandler~init - Success"]
[5834][1647186229834][main][info]["RuntimeIPCAgent~started: Success"]
[5834][1647186229837][main][info]["LeaderSelection: Initialized successfully"]
[5834][1647186230141][main][info]["LinuxAutoUpdater~Cleanup - Initial cleanup successful"]
[5834][1647186230178][main][info]["GPU detected VID 4318 DID 7817 ACTIVE true"]
[5834][1647186230371][main][info]["Bootstrap-models~bootstrap - Success"]
[5834][1647186230431][main][info]["window-manager~newSharedWindow: Shell loaded"]
[5834][1647186231460][main][info]["Main~AppEvents - Received booted event for process shared"]
[5834][1647186232746][main][info]["UpdateHandler~app-update-events - Received event",{"name":"checkForElectronVersionUpdated","namespace":"appUpdate"}]
[5834][1647186232760][main][info]["Main~AppEvents - Received booted event for process scratchpad"]
[5834][1647186234770][main][info]["WindowManager~closeHandler - Closed Window (id: 3 )"]
[5834][1647186234781][main][info]["Quitting app"]
[10343][1649214135696][main][info]["Booting Postman 9.1.3, linux-5.17.1-zen1-1-zen on x64"]
[10343][1649214135698][main][info]["EventBus~initialize - Success"]
[10343][1649214135700][main][info]["Proxy configuration has not been setup"]
[10343][1649214135701][main][info]["CloudProxyManager~init - Success"]
[10343][1649214135706][main][info]["UpdateHandler~init - Success"]
[10343][1649214135984][main][info]["RuntimeIPCAgent~started: Success"]
[10343][1649214135987][main][info]["LeaderSelection: Initialized successfully"]
[10343][1649214136176][main][info]["LinuxAutoUpdater~Cleanup - Initial cleanup successful"]
[10343][1649214136304][main][info]["GPU detected VID 4318 DID 7817 ACTIVE true"]
[10343][1649214136340][main][info]["Bootstrap-models~bootstrap - Success"]
[10343][1649214136413][main][info]["window-manager~newSharedWindow: Shell loaded"]
[10343][1649214137409][main][info]["Main~AppEvents - Received booted event for process shared"]
[10343][1649214138686][main][info]["UpdateHandler~app-update-events - Received event",{"name":"checkForElectronVersionUpdated","namespace":"appUpdate"}]
[10343][1649214138696][main][info]["Main~AppEvents - Received booted event for process scratchpad"]
[10343][1649214140100][main][info]["WindowManager~closeHandler - Closed Window (id: 3 )"]
[10343][1649214140108][main][info]["Quitting app"]
[2333][1649217394397][main][info]["Booting Postman 9.1.3, linux-5.17.1-zen1-1-zen on x64"]
[2333][1649217394399][main][info]["EventBus~initialize - Success"]
[2333][1649217394401][main][info]["Proxy configuration has not been setup"]
[2333][1649217394401][main][info]["CloudProxyManager~init - Success"]
[2333][1649217394407][main][info]["UpdateHandler~init - Success"]
[2333][1649217394681][main][info]["RuntimeIPCAgent~started: Success"]
[2333][1649217394684][main][info]["LeaderSelection: Initialized successfully"]
[2333][1649217394929][main][info]["LinuxAutoUpdater~Cleanup - Initial cleanup successful"]
[2333][1649217395083][main][info]["GPU detected VID 4318 DID 7817 ACTIVE true"]
[2333][1649217395095][main][info]["Bootstrap-models~bootstrap - Success"]
[2333][1649217395212][main][info]["window-manager~newSharedWindow: Shell loaded"]
[2333][1649217396193][main][info]["Main~AppEvents - Received booted event for process shared"]
[2333][1649217397469][main][info]["UpdateHandler~app-update-events - Received event",{"name":"checkForElectronVersionUpdated","namespace":"appUpdate"}]
[2333][1649217397482][main][info]["Main~AppEvents - Received booted event for process scratchpad"]
[2333][1649217399686][main][info]["WindowManager~closeHandler - Closed Window (id: 3 )"]
[2333][1649217399695][main][info]["Quitting app"]
[11853][1649248929805][main][info]["Booting Postman 9.1.3, linux-5.17.1-zen1-1-zen on x64"]
[11853][1649248929807][main][info]["EventBus~initialize - Success"]
[11853][1649248929808][main][info]["Proxy configuration has not been setup"]
[11853][1649248929808][main][info]["CloudProxyManager~init - Success"]
[11853][1649248929814][main][info]["UpdateHandler~init - Success"]
[11853][1649248930094][main][info]["RuntimeIPCAgent~started: Success"]
[11853][1649248930097][main][info]["LeaderSelection: Initialized successfully"]
[11853][1649248930461][main][info]["LinuxAutoUpdater~Cleanup - Initial cleanup successful"]
[11853][1649248930619][main][info]["GPU detected VID 4318 DID 7817 ACTIVE true"]
[11853][1649248930677][main][info]["Bootstrap-models~bootstrap - Success"]
[11853][1649248930741][main][info]["window-manager~newSharedWindow: Shell loaded"]
[11853][1649248931764][main][info]["Main~AppEvents - Received booted event for process shared"]
[11853][1649248933056][main][info]["UpdateHandler~app-update-events - Received event",{"name":"checkForElectronVersionUpdated","namespace":"appUpdate"}]
[11853][1649248933068][main][info]["Main~AppEvents - Received booted event for process scratchpad"]
[11853][1649248935189][main][info]["WindowManager~closeHandler - Closed Window (id: 3 )"]
[11853][1649248935198][main][info]["Quitting app"]
[19863][1649256125517][main][info]["Booting Postman 9.1.3, linux-5.17.1-zen1-1-zen on x64"]
[19863][1649256125518][main][info]["EventBus~initialize - Success"]
[19863][1649256125521][main][info]["Proxy configuration has not been setup"]
[19863][1649256125521][main][info]["CloudProxyManager~init - Success"]
[19863][1649256125526][main][info]["UpdateHandler~init - Success"]
[19863][1649256125702][main][info]["RuntimeIPCAgent~started: Success"]
[19863][1649256125705][main][info]["LeaderSelection: Initialized successfully"]
[19863][1649256125749][main][info]["LinuxAutoUpdater~Cleanup - Initial cleanup successful"]
[19863][1649256125765][main][info]["GPU detected VID 4318 DID 7817 ACTIVE true"]
[19863][1649256125818][main][info]["Bootstrap-models~bootstrap - Success"]
[19863][1649256125882][main][info]["window-manager~newSharedWindow: Shell loaded"]
[19863][1649256126755][main][info]["Main~AppEvents - Received booted event for process shared"]
[19863][1649256127922][main][info]["UpdateHandler~app-update-events - Received event",{"name":"checkForElectronVersionUpdated","namespace":"appUpdate"}]
[19863][1649256127932][main][info]["Main~AppEvents - Received booted event for process scratchpad"]
[19863][1649256129668][main][info]["WindowManager~closeHandler - Closed Window (id: 3 )"]
[19863][1649256129683][main][info]["Quitting app"]
[15691][1649286469641][main][info]["Booting Postman 9.1.3, linux-5.17.1-zen1-1-zen on x64"]
[15691][1649286469643][main][info]["EventBus~initialize - Success"]
[15691][1649286469645][main][info]["Proxy configuration has not been setup"]
[15691][1649286469646][main][info]["CloudProxyManager~init - Success"]
[15691][1649286469651][main][info]["UpdateHandler~init - Success"]
[15691][1649286469952][main][info]["RuntimeIPCAgent~started: Success"]
[15691][1649286469956][main][info]["LeaderSelection: Initialized successfully"]
[15691][1649286470208][main][info]["LinuxAutoUpdater~Cleanup - Initial cleanup successful"]
[15691][1649286470351][main][info]["GPU detected VID 4318 DID 7817 ACTIVE true"]
[15691][1649286470363][main][info]["Bootstrap-models~bootstrap - Success"]
[15691][1649286470481][main][info]["window-manager~newSharedWindow: Shell loaded"]
[15691][1649286471468][main][info]["Main~AppEvents - Received booted event for process shared"]
[15691][1649286472815][main][info]["UpdateHandler~app-update-events - Received event",{"name":"checkForElectronVersionUpdated","namespace":"appUpdate"}]
[15691][1649286472825][main][info]["Main~AppEvents - Received booted event for process scratchpad"]
[15691][1649286475169][main][info]["WindowManager~closeHandler - Closed Window (id: 3 )"]
[15691][1649286475179][main][info]["Quitting app"]
[2551][1649438113537][main][info]["Booting Postman 9.1.3, linux-5.17.1-zen1-1-zen on x64"]
[2551][1649438113539][main][info]["EventBus~initialize - Success"]
[2551][1649438113540][main][info]["Proxy configuration has not been setup"]
[2551][1649438113541][main][info]["CloudProxyManager~init - Success"]
[2551][1649438113545][main][info]["UpdateHandler~init - Success"]
[2551][1649438113798][main][info]["RuntimeIPCAgent~started: Success"]
[2551][1649438113801][main][info]["LeaderSelection: Initialized successfully"]
[2551][1649438114026][main][info]["LinuxAutoUpdater~Cleanup - Initial cleanup successful"]
[2551][1649438114105][main][info]["GPU detected VID 4318 DID 7817 ACTIVE true"]
[2551][1649438114115][main][info]["Bootstrap-models~bootstrap - Success"]
[2551][1649438114217][main][info]["window-manager~newSharedWindow: Shell loaded"]
[2551][1649438115075][main][info]["Main~AppEvents - Received booted event for process shared"]
[2551][1649438116218][main][info]["UpdateHandler~app-update-events - Received event",{"name":"checkForElectronVersionUpdated","namespace":"appUpdate"}]
[2551][1649438116228][main][info]["Main~AppEvents - Received booted event for process scratchpad"]
[2551][1649438117957][main][info]["WindowManager~closeHandler - Closed Window (id: 3 )"]
[2551][1649438117966][main][info]["Quitting app"]
[12226][1649545847162][main][info]["Booting Postman 9.1.3, linux-5.17.1-zen1-1-zen on x64"]
[12226][1649545847164][main][info]["EventBus~initialize - Success"]
[12226][1649545847166][main][info]["Proxy configuration has not been setup"]
[12226][1649545847166][main][info]["CloudProxyManager~init - Success"]
[12226][1649545847171][main][info]["UpdateHandler~init - Success"]
[12226][1649545847458][main][info]["RuntimeIPCAgent~started: Success"]
[12226][1649545847461][main][info]["LeaderSelection: Initialized successfully"]
[12226][1649545847729][main][info]["LinuxAutoUpdater~Cleanup - Initial cleanup successful"]
[12226][1649545847845][main][info]["GPU detected VID 4318 DID 7817 ACTIVE true"]
[12226][1649545847857][main][info]["Bootstrap-models~bootstrap - Success"]
[12226][1649545847976][main][info]["window-manager~newSharedWindow: Shell loaded"]
[12226][1649545848939][main][info]["Main~AppEvents - Received booted event for process shared"]
[12226][1649545850084][main][info]["UpdateHandler~app-update-events - Received event",{"name":"checkForElectronVersionUpdated","namespace":"appUpdate"}]
[12226][1649545850093][main][info]["Main~AppEvents - Received booted event for process scratchpad"]
[12226][1649545851382][main][info]["WindowManager~closeHandler - Closed Window (id: 3 )"]
[12226][1649545851389][main][info]["Quitting app"]
[25922][1649698350229][main][info]["Booting Postman 9.1.3, linux-5.17.1-zen1-1-zen on x64"]
[25922][1649698350231][main][info]["EventBus~initialize - Success"]
[25922][1649698350233][main][info]["Proxy configuration has not been setup"]
[25922][1649698350234][main][info]["CloudProxyManager~init - Success"]
[25922][1649698350239][main][info]["UpdateHandler~init - Success"]
[25922][1649698350511][main][info]["RuntimeIPCAgent~started: Success"]
[25922][1649698350514][main][info]["LeaderSelection: Initialized successfully"]
[25922][1649698350761][main][info]["LinuxAutoUpdater~Cleanup - Initial cleanup successful"]
[25922][1649698350836][main][info]["GPU detected VID 4318 DID 7817 ACTIVE true"]
[25922][1649698350847][main][info]["Bootstrap-models~bootstrap - Success"]
[25922][1649698350958][main][info]["window-manager~newSharedWindow: Shell loaded"]
[25922][1649698351938][main][info]["Main~AppEvents - Received booted event for process shared"]
[25922][1649698353197][main][info]["UpdateHandler~app-update-events - Received event",{"name":"checkForElectronVersionUpdated","namespace":"appUpdate"}]
[25922][1649698353207][main][info]["Main~AppEvents - Received booted event for process scratchpad"]
[25922][1649698354120][main][info]["WindowManager~closeHandler - Closed Window (id: 3 )"]
[25922][1649698354130][main][info]["Quitting app"]
[4360][1649717022870][main][info]["Booting Postman 9.1.3, linux-5.17.1-zen1-1-zen on x64"]
[4360][1649717022872][main][info]["EventBus~initialize - Success"]
[4360][1649717022873][main][info]["Proxy configuration has not been setup"]
[4360][1649717022873][main][info]["CloudProxyManager~init - Success"]
[4360][1649717022879][main][info]["UpdateHandler~init - Success"]
[4360][1649717023155][main][info]["RuntimeIPCAgent~started: Success"]
[4360][1649717023158][main][info]["LeaderSelection: Initialized successfully"]
[4360][1649717023349][main][info]["LinuxAutoUpdater~Cleanup - Initial cleanup successful"]
[4360][1649717023539][main][info]["GPU detected VID 4318 DID 7817 ACTIVE true"]
[4360][1649717023555][main][info]["Bootstrap-models~bootstrap - Success"]
[4360][1649717023643][main][info]["window-manager~newSharedWindow: Shell loaded"]
[4360][1649717024614][main][info]["Main~AppEvents - Received booted event for process shared"]
[4360][1649717025886][main][info]["UpdateHandler~app-update-events - Received event",{"name":"checkForElectronVersionUpdated","namespace":"appUpdate"}]
[4360][1649717025898][main][info]["Main~AppEvents - Received booted event for process scratchpad"]
[4360][1649717027438][main][info]["WindowManager~closeHandler - Closed Window (id: 3 )"]
[4360][1649717027448][main][info]["Quitting app"]
[4793][1649778735452][main][info]["Booting Postman 9.1.3, linux-5.17.1-zen1-1-zen on x64"]
[4793][1649778735455][main][info]["EventBus~initialize - Success"]
[4793][1649778735457][main][info]["Proxy configuration has not been setup"]
[4793][1649778735458][main][info]["CloudProxyManager~init - Success"]
[4793][1649778735463][main][info]["UpdateHandler~init - Success"]
[4793][1649778735725][main][info]["RuntimeIPCAgent~started: Success"]
[4793][1649778735727][main][info]["LeaderSelection: Initialized successfully"]
[4793][1649778735961][main][info]["LinuxAutoUpdater~Cleanup - Initial cleanup successful"]
[4793][1649778736137][main][info]["GPU detected VID 4318 DID 7817 ACTIVE true"]
[4793][1649778736152][main][info]["Bootstrap-models~bootstrap - Success"]
[4793][1649778736265][main][info]["window-manager~newSharedWindow: Shell loaded"]
[4793][1649778737229][main][info]["Main~AppEvents - Received booted event for process shared"]
[4793][1649778738480][main][info]["UpdateHandler~app-update-events - Received event",{"name":"checkForElectronVersionUpdated","namespace":"appUpdate"}]
[4793][1649778738490][main][info]["Main~AppEvents - Received booted event for process scratchpad"]
[4793][1649778739975][main][info]["WindowManager~closeHandler - Closed Window (id: 3 )"]
[4793][1649778739983][main][info]["Quitting app"]
[3814][1649946222665][main][info]["Booting Postman 9.15.2, linux-5.17.2-zen3-1-zen on x64"]
[3814][1649946222668][main][info]["EventBus~initialize - Success"]
[3814][1649946222669][main][info]["Proxy configuration has not been setup"]
[3814][1649946222669][main][info]["CloudProxyManager~init - Success"]
[3814][1649946222674][main][info]["UpdateHandler~init - Success"]
[3814][1649946222920][main][info]["RuntimeIPCAgent~started: Success"]
[3814][1649946222921][main][info]["LinuxAutoUpdater~Cleanup - Initial cleanup successful"]
[3814][1649946222922][main][info]["LeaderSelection: Initialized successfully"]
[3814][1649946222923][main][info]["VersionDependencyService: Initialized successfully"]
[3814][1649946222940][main][info]["GPU detected VID 4318 DID 7817 ACTIVE true"]
[3814][1649946222950][main][info]["Bootstrap-models~bootstrap - Success"]
[3814][1649946224321][main][info]["UpdateHandler~app-update-events - Received event",{"name":"checkForElectronVersionUpdated","namespace":"appUpdate"}]
[3814][1649946224322][main][info]["@postman/app-updater: version Updated","9.1.3","9.15.2"]
[3814][1649946224323][main][info]["UpdateHandler~app-update-events - Received event",{"name":"electronVersionUpdated","namespace":"appUpdate","data":{"lastKnownVersion":"9.1.3","currentVersion":"9.15.2"}}]
[3814][1649946224333][main][info]["windowManager: First requester booted successfully."]
[3814][1649946224334][main][info]["windowManager~restoreWindows: Restoring requester windows"]
[3814][1649946224334][main][info]["Main~AppEvents - Received booted event for process requester.Version undefined UI Version: undefined Desktop Platform Version: 9.15.2"]
[3814][1649946227054][main][info]["WindowManager~closeHandler - Closed Window (id: 1 )"]
[3814][1649946227064][main][info]["Quitting app"]
[19270][1650059560876][main][info]["Booting Postman 9.15.2, linux-5.17.2-zen3-1-zen on x64"]
[19270][1650059560878][main][info]["EventBus~initialize - Success"]
[19270][1650059560879][main][info]["Proxy configuration has not been setup"]
[19270][1650059560879][main][info]["CloudProxyManager~init - Success"]
[19270][1650059560885][main][info]["UpdateHandler~init - Success"]
[19270][1650059561271][main][info]["RuntimeIPCAgent~started: Success"]
[19270][1650059561272][main][info]["LinuxAutoUpdater~Cleanup - Initial cleanup successful"]
[19270][1650059561273][main][info]["LeaderSelection: Initialized successfully"]
[19270][1650059561274][main][info]["VersionDependencyService: Initialized successfully"]
[19270][1650059561334][main][info]["GPU detected VID 4318 DID 7817 ACTIVE true"]
[19270][1650059561364][main][info]["Bootstrap-models~bootstrap - Success"]
[19270][1650059562847][main][info]["UpdateHandler~app-update-events - Received event",{"name":"checkForElectronVersionUpdated","namespace":"appUpdate"}]
[19270][1650059562857][main][info]["windowManager: First requester booted successfully."]
[19270][1650059562857][main][info]["windowManager~restoreWindows: Restoring requester windows"]
[19270][1650059562857][main][info]["Main~AppEvents - Received booted event for process requester.Version undefined UI Version: undefined Desktop Platform Version: 9.15.2"]
[19270][1650059565639][main][info]["WindowManager~closeHandler - Closed Window (id: 1 )"]
[19270][1650059565646][main][info]["Quitting app"]
[5127][1651630346370][main][info]["Booting Postman 9.16.0, linux-5.17.5-zen1-1-zen on x64"]
[5127][1651630346372][main][info]["EventBus~initialize - Success"]
[5127][1651630346374][main][info]["Proxy configuration has not been setup"]
[5127][1651630346374][main][info]["CloudProxyManager~init - Success"]
[5127][1651630346380][main][info]["UpdateHandler~init - Success"]
[5127][1651630346381][main][info]["LeaderSelection: Initialized successfully"]
[5127][1651630346382][main][info]["VersionDependencyService: Initialized successfully"]
[5127][1651630346393][main][info]["LinuxAutoUpdater~Cleanup - Initial cleanup successful"]
[5127][1651630346413][main][info]["GPU detected VID 4318 DID 7817 ACTIVE true"]
[5127][1651630346442][main][info]["Bootstrap-models~bootstrap - Success"]
[5127][1651630346915][main][info]["RuntimeIPCAgent~started: Success"]
[5127][1651630347912][main][info]["UpdateHandler~app-update-events - Received event",{"name":"checkForElectronVersionUpdated","namespace":"appUpdate"}]
[5127][1651630347914][main][info]["@postman/app-updater: version Updated","9.15.2","9.16.0"]
[5127][1651630347914][main][info]["UpdateHandler~app-update-events - Received event",{"name":"electronVersionUpdated","namespace":"appUpdate","data":{"lastKnownVersion":"9.15.2","currentVersion":"9.16.0"}}]
[5127][1651630347921][main][info]["windowManager: First requester booted successfully."]
[5127][1651630347921][main][info]["windowManager~restoreWindows: Restoring requester windows"]
[5127][1651630347921][main][info]["Main~AppEvents - Received booted event for process requester.Version undefined UI Version: undefined Desktop Platform Version: 9.16.0"]
[5127][1651630350668][main][info]["WindowManager~closeHandler - Closed Window (id: 1 )"]
[5127][1651630350682][main][info]["Quitting app"]
[5367][1651630361827][main][info]["Booting Postman 9.16.0, linux-5.17.5-zen1-1-zen on x64"]
[5367][1651630361830][main][info]["EventBus~initialize - Success"]
[5367][1651630361831][main][info]["Proxy configuration has not been setup"]
[5367][1651630361832][main][info]["CloudProxyManager~init - Success"]
[5367][1651630361837][main][info]["UpdateHandler~init - Success"]
[5367][1651630361838][main][info]["LeaderSelection: Initialized successfully"]
[5367][1651630361839][main][info]["VersionDependencyService: Initialized successfully"]
[5367][1651630361848][main][info]["LinuxAutoUpdater~Cleanup - Initial cleanup successful"]
[5367][1651630361855][main][info]["GPU detected VID 4318 DID 7817 ACTIVE true"]
[5367][1651630361904][main][info]["Bootstrap-models~bootstrap - Success"]
[5367][1651630362280][main][info]["RuntimeIPCAgent~started: Success"]
[5367][1651630363262][main][info]["UpdateHandler~app-update-events - Received event",{"name":"checkForElectronVersionUpdated","namespace":"appUpdate"}]
[5367][1651630363271][main][info]["windowManager: First requester booted successfully."]
[5367][1651630363271][main][info]["windowManager~restoreWindows: Restoring requester windows"]
[5367][1651630363271][main][info]["Main~AppEvents - Received booted event for process requester.Version undefined UI Version: undefined Desktop Platform Version: 9.16.0"]
[5367][1651630365940][main][info]["WindowManager~closeHandler - Closed Window (id: 1 )"]
[5367][1651630365947][main][info]["Quitting app"]
[6837][1652055857317][main][info]["Booting Postman 9.16.0, linux-5.17.5-zen1-1-zen on x64"]
[6837][1652055857319][main][info]["EventBus~initialize - Success"]
[6837][1652055857327][main][info]["Proxy configuration has not been setup"]
[6837][1652055857327][main][info]["CloudProxyManager~init - Success"]
[6837][1652055857333][main][info]["UpdateHandler~init - Success"]
[6837][1652055857335][main][info]["LeaderSelection: Initialized successfully"]
[6837][1652055857335][main][info]["VersionDependencyService: Initialized successfully"]
[6837][1652055857347][main][info]["LinuxAutoUpdater~Cleanup - Initial cleanup successful"]
[6837][1652055857359][main][info]["GPU detected VID 4318 DID 7817 ACTIVE true"]
[6837][1652055857367][main][info]["Bootstrap-models~bootstrap - Success"]
[6837][1652055858296][main][info]["RuntimeIPCAgent~started: Success"]
[6837][1652055859421][main][info]["UpdateHandler~app-update-events - Received event",{"name":"checkForElectronVersionUpdated","namespace":"appUpdate"}]
[6837][1652055859430][main][info]["windowManager: First requester booted successfully."]
[6837][1652055859431][main][info]["windowManager~restoreWindows: Restoring requester windows"]
[6837][1652055859431][main][info]["Main~AppEvents - Received booted event for process requester.Version undefined UI Version: undefined Desktop Platform Version: 9.16.0"]
[6837][1652055860843][main][info]["WindowManager~closeHandler - Closed Window (id: 1 )"]
[6837][1652055860849][main][info]["Quitting app"]
[3365][1652975891309][main][info]["Booting Postman 9.16.0, linux-5.17.8-zen1-1-zen on x64"]
[3365][1652975891311][main][info]["EventBus~initialize - Success"]
[3365][1652975891313][main][info]["Proxy configuration has not been setup"]
[3365][1652975891314][main][info]["CloudProxyManager~init - Success"]
[3365][1652975891319][main][info]["UpdateHandler~init - Success"]
[3365][1652975891321][main][info]["LeaderSelection: Initialized successfully"]
[3365][1652975891322][main][info]["VersionDependencyService: Initialized successfully"]
[3365][1652975891333][main][info]["LinuxAutoUpdater~Cleanup - Initial cleanup successful"]
[3365][1652975891341][main][info]["GPU detected VID 4318 DID 7817 ACTIVE true"]
[3365][1652975891349][main][info]["Bootstrap-models~bootstrap - Success"]
[3365][1652975892211][main][info]["RuntimeIPCAgent~started: Success"]
[3365][1652975893342][main][info]["UpdateHandler~app-update-events - Received event",{"name":"checkForElectronVersionUpdated","namespace":"appUpdate"}]
[3365][1652975893355][main][info]["windowManager: First requester booted successfully."]
[3365][1652975893355][main][info]["windowManager~restoreWindows: Restoring requester windows"]
[3365][1652975893356][main][info]["Main~AppEvents - Received booted event for process requester.Version undefined UI Version: undefined Desktop Platform Version: 9.16.0"]
[3365][1652975895564][main][info]["WindowManager~closeHandler - Closed Window (id: 1 )"]
[3365][1652975895574][main][info]["Quitting app"]
[19156][1653065542404][main][info]["Booting Postman 9.16.0, linux-5.17.9-zen1-1-zen on x64"]
[19156][1653065542407][main][info]["EventBus~initialize - Success"]
[19156][1653065542408][main][info]["Proxy configuration has not been setup"]
[19156][1653065542408][main][info]["CloudProxyManager~init - Success"]
[19156][1653065542414][main][info]["UpdateHandler~init - Success"]
[19156][1653065542416][main][info]["LeaderSelection: Initialized successfully"]
[19156][1653065542416][main][info]["VersionDependencyService: Initialized successfully"]
[19156][1653065542456][main][info]["LinuxAutoUpdater~Cleanup - Initial cleanup successful"]
[19156][1653065542468][main][info]["GPU detected VID 4318 DID 7817 ACTIVE true"]
[19156][1653065542477][main][info]["Bootstrap-models~bootstrap - Success"]
[19156][1653065543138][main][info]["RuntimeIPCAgent~started: Success"]
[19156][1653065544288][main][info]["UpdateHandler~app-update-events - Received event",{"name":"checkForElectronVersionUpdated","namespace":"appUpdate"}]
[19156][1653065544302][main][info]["windowManager: First requester booted successfully."]
[19156][1653065544302][main][info]["windowManager~restoreWindows: Restoring requester windows"]
[19156][1653065544302][main][info]["Main~AppEvents - Received booted event for process requester.Version undefined UI Version: undefined Desktop Platform Version: 9.16.0"]
[19156][1653065545728][main][info]["WindowManager~closeHandler - Closed Window (id: 1 )"]
[19156][1653065545733][main][info]["Quitting app"]
[19399][1653065551228][main][info]["Booting Postman 9.16.0, linux-5.17.9-zen1-1-zen on x64"]
[19399][1653065551229][main][info]["EventBus~initialize - Success"]
[19399][1653065551230][main][info]["Proxy configuration has not been setup"]
[19399][1653065551231][main][info]["CloudProxyManager~init - Success"]
[19399][1653065551236][main][info]["UpdateHandler~init - Success"]
[19399][1653065551237][main][info]["LeaderSelection: Initialized successfully"]
[19399][1653065551238][main][info]["VersionDependencyService: Initialized successfully"]
[19399][1653065551247][main][info]["LinuxAutoUpdater~Cleanup - Initial cleanup successful"]
[19399][1653065551258][main][info]["GPU detected VID 4318 DID 7817 ACTIVE true"]
[19399][1653065551306][main][info]["Bootstrap-models~bootstrap - Success"]
[19399][1653065551685][main][info]["RuntimeIPCAgent~started: Success"]
[19399][1653065552674][main][info]["UpdateHandler~app-update-events - Received event",{"name":"checkForElectronVersionUpdated","namespace":"appUpdate"}]
[19399][1653065552683][main][info]["windowManager: First requester booted successfully."]
[19399][1653065552683][main][info]["windowManager~restoreWindows: Restoring requester windows"]
[19399][1653065552683][main][info]["Main~AppEvents - Received booted event for process requester.Version undefined UI Version: undefined Desktop Platform Version: 9.16.0"]
[19399][1653065554584][main][info]["WindowManager~closeHandler - Closed Window (id: 1 )"]
[19399][1653065554593][main][info]["Quitting app"]
[9043][1653146323585][main][info]["Booting Postman 9.19.0, linux-5.17.9-zen1-1-zen on x64"]
[9043][1653146323587][main][info]["EventBus~initialize - Success"]
[9043][1653146323589][main][info]["Proxy configuration has not been setup"]
[9043][1653146323589][main][info]["CloudProxyManager~init - Success"]
[9043][1653146323596][main][info]["UpdateHandler~init - Success"]
[9043][1653146323598][main][info]["LeaderSelection: Initialized successfully"]
[9043][1653146323599][main][info]["VersionDependencyService: Initialized successfully"]
[9043][1653146323607][main][info]["LinuxAutoUpdater~Cleanup - Initial cleanup successful"]
[9043][1653146323617][main][info]["GPU detected VID 4318 DID 7817 ACTIVE true"]
[9043][1653146324236][main][info]["RuntimeIPCAgent~started: Success"]
[9043][1653146325400][main][info]["UpdateHandler~app-update-events - Received event",{"name":"checkForElectronVersionUpdated","namespace":"appUpdate"}]
[9043][1653146325401][main][info]["@postman/app-updater: version Updated","9.16.0","9.19.0"]
[9043][1653146325401][main][info]["UpdateHandler~app-update-events - Received event",{"name":"electronVersionUpdated","namespace":"appUpdate","data":{"lastKnownVersion":"9.16.0","currentVersion":"9.19.0"}}]
[9043][1653146325412][main][info]["windowManager: First requester booted successfully."]
[9043][1653146325412][main][info]["windowManager~restoreWindows: Restoring requester windows"]
[9043][1653146325412][main][info]["Main~AppEvents - Received booted event for process requester.Version undefined UI Version: undefined Desktop Platform Version: 9.19.0"]
[9043][1653146326683][main][info]["WindowManager~closeHandler - Closed Window (id: 1 )"]
[9043][1653146326704][main][info]["Quitting app"]
[1684][1654573030361][main][info]["Booting Postman 9.19.0, linux-5.18.0-zen1-1-zen on x64"]
[1684][1654573030363][main][info]["EventBus~initialize - Success"]
[1684][1654573030365][main][info]["Proxy configuration has not been setup"]
[1684][1654573030365][main][info]["CloudProxyManager~init - Success"]
[1684][1654573030372][main][info]["UpdateHandler~init - Success"]
[1684][1654573030374][main][info]["LeaderSelection: Initialized successfully"]
[1684][1654573030375][main][info]["VersionDependencyService: Initialized successfully"]
[1684][1654573030382][main][info]["LinuxAutoUpdater~Cleanup - Initial cleanup successful"]
[1684][1654573030444][main][info]["GPU detected VID 4318 DID 7817 ACTIVE true"]
[1684][1654573031321][main][info]["RuntimeIPCAgent~started: Success"]
[1684][1654573032529][main][info]["UpdateHandler~app-update-events - Received event",{"name":"checkForElectronVersionUpdated","namespace":"appUpdate"}]
[1684][1654573032541][main][info]["windowManager: First requester booted successfully."]
[1684][1654573032542][main][info]["windowManager~restoreWindows: Restoring requester windows"]
[1684][1654573032542][main][info]["Main~AppEvents - Received booted event for process requester.Version undefined UI Version: undefined Desktop Platform Version: 9.19.0"]
[1684][1654573034333][main][info]["WindowManager~closeHandler - Closed Window (id: 1 )"]
[1684][1654573034379][main][info]["Quitting app"]
[16719][1654615748760][main][info]["Booting Postman 9.19.0, linux-5.18.0-zen1-1-zen on x64"]
[16719][1654615748762][main][info]["EventBus~initialize - Success"]
[16719][1654615748764][main][info]["Proxy configuration has not been setup"]
[16719][1654615748764][main][info]["CloudProxyManager~init - Success"]
[16719][1654615748770][main][info]["UpdateHandler~init - Success"]
[16719][1654615748771][main][info]["LeaderSelection: Initialized successfully"]
[16719][1654615748772][main][info]["VersionDependencyService: Initialized successfully"]
[16719][1654615748787][main][info]["LinuxAutoUpdater~Cleanup - Initial cleanup successful"]
[16719][1654615748799][main][info]["GPU detected VID 4318 DID 7817 ACTIVE true"]
[16719][1654615749622][main][info]["RuntimeIPCAgent~started: Success"]
[16719][1654615750695][main][info]["UpdateHandler~app-update-events - Received event",{"name":"checkForElectronVersionUpdated","namespace":"appUpdate"}]
[16719][1654615750706][main][info]["windowManager: First requester booted successfully."]
[16719][1654615750706][main][info]["windowManager~restoreWindows: Restoring requester windows"]
[16719][1654615750706][main][info]["Main~AppEvents - Received booted event for process requester.Version undefined UI Version: undefined Desktop Platform Version: 9.19.0"]
[16719][1654615752431][main][info]["WindowManager~closeHandler - Closed Window (id: 1 )"]
[16719][1654615752437][main][info]["Quitting app"]
[3465][1656540552689][main][info]["Booting Postman 9.22.2, linux-5.18.7-zen1-1-zen on x64"]
[3465][1656540552691][main][info]["EventBus~initialize - Success"]
[3465][1656540552693][main][info]["Proxy configuration has not been setup"]
[3465][1656540552694][main][info]["CloudProxyManager~init - Success"]
[3465][1656540552700][main][info]["UpdateHandler~init - Success"]
[3465][1656540552702][main][info]["LeaderSelection: Initialized successfully"]
[3465][1656540552703][main][info]["VersionDependencyService: Initialized successfully"]
[3465][1656540552711][main][info]["LinuxAutoUpdater~Cleanup - Initial cleanup successful"]
[3465][1656540552720][main][info]["GPU detected VID 4318 DID 7817 ACTIVE true"]
[3465][1656540553284][main][info]["RuntimeIPCAgent~started: Success"]
[3465][1656540554293][main][info]["UpdateHandler~app-update-events - Received event",{"name":"checkForElectronVersionUpdated","namespace":"appUpdate"}]
[3465][1656540554295][main][info]["@postman/app-updater: version Updated","9.19.0","9.22.2"]
[3465][1656540554295][main][info]["UpdateHandler~app-update-events - Received event",{"name":"electronVersionUpdated","namespace":"appUpdate","data":{"lastKnownVersion":"9.19.0","currentVersion":"9.22.2"}}]
[3465][1656540554303][main][info]["windowManager: First requester booted successfully."]
[3465][1656540554303][main][info]["windowManager~restoreWindows: Restoring requester windows"]
[3465][1656540554303][main][info]["Main~AppEvents - Received booted event for process requester.Version undefined UI Version: undefined Desktop Platform Version: 9.22.2"]
[3465][1656540555754][main][info]["WindowManager~closeHandler - Closed Window (id: 1 )"]
[3465][1656540555760][main][info]["Quitting app"]
[10099][1658248366621][main][info]["Booting Postman 9.25.0, linux-5.18.12-zen1-1-zen on x64"]
[10099][1658248366624][main][info]["EventBus~initialize - Success"]
[10099][1658248366625][main][info]["Proxy configuration has not been setup"]
[10099][1658248366626][main][info]["CloudProxyManager~init - Success"]
[10099][1658248366632][main][info]["UpdateHandler~init - Success"]
[10099][1658248366634][main][info]["LeaderSelection: Initialized successfully"]
[10099][1658248366634][main][info]["VersionDependencyService: Initialized successfully"]
[10099][1658248366642][main][info]["LinuxAutoUpdater~Cleanup - Initial cleanup successful"]
[10099][1658248366654][main][info]["GPU detected VID 4318 DID 7817 ACTIVE true"]
[10099][1658248367215][main][info]["RuntimeIPCAgent~started: Success"]
[10099][1658248368352][main][info]["UpdateHandler~app-update-events - Received event",{"name":"checkForElectronVersionUpdated","namespace":"appUpdate"}]
[10099][1658248368353][main][info]["@postman/app-updater: version Updated","9.22.2","9.25.0"]
[10099][1658248368354][main][info]["UpdateHandler~app-update-events - Received event",{"name":"electronVersionUpdated","namespace":"appUpdate","data":{"lastKnownVersion":"9.22.2","currentVersion":"9.25.0"}}]
[10099][1658248368363][main][info]["windowManager: First requester booted successfully."]
[10099][1658248368363][main][info]["windowManager~restoreWindows: Restoring requester windows"]
[10099][1658248368363][main][info]["Main~AppEvents - Received booted event for process requester.Version undefined UI Version: undefined Desktop Platform Version: 9.25.0"]
[10099][1658248369484][main][info]["WindowManager~closeHandler - Closed Window (id: 1 )"]
[10099][1658248369495][main][info]["Quitting app"]
[8496][1662746749304][main][info]["Booting Postman 9.31.0, linux-5.19.7-zen2-1-zen on x64"]
[8496][1662746749307][main][info]["EventBus~initialize - Success"]
[8496][1662746749308][main][info]["Proxy configuration has not been setup"]
[8496][1662746749309][main][info]["CloudProxyManager~init - Success"]
[8496][1662746749316][main][info]["UpdateHandler~init - Success"]
[8496][1662746749317][main][info]["LeaderSelection: Initialized successfully"]
[8496][1662746749318][main][info]["VersionDependencyService: Initialized successfully"]
[8496][1662746749326][main][info]["LinuxAutoUpdater~Cleanup - Initial cleanup successful"]
[8496][1662746749335][main][info]["GPU detected VID 4318 DID 7817 ACTIVE true"]
[8496][1662746750073][main][info]["RuntimeIPCAgent~started: Success"]
[8496][1662746751348][main][info]["UpdateHandler~app-update-events - Received event",{"name":"checkForElectronVersionUpdated","namespace":"appUpdate"}]
[8496][1662746751349][main][info]["@postman/app-updater: version Updated","9.25.0","9.31.0"]
[8496][1662746751350][main][info]["UpdateHandler~app-update-events - Received event",{"name":"electronVersionUpdated","namespace":"appUpdate","data":{"lastKnownVersion":"9.25.0","currentVersion":"9.31.0"}}]
[8496][1662746751358][main][info]["windowManager: First requester booted successfully."]
[8496][1662746751359][main][info]["windowManager~restoreWindows: Restoring requester windows"]
[8496][1662746751359][main][info]["Main~AppEvents - Received booted event for process requester.Version undefined UI Version: undefined Desktop Platform Version: 9.31.0"]
[8496][1662746753594][main][info]["WindowManager~closeHandler - Closed Window (id: 1 )"]
[8496][1662746753604][main][info]["Quitting app"]
[30923][1663652228538][main][info]["Booting Postman 9.31.0, linux-5.19.9-zen1-1-zen on x64"]
[30923][1663652228540][main][info]["EventBus~initialize - Success"]
[30923][1663652228541][main][info]["Proxy configuration has not been setup"]
[30923][1663652228542][main][info]["CloudProxyManager~init - Success"]
[30923][1663652228548][main][info]["UpdateHandler~init - Success"]
[30923][1663652228549][main][info]["LeaderSelection: Initialized successfully"]
[30923][1663652228550][main][info]["VersionDependencyService: Initialized successfully"]
[30923][1663652228557][main][info]["LinuxAutoUpdater~Cleanup - Initial cleanup successful"]
[30923][1663652228565][main][info]["GPU detected VID 4318 DID 7817 ACTIVE true"]
[30923][1663652229285][main][info]["RuntimeIPCAgent~started: Success"]
[30923][1663652230435][main][info]["UpdateHandler~app-update-events - Received event",{"name":"checkForElectronVersionUpdated","namespace":"appUpdate"}]
[30923][1663652230443][main][info]["windowManager: First requester booted successfully."]
[30923][1663652230444][main][info]["windowManager~restoreWindows: Restoring requester windows"]
[30923][1663652230444][main][info]["Main~AppEvents - Received booted event for process requester.Version undefined UI Version: undefined Desktop Platform Version: 9.31.0"]
[30923][1663652231800][main][info]["WindowManager~closeHandler - Closed Window (id: 1 )"]
[30923][1663652231809][main][info]["Quitting app"]
[11202][1664998915019][main][info]["Booting Postman 10.0.1, linux-5.19.12-zen1-1-zen on x64"]
[11202][1664998915021][main][info]["EventBus~initialize - Success"]
[11202][1664998915022][main][info]["Proxy configuration has not been setup"]
[11202][1664998915023][main][info]["CloudProxyManager~init - Success"]
[11202][1664998915029][main][info]["UpdateHandler~init - Success"]
[11202][1664998915031][main][info]["LeaderSelection: Initialized successfully"]
[11202][1664998915031][main][info]["VersionDependencyService: Initialized successfully"]
[11202][1664998915038][main][info]["LinuxAutoUpdater~Cleanup - Initial cleanup successful"]
[11202][1664998915047][main][info]["GPU detected VID 4318 DID 7817 ACTIVE true"]
[11202][1664998915543][main][info]["RuntimeIPCAgent~started: Success"]
[11202][1664998916718][main][info]["UpdateHandler~app-update-events - Received event",{"name":"checkForElectronVersionUpdated","namespace":"appUpdate"}]
[11202][1664998916720][main][info]["@postman/app-updater: version Updated","9.31.0","10.0.1"]
[11202][1664998916721][main][info]["UpdateHandler~app-update-events - Received event",{"name":"electronVersionUpdated","namespace":"appUpdate","data":{"lastKnownVersion":"9.31.0","currentVersion":"10.0.1"}}]
[11202][1664998916733][main][info]["windowManager: First requester booted successfully."]
[11202][1664998916733][main][info]["windowManager~restoreWindows: Restoring requester windows"]
[11202][1664998916733][main][info]["Main~AppEvents - Received booted event for process requester.Version undefined UI Version: undefined Desktop Platform Version: 10.0.1"]
[11202][1664998917847][main][info]["WindowManager~closeHandler - Closed Window (id: 1 )"]
[11202][1664998917862][main][info]["Quitting app"]
[11202][1664998917862][main][info]["apiGitDebugLog - ProcessManager~killFileSystemProcess: Killed File System node process"]
[1013][1665869403750][main][info]["Booting Postman 10.0.1, linux-6.0.1-zen1-1-zen on x64"]
[1013][1665869403753][main][info]["EventBus~initialize - Success"]
[1013][1665869403754][main][info]["Proxy configuration has not been setup"]
[1013][1665869403755][main][info]["CloudProxyManager~init - Success"]
[1013][1665869403761][main][info]["UpdateHandler~init - Success"]
[1013][1665869403762][main][info]["LeaderSelection: Initialized successfully"]
[1013][1665869403763][main][info]["VersionDependencyService: Initialized successfully"]
[1013][1665869403769][main][info]["LinuxAutoUpdater~Cleanup - Initial cleanup successful"]
[1013][1665869403778][main][info]["GPU detected VID 4318 DID 7817 ACTIVE true"]
[1013][1665869404637][main][info]["RuntimeIPCAgent~started: Success"]
[1013][1665869405857][main][info]["UpdateHandler~app-update-events - Received event",{"name":"checkForElectronVersionUpdated","namespace":"appUpdate"}]
[1013][1665869405873][main][info]["windowManager: First requester booted successfully."]
[1013][1665869405873][main][info]["windowManager~restoreWindows: Restoring requester windows"]
[1013][1665869405873][main][info]["Main~AppEvents - Received booted event for process requester.Version undefined UI Version: undefined Desktop Platform Version: 10.0.1"]
[1013][1665869442576][main][info]["UpdateHandler~app-update-events - Received event",{"name":"checkForElectronVersionUpdated","namespace":"appUpdate"}]
[1013][1665869442584][main][info]["Main~AppEvents - Received booted event for process requester.Version undefined UI Version: undefined Desktop Platform Version: 10.0.1"]
[1013][1665869443527][main][info]["WindowManager~closeHandler - Closed Window (id: 2 )"]
[1013][1665869924517][main][info]["WindowManager~closeHandler - Closed Window (id: 1 )"]
[1013][1665869924535][main][info]["Quitting app"]
[1013][1665869924535][main][info]["apiGitDebugLog - ProcessManager~killFileSystemProcess: Killed File System node process"]
[4422][1665869927246][main][info]["Booting Postman 10.0.1, linux-6.0.1-zen1-1-zen on x64"]
[4422][1665869927248][main][info]["EventBus~initialize - Success"]
[4422][1665869927249][main][info]["Proxy configuration has not been setup"]
[4422][1665869927250][main][info]["CloudProxyManager~init - Success"]
[4422][1665869927256][main][info]["UpdateHandler~init - Success"]
[4422][1665869927257][main][info]["LeaderSelection: Initialized successfully"]
[4422][1665869927258][main][info]["VersionDependencyService: Initialized successfully"]
[4422][1665869927264][main][info]["LinuxAutoUpdater~Cleanup - Initial cleanup successful"]
[4422][1665869927275][main][info]["GPU detected VID 4318 DID 7817 ACTIVE true"]
[4422][1665869927803][main][info]["RuntimeIPCAgent~started: Success"]
[4422][1665869929002][main][info]["UpdateHandler~app-update-events - Received event",{"name":"checkForElectronVersionUpdated","namespace":"appUpdate"}]
[4422][1665869929015][main][info]["windowManager: First requester booted successfully."]
[4422][1665869929015][main][info]["windowManager~restoreWindows: Restoring requester windows"]
[4422][1665869929015][main][info]["Main~AppEvents - Received booted event for process requester.Version undefined UI Version: undefined Desktop Platform Version: 10.0.1"]
[4422][1665870833044][main][info]["WindowManager~closeHandler - Closed Window (id: 1 )"]
[4422][1665870833083][main][info]["Quitting app"]
[4422][1665870833083][main][info]["apiGitDebugLog - ProcessManager~killFileSystemProcess: Killed File System node process"]
[11780][1665870836133][main][info]["Booting Postman 10.0.1, linux-6.0.1-zen1-1-zen on x64"]
[11780][1665870836135][main][info]["EventBus~initialize - Success"]
[11780][1665870836137][main][info]["Proxy configuration has not been setup"]
[11780][1665870836137][main][info]["CloudProxyManager~init - Success"]
[11780][1665870836144][main][info]["UpdateHandler~init - Success"]
[11780][1665870836145][main][info]["LeaderSelection: Initialized successfully"]
[11780][1665870836146][main][info]["VersionDependencyService: Initialized successfully"]
[11780][1665870836152][main][info]["LinuxAutoUpdater~Cleanup - Initial cleanup successful"]
[11780][1665870836162][main][info]["GPU detected VID 4318 DID 7817 ACTIVE true"]
[11780][1665870836660][main][info]["RuntimeIPCAgent~started: Success"]
[11780][1665870837853][main][info]["UpdateHandler~app-update-events - Received event",{"name":"checkForElectronVersionUpdated","namespace":"appUpdate"}]
[11780][1665870837861][main][info]["windowManager: First requester booted successfully."]
[11780][1665870837861][main][info]["windowManager~restoreWindows: Restoring requester windows"]
[11780][1665870837862][main][info]["Main~AppEvents - Received booted event for process requester.Version undefined UI Version: undefined Desktop Platform Version: 10.0.1"]
[11780][1665871175411][main][info]["WindowManager~closeHandler - Closed Window (id: 1 )"]
[11780][1665871175422][main][info]["Quitting app"]
[11780][1665871175422][main][info]["apiGitDebugLog - ProcessManager~killFileSystemProcess: Killed File System node process"]
