[4840][1636677013979][scratchpad][info]["EventBus~initialize - Success"]
[4840][1636677013980][scratchpad][info]["Messaging~boot - Success"]
[4840][1636677013990][scratchpad][info]["bootCrashReporter~ Success"]
[4840][1636677013991][scratchpad][info]["Telemetry~boot - Success"]
[4840][1636677013991][scratchpad][info]["bootConfigurations~initialize - Success"]
[4840][1636677013993][scratchpad][info]["Settings~boot - Success"]
[4840][1636677014047][scratchpad][info]["bootstrapModels - Success"]
[4840][1636677014047][scratchpad][info]["WLModels~boot - Success"]
[4840][1636677014053][scratchpad][info]["Session~boot - Success"]
[4840][1636677014055][scratchpad][info]["IndependentServices~boot - Success"]
[4840][1636677014059][scratchpad][info]["AppModels~boot - Success"]
[4840][1636677014068][scratchpad][info]["Sync~boot - Success"]
[4840][1636677014073][scratchpad][info]["PostUpdateBackup~init: Success"]
[4840][1636677014074][scratchpad][info]["Shared~boot - Success"]
[4840][1636677014074][scratchpad][info]["DBWatcher~boot - Success"]
[4840][1636677014076][scratchpad][info]["ThemeManager~boot - Success"]
[4840][1636677014076][scratchpad][info]["WorkbenchService~boot - Success"]
[4840][1636677014076][scratchpad][info]["ContextBarRegistry~boot - Success"]
[4840][1636677014076][scratchpad][info]["Store~boot - Success"]
[4840][1636677014078][scratchpad][info]["Shortcuts~boot - Success"]
[4840][1636677014087][scratchpad][info]["NewConsole~boot - Success"]
[4840][1636677014089][scratchpad][info]["APIDevInterface~boot - Success"]
[4840][1636677014092][scratchpad][info]["Attempting to create IPCNode to proxy_node_process"]
[4840][1636677014097][scratchpad][info]["Requester~boot - Success"]
[4840][1636677014097][scratchpad][info]["SharedRuntimeListeners~boot - Success"]
[4840][1636677014098][scratchpad][info]["booted - scratchpad"]
[4840][1636677014190][scratchpad][info]["NavigationService ~ [BROWSER] Transitioning io the initial route with the URL:","home"]
[4840][1636677014274][scratchpad][info]["CloudProxyHandler: Proxy configuration has not been setup"]
[4840][1636677014274][scratchpad][error]["IPCNode~createClient~something wrong connecting to the IPC server",{"errno":"ENOENT","code":"ENOENT","syscall":"connect","address":"/home/brian/.config/Postman/proxy_node_process_prod.sock","name":"Error","message":"connect ENOENT /home/brian/.config/Postman/proxy_node_process_prod.sock","stack":"Error: connect ENOENT /home/brian/.config/Postman/proxy_node_process_prod.sock\n    at PipeConnectWrap.afterConnect [as oncomplete] (net.js:1141:16)"}]
[4840][1636677014320][scratchpad][error]["WorkspaceSessionController~getActiveSession: WorkspaceSession not found in db"]
[4840][1636677014321][scratchpad][error]["ActiveWorkspaceSessionStore: Initial Hydration Failed once"]
[4840][1636677014333][scratchpad][error]["WorkspaceSessionController~getActiveSession: WorkspaceSession not found in db"]
[4840][1636677014334][scratchpad][error]["ActiveWorkspaceSessionStore: Initial Hydration Failed twice",{"name":"Error","message":"WorkspaceSessionController~getActiveSession: WorkspaceSession not found in db","stack":"Error: WorkspaceSessionController~getActiveSession: WorkspaceSession not found in db\n    at file:///opt/postman/app/resources/app/js/scratchpad/vendor-shared.js:2:3684119"}]
[4840][1636677014440][scratchpad][info]["SessionValidation - Registering listener"]
[4840][1636677014447][scratchpad][info]["UI pulled the session locked information on init"]
[5050][1636677019076][scratchpad][info]["EventBus~initialize - Success"]
[5050][1636677019077][scratchpad][info]["Messaging~boot - Success"]
[5050][1636677019100][scratchpad][info]["bootCrashReporter~ Success"]
[5050][1636677019100][scratchpad][info]["Telemetry~boot - Success"]
[5050][1636677019101][scratchpad][info]["bootConfigurations~initialize - Success"]
[5050][1636677019102][scratchpad][info]["Settings~boot - Success"]
[5050][1636677019151][scratchpad][info]["bootstrapModels - Success"]
[5050][1636677019151][scratchpad][info]["WLModels~boot - Success"]
[5050][1636677019156][scratchpad][info]["Session~boot - Success"]
[5050][1636677019157][scratchpad][info]["IndependentServices~boot - Success"]
[5050][1636677019161][scratchpad][info]["AppModels~boot - Success"]
[5050][1636677019170][scratchpad][info]["Sync~boot - Success"]
[5050][1636677019174][scratchpad][info]["PostUpdateBackup~init: Success"]
[5050][1636677019175][scratchpad][info]["Shared~boot - Success"]
[5050][1636677019176][scratchpad][info]["DBWatcher~boot - Success"]
[5050][1636677019177][scratchpad][info]["ThemeManager~boot - Success"]
[5050][1636677019177][scratchpad][info]["WorkbenchService~boot - Success"]
[5050][1636677019177][scratchpad][info]["ContextBarRegistry~boot - Success"]
[5050][1636677019178][scratchpad][info]["Store~boot - Success"]
[5050][1636677019179][scratchpad][info]["Shortcuts~boot - Success"]
[5050][1636677019189][scratchpad][info]["NewConsole~boot - Success"]
[5050][1636677019190][scratchpad][info]["APIDevInterface~boot - Success"]
[5050][1636677019193][scratchpad][info]["Attempting to create IPCNode to proxy_node_process"]
[5050][1636677019198][scratchpad][info]["Requester~boot - Success"]
[5050][1636677019199][scratchpad][info]["SharedRuntimeListeners~boot - Success"]
[5050][1636677019199][scratchpad][info]["booted - scratchpad"]
[5050][1636677019295][scratchpad][info]["NavigationService ~ [BROWSER] Transitioning io the initial route with the URL:","workspace/29ba1c6f-43ab-4e23-8a6c-27c39a57a069"]
[5050][1636677019394][scratchpad][info]["CloudProxyHandler: Proxy configuration has not been setup"]
[5050][1636677019394][scratchpad][error]["IPCNode~createClient~something wrong connecting to the IPC server",{"errno":"ENOENT","code":"ENOENT","syscall":"connect","address":"/home/brian/.config/Postman/proxy_node_process_prod.sock","name":"Error","message":"connect ENOENT /home/brian/.config/Postman/proxy_node_process_prod.sock","stack":"Error: connect ENOENT /home/brian/.config/Postman/proxy_node_process_prod.sock\n    at PipeConnectWrap.afterConnect [as oncomplete] (net.js:1141:16)"}]
[5050][1636677019417][scratchpad][error]["WorkspaceSessionController~getActiveSession: WorkspaceSession not found in db"]
[5050][1636677019418][scratchpad][error]["ActiveWorkspaceSessionStore: Initial Hydration Failed once"]
[5050][1636677019452][scratchpad][error]["WorkspaceSessionController~getActiveSession: WorkspaceSession not found in db"]
[5050][1636677019453][scratchpad][error]["ActiveWorkspaceSessionStore: Initial Hydration Failed twice",{"name":"Error","message":"WorkspaceSessionController~getActiveSession: WorkspaceSession not found in db","stack":"Error: WorkspaceSessionController~getActiveSession: WorkspaceSession not found in db\n    at file:///opt/postman/app/resources/app/js/scratchpad/vendor-shared.js:2:3684119"}]
[5050][1636677019564][scratchpad][info]["SessionValidation - Registering listener"]
[5050][1636677019571][scratchpad][info]["UI pulled the session locked information on init"]
[5050][1636677028311][scratchpad][info]["SyncManagerNew~setSync",true]
[5050][1636677028311][scratchpad][info]["SyncManagerNew~signIn",{"forceConnect":true}]
[5050][1636677028314][scratchpad][info]["SyncManagerNew~createSocket",{"forceConnect":true}]
[5050][1636677028317][scratchpad][info]["SyncManagerNew~createSocket","sailsIO.connect",{"url":"https://bifrost-public-v4.gw.postman.com","opts":{"reconnectionDelay":10000,"reconnectionDelayMax":60000,"reconnectionAttempts":8,"randomizationFactor":0.3}}]
[5050][1636677038434][scratchpad][info]["EventBus~initialize - Success"]
[5050][1636677038435][scratchpad][info]["Messaging~boot - Success"]
[5050][1636677038479][scratchpad][info]["bootCrashReporter~ Success"]
[5050][1636677038480][scratchpad][info]["Telemetry~boot - Success"]
[5050][1636677038480][scratchpad][info]["bootConfigurations~initialize - Success"]
[5050][1636677038482][scratchpad][info]["Settings~boot - Success"]
[5050][1636677038536][scratchpad][info]["bootstrapModels - Success"]
[5050][1636677038536][scratchpad][info]["WLModels~boot - Success"]
[5050][1636677038542][scratchpad][info]["Session~boot - Success"]
[5050][1636677038543][scratchpad][info]["IndependentServices~boot - Success"]
[5050][1636677038547][scratchpad][info]["AppModels~boot - Success"]
[5050][1636677038556][scratchpad][info]["Sync~boot - Success"]
[5050][1636677038559][scratchpad][info]["PostUpdateBackup~init: Success"]
[5050][1636677038560][scratchpad][info]["Shared~boot - Success"]
[5050][1636677038561][scratchpad][info]["DBWatcher~boot - Success"]
[5050][1636677038562][scratchpad][info]["ThemeManager~boot - Success"]
[5050][1636677038562][scratchpad][info]["WorkbenchService~boot - Success"]
[5050][1636677038563][scratchpad][info]["ContextBarRegistry~boot - Success"]
[5050][1636677038563][scratchpad][info]["Store~boot - Success"]
[5050][1636677038564][scratchpad][info]["Shortcuts~boot - Success"]
[5050][1636677038574][scratchpad][info]["NewConsole~boot - Success"]
[5050][1636677038576][scratchpad][info]["APIDevInterface~boot - Success"]
[5050][1636677038578][scratchpad][info]["Attempting to create IPCNode to proxy_node_process"]
[5050][1636677038582][scratchpad][info]["Requester~boot - Success"]
[5050][1636677038583][scratchpad][info]["SharedRuntimeListeners~boot - Success"]
[5050][1636677038584][scratchpad][info]["booted - scratchpad"]
[5050][1636677038666][scratchpad][info]["NavigationService ~ [BROWSER] Transitioning io the initial route with the URL:","home"]
[5050][1636677038739][scratchpad][info]["CloudProxyHandler: Proxy configuration has not been setup"]
[5050][1636677038739][scratchpad][error]["IPCNode~createClient~something wrong connecting to the IPC server",{"errno":"ENOENT","code":"ENOENT","syscall":"connect","address":"/home/brian/.config/Postman/proxy_node_process_prod.sock","name":"Error","message":"connect ENOENT /home/brian/.config/Postman/proxy_node_process_prod.sock","stack":"Error: connect ENOENT /home/brian/.config/Postman/proxy_node_process_prod.sock\n    at PipeConnectWrap.afterConnect [as oncomplete] (net.js:1141:16)"}]
[5050][1636677038889][scratchpad][info]["SessionValidation - Registering listener"]
[5050][1636677038898][scratchpad][info]["UI pulled the session locked information on init"]
[5050][1636677049593][scratchpad][warn]["ActiveViewManager~popActiveView: Cannot pop the last active view"]
[5050][1636677064661][scratchpad][info]["SyncManagerNew~setSync",true]
[5050][1636677064664][scratchpad][info]["SyncManagerNew~signIn",{"forceConnect":true}]
[5050][1636677064669][scratchpad][info]["SyncManagerNew~createSocket",{"forceConnect":true}]
[5050][1636677064672][scratchpad][info]["SyncManagerNew~createSocket","sailsIO.connect",{"url":"https://bifrost-public-v4.gw.postman.com","opts":{"reconnectionDelay":10000,"reconnectionDelayMax":60000,"reconnectionAttempts":8,"randomizationFactor":0.3}}]
[5050][1636677065308][scratchpad][info]["SyncManagerNew~_onConnect"]
[5050][1636677065320][scratchpad][info]["SyncManagerNew~signIn",{}]
[5050][1636677065327][scratchpad][error]["SyncRequestService: This request is not allowed from scratchpad"]
[5050][1636677065332][scratchpad][info]["SyncTimelineHelper: Force stopping all timelines"]
[5050][1636677065335][scratchpad][error]["Codegen~checkAccess - Error while checking team access: ",{"error":{"message":"SyncRequestService\\x7erequest: This request not allowed from scratchpad"}}]
[5050][1636677065355][scratchpad][info]["subscribeToTeamEvents: Bailing out as team ID is not available"]
[6073][1636839496552][scratchpad][info]["EventBus~initialize - Success"]
[6073][1636839496553][scratchpad][info]["Messaging~boot - Success"]
[6073][1636839496563][scratchpad][info]["bootCrashReporter~ Success"]
[6073][1636839496564][scratchpad][info]["Telemetry~boot - Success"]
[6073][1636839496564][scratchpad][info]["bootConfigurations~initialize - Success"]
[6073][1636839496566][scratchpad][info]["Settings~boot - Success"]
[6073][1636839496612][scratchpad][info]["bootstrapModels - Success"]
[6073][1636839496612][scratchpad][info]["WLModels~boot - Success"]
[6073][1636839496617][scratchpad][info]["Session~boot - Success"]
[6073][1636839496618][scratchpad][info]["IndependentServices~boot - Success"]
[6073][1636839496622][scratchpad][info]["AppModels~boot - Success"]
[6073][1636839496630][scratchpad][info]["Sync~boot - Success"]
[6073][1636839496635][scratchpad][info]["PostUpdateBackup~init: Success"]
[6073][1636839496635][scratchpad][info]["Shared~boot - Success"]
[6073][1636839496636][scratchpad][info]["DBWatcher~boot - Success"]
[6073][1636839496637][scratchpad][info]["ThemeManager~boot - Success"]
[6073][1636839496638][scratchpad][info]["WorkbenchService~boot - Success"]
[6073][1636839496638][scratchpad][info]["ContextBarRegistry~boot - Success"]
[6073][1636839496638][scratchpad][info]["Store~boot - Success"]
[6073][1636839496640][scratchpad][info]["Shortcuts~boot - Success"]
[6073][1636839496645][scratchpad][info]["NewConsole~boot - Success"]
[6073][1636839496651][scratchpad][info]["APIDevInterface~boot - Success"]
[6073][1636839496653][scratchpad][info]["Attempting to create IPCNode to proxy_node_process"]
[6073][1636839496659][scratchpad][info]["Requester~boot - Success"]
[6073][1636839496659][scratchpad][info]["SharedRuntimeListeners~boot - Success"]
[6073][1636839496660][scratchpad][info]["booted - scratchpad"]
[6073][1636839496754][scratchpad][info]["NavigationService ~ [BROWSER] Transitioning io the initial route with the URL:","workspace/29ba1c6f-43ab-4e23-8a6c-27c39a57a069"]
[6073][1636839496871][scratchpad][info]["CloudProxyHandler: Proxy configuration has not been setup"]
[6073][1636839496871][scratchpad][error]["IPCNode~createClient~something wrong connecting to the IPC server",{"errno":"ENOENT","code":"ENOENT","syscall":"connect","address":"/home/brian/.config/Postman/proxy_node_process_prod.sock","name":"Error","message":"connect ENOENT /home/brian/.config/Postman/proxy_node_process_prod.sock","stack":"Error: connect ENOENT /home/brian/.config/Postman/proxy_node_process_prod.sock\n    at PipeConnectWrap.afterConnect [as oncomplete] (net.js:1141:16)"}]
[6073][1636839496955][scratchpad][error]["EditorService~focus: Could not find route to navigate"]
[6073][1636839497077][scratchpad][info]["SessionValidation - Registering listener"]
[6073][1636839497084][scratchpad][info]["UI pulled the session locked information on init"]
[13219][1637274855666][scratchpad][info]["EventBus~initialize - Success"]
[13219][1637274855667][scratchpad][info]["Messaging~boot - Success"]
[13219][1637274855678][scratchpad][info]["bootCrashReporter~ Success"]
[13219][1637274855679][scratchpad][info]["Telemetry~boot - Success"]
[13219][1637274855679][scratchpad][info]["bootConfigurations~initialize - Success"]
[13219][1637274855680][scratchpad][info]["Settings~boot - Success"]
[13219][1637274855733][scratchpad][info]["bootstrapModels - Success"]
[13219][1637274855733][scratchpad][info]["WLModels~boot - Success"]
[13219][1637274855739][scratchpad][info]["Session~boot - Success"]
[13219][1637274855739][scratchpad][info]["IndependentServices~boot - Success"]
[13219][1637274855743][scratchpad][info]["AppModels~boot - Success"]
[13219][1637274855753][scratchpad][info]["Sync~boot - Success"]
[13219][1637274855757][scratchpad][info]["PostUpdateBackup~init: Success"]
[13219][1637274855758][scratchpad][info]["Shared~boot - Success"]
[13219][1637274855759][scratchpad][info]["DBWatcher~boot - Success"]
[13219][1637274855760][scratchpad][info]["ThemeManager~boot - Success"]
[13219][1637274855761][scratchpad][info]["WorkbenchService~boot - Success"]
[13219][1637274855761][scratchpad][info]["ContextBarRegistry~boot - Success"]
[13219][1637274855761][scratchpad][info]["Store~boot - Success"]
[13219][1637274855763][scratchpad][info]["Shortcuts~boot - Success"]
[13219][1637274855769][scratchpad][info]["NewConsole~boot - Success"]
[13219][1637274855771][scratchpad][info]["APIDevInterface~boot - Success"]
[13219][1637274855773][scratchpad][info]["Attempting to create IPCNode to proxy_node_process"]
[13219][1637274855778][scratchpad][info]["Requester~boot - Success"]
[13219][1637274855779][scratchpad][info]["SharedRuntimeListeners~boot - Success"]
[13219][1637274855780][scratchpad][info]["booted - scratchpad"]
[13219][1637274855878][scratchpad][info]["NavigationService ~ [BROWSER] Transitioning io the initial route with the URL:","workspace/29ba1c6f-43ab-4e23-8a6c-27c39a57a069"]
[13219][1637274855965][scratchpad][info]["CloudProxyHandler: Proxy configuration has not been setup"]
[13219][1637274855965][scratchpad][error]["IPCNode~createClient~something wrong connecting to the IPC server",{"errno":"ENOENT","code":"ENOENT","syscall":"connect","address":"/home/brian/.config/Postman/proxy_node_process_prod.sock","name":"Error","message":"connect ENOENT /home/brian/.config/Postman/proxy_node_process_prod.sock","stack":"Error: connect ENOENT /home/brian/.config/Postman/proxy_node_process_prod.sock\n    at PipeConnectWrap.afterConnect [as oncomplete] (net.js:1141:16)"}]
[13219][1637274856003][scratchpad][error]["EditorService~focus: Could not find route to navigate"]
[13219][1637274856168][scratchpad][info]["SessionValidation - Registering listener"]
[13219][1637274856175][scratchpad][info]["UI pulled the session locked information on init"]
[24060][1638060572749][scratchpad][info]["EventBus~initialize - Success"]
[24060][1638060572750][scratchpad][info]["Messaging~boot - Success"]
[24060][1638060572794][scratchpad][info]["bootCrashReporter~ Success"]
[24060][1638060572795][scratchpad][info]["Telemetry~boot - Success"]
[24060][1638060572795][scratchpad][info]["bootConfigurations~initialize - Success"]
[24060][1638060572797][scratchpad][info]["Settings~boot - Success"]
[24060][1638060572855][scratchpad][info]["bootstrapModels - Success"]
[24060][1638060572856][scratchpad][info]["WLModels~boot - Success"]
[24060][1638060572862][scratchpad][info]["Session~boot - Success"]
[24060][1638060572863][scratchpad][info]["IndependentServices~boot - Success"]
[24060][1638060572866][scratchpad][info]["AppModels~boot - Success"]
[24060][1638060572876][scratchpad][info]["Sync~boot - Success"]
[24060][1638060572880][scratchpad][info]["PostUpdateBackup~init: Success"]
[24060][1638060572881][scratchpad][info]["Shared~boot - Success"]
[24060][1638060572882][scratchpad][info]["DBWatcher~boot - Success"]
[24060][1638060572883][scratchpad][info]["ThemeManager~boot - Success"]
[24060][1638060572884][scratchpad][info]["WorkbenchService~boot - Success"]
[24060][1638060572884][scratchpad][info]["ContextBarRegistry~boot - Success"]
[24060][1638060572884][scratchpad][info]["Store~boot - Success"]
[24060][1638060572886][scratchpad][info]["Shortcuts~boot - Success"]
[24060][1638060572892][scratchpad][info]["NewConsole~boot - Success"]
[24060][1638060572898][scratchpad][info]["APIDevInterface~boot - Success"]
[24060][1638060572901][scratchpad][info]["Attempting to create IPCNode to proxy_node_process"]
[24060][1638060572906][scratchpad][info]["Requester~boot - Success"]
[24060][1638060572907][scratchpad][info]["SharedRuntimeListeners~boot - Success"]
[24060][1638060572908][scratchpad][info]["booted - scratchpad"]
[24060][1638060573006][scratchpad][info]["NavigationService ~ [BROWSER] Transitioning io the initial route with the URL:","workspace/29ba1c6f-43ab-4e23-8a6c-27c39a57a069"]
[24060][1638060573091][scratchpad][info]["CloudProxyHandler: Proxy configuration has not been setup"]
[24060][1638060573092][scratchpad][error]["IPCNode~createClient~something wrong connecting to the IPC server",{"errno":"ENOENT","code":"ENOENT","syscall":"connect","address":"/home/brian/.config/Postman/proxy_node_process_prod.sock","name":"Error","message":"connect ENOENT /home/brian/.config/Postman/proxy_node_process_prod.sock","stack":"Error: connect ENOENT /home/brian/.config/Postman/proxy_node_process_prod.sock\n    at PipeConnectWrap.afterConnect [as oncomplete] (net.js:1141:16)"}]
[24060][1638060573130][scratchpad][error]["EditorService~focus: Could not find route to navigate"]
[24060][1638060573296][scratchpad][info]["SessionValidation - Registering listener"]
[24060][1638060573305][scratchpad][info]["UI pulled the session locked information on init"]
[4051][1639001254612][scratchpad][info]["EventBus~initialize - Success"]
[4051][1639001254613][scratchpad][info]["Messaging~boot - Success"]
[4051][1639001254624][scratchpad][info]["bootCrashReporter~ Success"]
[4051][1639001254625][scratchpad][info]["Telemetry~boot - Success"]
[4051][1639001254626][scratchpad][info]["bootConfigurations~initialize - Success"]
[4051][1639001254628][scratchpad][info]["Settings~boot - Success"]
[4051][1639001254677][scratchpad][info]["bootstrapModels - Success"]
[4051][1639001254677][scratchpad][info]["WLModels~boot - Success"]
[4051][1639001254682][scratchpad][info]["Session~boot - Success"]
[4051][1639001254683][scratchpad][info]["IndependentServices~boot - Success"]
[4051][1639001254686][scratchpad][info]["AppModels~boot - Success"]
[4051][1639001254694][scratchpad][info]["Sync~boot - Success"]
[4051][1639001254698][scratchpad][info]["PostUpdateBackup~init: Success"]
[4051][1639001254699][scratchpad][info]["Shared~boot - Success"]
[4051][1639001254700][scratchpad][info]["DBWatcher~boot - Success"]
[4051][1639001254701][scratchpad][info]["ThemeManager~boot - Success"]
[4051][1639001254701][scratchpad][info]["WorkbenchService~boot - Success"]
[4051][1639001254701][scratchpad][info]["ContextBarRegistry~boot - Success"]
[4051][1639001254702][scratchpad][info]["Store~boot - Success"]
[4051][1639001254703][scratchpad][info]["Shortcuts~boot - Success"]
[4051][1639001254714][scratchpad][info]["NewConsole~boot - Success"]
[4051][1639001254716][scratchpad][info]["APIDevInterface~boot - Success"]
[4051][1639001254718][scratchpad][info]["Attempting to create IPCNode to proxy_node_process"]
[4051][1639001254723][scratchpad][info]["Requester~boot - Success"]
[4051][1639001254724][scratchpad][info]["SharedRuntimeListeners~boot - Success"]
[4051][1639001254724][scratchpad][info]["booted - scratchpad"]
[4051][1639001254810][scratchpad][info]["NavigationService ~ [BROWSER] Transitioning io the initial route with the URL:","workspace/29ba1c6f-43ab-4e23-8a6c-27c39a57a069"]
[4051][1639001254889][scratchpad][info]["CloudProxyHandler: Proxy configuration has not been setup"]
[4051][1639001254889][scratchpad][error]["IPCNode~createClient~something wrong connecting to the IPC server",{"errno":"ENOENT","code":"ENOENT","syscall":"connect","address":"/home/brian/.config/Postman/proxy_node_process_prod.sock","name":"Error","message":"connect ENOENT /home/brian/.config/Postman/proxy_node_process_prod.sock","stack":"Error: connect ENOENT /home/brian/.config/Postman/proxy_node_process_prod.sock\n    at PipeConnectWrap.afterConnect [as oncomplete] (net.js:1141:16)"}]
[4051][1639001254922][scratchpad][error]["EditorService~focus: Could not find route to navigate"]
[4051][1639001255065][scratchpad][info]["SessionValidation - Registering listener"]
[4051][1639001255071][scratchpad][info]["UI pulled the session locked information on init"]
[25702][1639202905616][scratchpad][info]["EventBus~initialize - Success"]
[25702][1639202905617][scratchpad][info]["Messaging~boot - Success"]
[25702][1639202905661][scratchpad][info]["bootCrashReporter~ Success"]
[25702][1639202905662][scratchpad][info]["Telemetry~boot - Success"]
[25702][1639202905662][scratchpad][info]["bootConfigurations~initialize - Success"]
[25702][1639202905664][scratchpad][info]["Settings~boot - Success"]
[25702][1639202905724][scratchpad][info]["bootstrapModels - Success"]
[25702][1639202905724][scratchpad][info]["WLModels~boot - Success"]
[25702][1639202905730][scratchpad][info]["Session~boot - Success"]
[25702][1639202905731][scratchpad][info]["IndependentServices~boot - Success"]
[25702][1639202905734][scratchpad][info]["AppModels~boot - Success"]
[25702][1639202905744][scratchpad][info]["Sync~boot - Success"]
[25702][1639202905748][scratchpad][info]["PostUpdateBackup~init: Success"]
[25702][1639202905749][scratchpad][info]["Shared~boot - Success"]
[25702][1639202905749][scratchpad][info]["DBWatcher~boot - Success"]
[25702][1639202905751][scratchpad][info]["ThemeManager~boot - Success"]
[25702][1639202905751][scratchpad][info]["WorkbenchService~boot - Success"]
[25702][1639202905751][scratchpad][info]["ContextBarRegistry~boot - Success"]
[25702][1639202905752][scratchpad][info]["Store~boot - Success"]
[25702][1639202905753][scratchpad][info]["Shortcuts~boot - Success"]
[25702][1639202905764][scratchpad][info]["NewConsole~boot - Success"]
[25702][1639202905767][scratchpad][info]["APIDevInterface~boot - Success"]
[25702][1639202905769][scratchpad][info]["Attempting to create IPCNode to proxy_node_process"]
[25702][1639202905774][scratchpad][info]["Requester~boot - Success"]
[25702][1639202905775][scratchpad][info]["SharedRuntimeListeners~boot - Success"]
[25702][1639202905776][scratchpad][info]["booted - scratchpad"]
[25702][1639202905876][scratchpad][info]["NavigationService ~ [BROWSER] Transitioning io the initial route with the URL:","workspace/29ba1c6f-43ab-4e23-8a6c-27c39a57a069"]
[25702][1639202905962][scratchpad][info]["CloudProxyHandler: Proxy configuration has not been setup"]
[25702][1639202905962][scratchpad][error]["IPCNode~createClient~something wrong connecting to the IPC server",{"errno":"ENOENT","code":"ENOENT","syscall":"connect","address":"/home/brian/.config/Postman/proxy_node_process_prod.sock","name":"Error","message":"connect ENOENT /home/brian/.config/Postman/proxy_node_process_prod.sock","stack":"Error: connect ENOENT /home/brian/.config/Postman/proxy_node_process_prod.sock\n    at PipeConnectWrap.afterConnect [as oncomplete] (net.js:1141:16)"}]
[25702][1639202906000][scratchpad][error]["EditorService~focus: Could not find route to navigate"]
[25702][1639202906161][scratchpad][info]["SessionValidation - Registering listener"]
[25702][1639202906169][scratchpad][info]["UI pulled the session locked information on init"]
[2686][1640025521761][scratchpad][info]["EventBus~initialize - Success"]
[2686][1640025521762][scratchpad][info]["Messaging~boot - Success"]
[2686][1640025521772][scratchpad][info]["bootCrashReporter~ Success"]
[2686][1640025521773][scratchpad][info]["Telemetry~boot - Success"]
[2686][1640025521774][scratchpad][info]["bootConfigurations~initialize - Success"]
[2686][1640025521775][scratchpad][info]["Settings~boot - Success"]
[2686][1640025521823][scratchpad][info]["bootstrapModels - Success"]
[2686][1640025521823][scratchpad][info]["WLModels~boot - Success"]
[2686][1640025521829][scratchpad][info]["Session~boot - Success"]
[2686][1640025521829][scratchpad][info]["IndependentServices~boot - Success"]
[2686][1640025521833][scratchpad][info]["AppModels~boot - Success"]
[2686][1640025521840][scratchpad][info]["Sync~boot - Success"]
[2686][1640025521845][scratchpad][info]["PostUpdateBackup~init: Success"]
[2686][1640025521845][scratchpad][info]["Shared~boot - Success"]
[2686][1640025521846][scratchpad][info]["DBWatcher~boot - Success"]
[2686][1640025521847][scratchpad][info]["ThemeManager~boot - Success"]
[2686][1640025521848][scratchpad][info]["WorkbenchService~boot - Success"]
[2686][1640025521848][scratchpad][info]["ContextBarRegistry~boot - Success"]
[2686][1640025521848][scratchpad][info]["Store~boot - Success"]
[2686][1640025521850][scratchpad][info]["Shortcuts~boot - Success"]
[2686][1640025521855][scratchpad][info]["NewConsole~boot - Success"]
[2686][1640025521857][scratchpad][info]["APIDevInterface~boot - Success"]
[2686][1640025521859][scratchpad][info]["Attempting to create IPCNode to proxy_node_process"]
[2686][1640025521864][scratchpad][info]["Requester~boot - Success"]
[2686][1640025521865][scratchpad][info]["SharedRuntimeListeners~boot - Success"]
[2686][1640025521865][scratchpad][info]["booted - scratchpad"]
[2686][1640025521950][scratchpad][info]["NavigationService ~ [BROWSER] Transitioning io the initial route with the URL:","workspace/29ba1c6f-43ab-4e23-8a6c-27c39a57a069"]
[2686][1640025522032][scratchpad][info]["CloudProxyHandler: Proxy configuration has not been setup"]
[2686][1640025522032][scratchpad][error]["IPCNode~createClient~something wrong connecting to the IPC server",{"errno":"ENOENT","code":"ENOENT","syscall":"connect","address":"/home/brian/.config/Postman/proxy_node_process_prod.sock","name":"Error","message":"connect ENOENT /home/brian/.config/Postman/proxy_node_process_prod.sock","stack":"Error: connect ENOENT /home/brian/.config/Postman/proxy_node_process_prod.sock\n    at PipeConnectWrap.afterConnect [as oncomplete] (net.js:1141:16)"}]
[2686][1640025522064][scratchpad][error]["EditorService~focus: Could not find route to navigate"]
[2686][1640025522205][scratchpad][info]["SessionValidation - Registering listener"]
[2686][1640025522212][scratchpad][info]["UI pulled the session locked information on init"]
[12364][1642809299338][scratchpad][info]["EventBus~initialize - Success"]
[12364][1642809299339][scratchpad][info]["Messaging~boot - Success"]
[12364][1642809299395][scratchpad][info]["bootCrashReporter~ Success"]
[12364][1642809299396][scratchpad][info]["Telemetry~boot - Success"]
[12364][1642809299397][scratchpad][info]["bootConfigurations~initialize - Success"]
[12364][1642809299398][scratchpad][info]["Settings~boot - Success"]
[12364][1642809299454][scratchpad][info]["bootstrapModels - Success"]
[12364][1642809299454][scratchpad][info]["WLModels~boot - Success"]
[12364][1642809299461][scratchpad][info]["Session~boot - Success"]
[12364][1642809299462][scratchpad][info]["IndependentServices~boot - Success"]
[12364][1642809299466][scratchpad][info]["AppModels~boot - Success"]
[12364][1642809299475][scratchpad][info]["Sync~boot - Success"]
[12364][1642809299478][scratchpad][info]["PostUpdateBackup~init: Success"]
[12364][1642809299478][scratchpad][info]["Shared~boot - Success"]
[12364][1642809299479][scratchpad][info]["DBWatcher~boot - Success"]
[12364][1642809299481][scratchpad][info]["ThemeManager~boot - Success"]
[12364][1642809299481][scratchpad][info]["WorkbenchService~boot - Success"]
[12364][1642809299481][scratchpad][info]["ContextBarRegistry~boot - Success"]
[12364][1642809299481][scratchpad][info]["Store~boot - Success"]
[12364][1642809299483][scratchpad][info]["Shortcuts~boot - Success"]
[12364][1642809299492][scratchpad][info]["NewConsole~boot - Success"]
[12364][1642809299494][scratchpad][info]["APIDevInterface~boot - Success"]
[12364][1642809299496][scratchpad][info]["Attempting to create IPCNode to proxy_node_process"]
[12364][1642809299501][scratchpad][info]["Requester~boot - Success"]
[12364][1642809299501][scratchpad][info]["SharedRuntimeListeners~boot - Success"]
[12364][1642809299502][scratchpad][info]["booted - scratchpad"]
[12364][1642809299595][scratchpad][info]["NavigationService ~ [BROWSER] Transitioning io the initial route with the URL:","workspace/29ba1c6f-43ab-4e23-8a6c-27c39a57a069"]
[12364][1642809299672][scratchpad][info]["CloudProxyHandler: Proxy configuration has not been setup"]
[12364][1642809299672][scratchpad][error]["IPCNode~createClient~something wrong connecting to the IPC server",{"errno":"ENOENT","code":"ENOENT","syscall":"connect","address":"/home/brian/.config/Postman/proxy_node_process_prod.sock","name":"Error","message":"connect ENOENT /home/brian/.config/Postman/proxy_node_process_prod.sock","stack":"Error: connect ENOENT /home/brian/.config/Postman/proxy_node_process_prod.sock\n    at PipeConnectWrap.afterConnect [as oncomplete] (net.js:1141:16)"}]
[12364][1642809299740][scratchpad][error]["EditorService~focus: Could not find route to navigate"]
[12364][1642809299862][scratchpad][info]["SessionValidation - Registering listener"]
[12364][1642809299868][scratchpad][info]["UI pulled the session locked information on init"]
[14131][1644961965937][scratchpad][info]["EventBus~initialize - Success"]
[14131][1644961965938][scratchpad][info]["Messaging~boot - Success"]
[14131][1644961965948][scratchpad][info]["bootCrashReporter~ Success"]
[14131][1644961965949][scratchpad][info]["Telemetry~boot - Success"]
[14131][1644961965949][scratchpad][info]["bootConfigurations~initialize - Success"]
[14131][1644961965951][scratchpad][info]["Settings~boot - Success"]
[14131][1644961965997][scratchpad][info]["bootstrapModels - Success"]
[14131][1644961965997][scratchpad][info]["WLModels~boot - Success"]
[14131][1644961966003][scratchpad][info]["Session~boot - Success"]
[14131][1644961966004][scratchpad][info]["IndependentServices~boot - Success"]
[14131][1644961966007][scratchpad][info]["AppModels~boot - Success"]
[14131][1644961966016][scratchpad][info]["Sync~boot - Success"]
[14131][1644961966020][scratchpad][info]["PostUpdateBackup~init: Success"]
[14131][1644961966021][scratchpad][info]["Shared~boot - Success"]
[14131][1644961966022][scratchpad][info]["DBWatcher~boot - Success"]
[14131][1644961966023][scratchpad][info]["ThemeManager~boot - Success"]
[14131][1644961966023][scratchpad][info]["WorkbenchService~boot - Success"]
[14131][1644961966023][scratchpad][info]["ContextBarRegistry~boot - Success"]
[14131][1644961966024][scratchpad][info]["Store~boot - Success"]
[14131][1644961966025][scratchpad][info]["Shortcuts~boot - Success"]
[14131][1644961966031][scratchpad][info]["NewConsole~boot - Success"]
[14131][1644961966038][scratchpad][info]["APIDevInterface~boot - Success"]
[14131][1644961966041][scratchpad][info]["Attempting to create IPCNode to proxy_node_process"]
[14131][1644961966046][scratchpad][info]["Requester~boot - Success"]
[14131][1644961966047][scratchpad][info]["SharedRuntimeListeners~boot - Success"]
[14131][1644961966048][scratchpad][info]["booted - scratchpad"]
[14131][1644961966155][scratchpad][info]["NavigationService ~ [BROWSER] Transitioning io the initial route with the URL:","workspace/29ba1c6f-43ab-4e23-8a6c-27c39a57a069"]
[14131][1644961966237][scratchpad][info]["CloudProxyHandler: Proxy configuration has not been setup"]
[14131][1644961966237][scratchpad][error]["IPCNode~createClient~something wrong connecting to the IPC server",{"errno":"ENOENT","code":"ENOENT","syscall":"connect","address":"/home/brian/.config/Postman/proxy_node_process_prod.sock","name":"Error","message":"connect ENOENT /home/brian/.config/Postman/proxy_node_process_prod.sock","stack":"Error: connect ENOENT /home/brian/.config/Postman/proxy_node_process_prod.sock\n    at PipeConnectWrap.afterConnect [as oncomplete] (net.js:1141:16)"}]
[14131][1644961966272][scratchpad][error]["EditorService~focus: Could not find route to navigate"]
[14131][1644961966418][scratchpad][info]["SessionValidation - Registering listener"]
[14131][1644961966425][scratchpad][info]["UI pulled the session locked information on init"]
[25850][1646321251343][scratchpad][info]["EventBus~initialize - Success"]
[25850][1646321251344][scratchpad][info]["Messaging~boot - Success"]
[25850][1646321251389][scratchpad][info]["bootCrashReporter~ Success"]
[25850][1646321251390][scratchpad][info]["Telemetry~boot - Success"]
[25850][1646321251391][scratchpad][info]["bootConfigurations~initialize - Success"]
[25850][1646321251392][scratchpad][info]["Settings~boot - Success"]
[25850][1646321251453][scratchpad][info]["bootstrapModels - Success"]
[25850][1646321251453][scratchpad][info]["WLModels~boot - Success"]
[25850][1646321251459][scratchpad][info]["Session~boot - Success"]
[25850][1646321251460][scratchpad][info]["IndependentServices~boot - Success"]
[25850][1646321251463][scratchpad][info]["AppModels~boot - Success"]
[25850][1646321251473][scratchpad][info]["Sync~boot - Success"]
[25850][1646321251477][scratchpad][info]["PostUpdateBackup~init: Success"]
[25850][1646321251478][scratchpad][info]["Shared~boot - Success"]
[25850][1646321251479][scratchpad][info]["DBWatcher~boot - Success"]
[25850][1646321251481][scratchpad][info]["ThemeManager~boot - Success"]
[25850][1646321251481][scratchpad][info]["WorkbenchService~boot - Success"]
[25850][1646321251481][scratchpad][info]["ContextBarRegistry~boot - Success"]
[25850][1646321251481][scratchpad][info]["Store~boot - Success"]
[25850][1646321251483][scratchpad][info]["Shortcuts~boot - Success"]
[25850][1646321251494][scratchpad][info]["NewConsole~boot - Success"]
[25850][1646321251496][scratchpad][info]["APIDevInterface~boot - Success"]
[25850][1646321251500][scratchpad][info]["Attempting to create IPCNode to proxy_node_process"]
[25850][1646321251505][scratchpad][info]["Requester~boot - Success"]
[25850][1646321251506][scratchpad][info]["SharedRuntimeListeners~boot - Success"]
[25850][1646321251507][scratchpad][info]["booted - scratchpad"]
[25850][1646321251605][scratchpad][info]["NavigationService ~ [BROWSER] Transitioning io the initial route with the URL:","workspace/29ba1c6f-43ab-4e23-8a6c-27c39a57a069"]
[25850][1646321251696][scratchpad][info]["CloudProxyHandler: Proxy configuration has not been setup"]
[25850][1646321251696][scratchpad][error]["IPCNode~createClient~something wrong connecting to the IPC server",{"errno":"ENOENT","code":"ENOENT","syscall":"connect","address":"/home/brian/.config/Postman/proxy_node_process_prod.sock","name":"Error","message":"connect ENOENT /home/brian/.config/Postman/proxy_node_process_prod.sock","stack":"Error: connect ENOENT /home/brian/.config/Postman/proxy_node_process_prod.sock\n    at PipeConnectWrap.afterConnect [as oncomplete] (net.js:1141:16)"}]
[25850][1646321251735][scratchpad][error]["EditorService~focus: Could not find route to navigate"]
[25850][1646321251897][scratchpad][info]["SessionValidation - Registering listener"]
[25850][1646321251905][scratchpad][info]["UI pulled the session locked information on init"]
[5834][1647186232613][scratchpad][info]["EventBus~initialize - Success"]
[5834][1647186232614][scratchpad][info]["Messaging~boot - Success"]
[5834][1647186232644][scratchpad][info]["bootCrashReporter~ Success"]
[5834][1647186232645][scratchpad][info]["Telemetry~boot - Success"]
[5834][1647186232645][scratchpad][info]["bootConfigurations~initialize - Success"]
[5834][1647186232647][scratchpad][info]["Settings~boot - Success"]
[5834][1647186232700][scratchpad][info]["bootstrapModels - Success"]
[5834][1647186232700][scratchpad][info]["WLModels~boot - Success"]
[5834][1647186232706][scratchpad][info]["Session~boot - Success"]
[5834][1647186232707][scratchpad][info]["IndependentServices~boot - Success"]
[5834][1647186232710][scratchpad][info]["AppModels~boot - Success"]
[5834][1647186232720][scratchpad][info]["Sync~boot - Success"]
[5834][1647186232725][scratchpad][info]["PostUpdateBackup~init: Success"]
[5834][1647186232726][scratchpad][info]["Shared~boot - Success"]
[5834][1647186232727][scratchpad][info]["DBWatcher~boot - Success"]
[5834][1647186232728][scratchpad][info]["ThemeManager~boot - Success"]
[5834][1647186232729][scratchpad][info]["WorkbenchService~boot - Success"]
[5834][1647186232729][scratchpad][info]["ContextBarRegistry~boot - Success"]
[5834][1647186232729][scratchpad][info]["Store~boot - Success"]
[5834][1647186232731][scratchpad][info]["Shortcuts~boot - Success"]
[5834][1647186232737][scratchpad][info]["NewConsole~boot - Success"]
[5834][1647186232744][scratchpad][info]["APIDevInterface~boot - Success"]
[5834][1647186232748][scratchpad][info]["Attempting to create IPCNode to proxy_node_process"]
[5834][1647186232755][scratchpad][info]["Requester~boot - Success"]
[5834][1647186232756][scratchpad][info]["SharedRuntimeListeners~boot - Success"]
[5834][1647186232758][scratchpad][info]["booted - scratchpad"]
[5834][1647186232860][scratchpad][info]["NavigationService ~ [BROWSER] Transitioning io the initial route with the URL:","workspace/29ba1c6f-43ab-4e23-8a6c-27c39a57a069"]
[5834][1647186232954][scratchpad][info]["CloudProxyHandler: Proxy configuration has not been setup"]
[5834][1647186232955][scratchpad][error]["IPCNode~createClient~something wrong connecting to the IPC server",{"errno":"ENOENT","code":"ENOENT","syscall":"connect","address":"/home/brian/.config/Postman/proxy_node_process_prod.sock","name":"Error","message":"connect ENOENT /home/brian/.config/Postman/proxy_node_process_prod.sock","stack":"Error: connect ENOENT /home/brian/.config/Postman/proxy_node_process_prod.sock\n    at PipeConnectWrap.afterConnect [as oncomplete] (net.js:1141:16)"}]
[5834][1647186232994][scratchpad][error]["EditorService~focus: Could not find route to navigate"]
[5834][1647186233158][scratchpad][info]["SessionValidation - Registering listener"]
[5834][1647186233165][scratchpad][info]["UI pulled the session locked information on init"]
[10343][1649214138542][scratchpad][info]["EventBus~initialize - Success"]
[10343][1649214138543][scratchpad][info]["Messaging~boot - Success"]
[10343][1649214138554][scratchpad][info]["bootCrashReporter~ Success"]
[10343][1649214138555][scratchpad][info]["Telemetry~boot - Success"]
[10343][1649214138556][scratchpad][info]["bootConfigurations~initialize - Success"]
[10343][1649214138557][scratchpad][info]["Settings~boot - Success"]
[10343][1649214138609][scratchpad][info]["bootstrapModels - Success"]
[10343][1649214138610][scratchpad][info]["WLModels~boot - Success"]
[10343][1649214138616][scratchpad][info]["Session~boot - Success"]
[10343][1649214138617][scratchpad][info]["IndependentServices~boot - Success"]
[10343][1649214138621][scratchpad][info]["AppModels~boot - Success"]
[10343][1649214138642][scratchpad][info]["Sync~boot - Success"]
[10343][1649214138647][scratchpad][info]["PostUpdateBackup~init: Success"]
[10343][1649214138648][scratchpad][info]["Shared~boot - Success"]
[10343][1649214138649][scratchpad][info]["DBWatcher~boot - Success"]
[10343][1649214138651][scratchpad][info]["ThemeManager~boot - Success"]
[10343][1649214138651][scratchpad][info]["WorkbenchService~boot - Success"]
[10343][1649214138651][scratchpad][info]["ContextBarRegistry~boot - Success"]
[10343][1649214138651][scratchpad][info]["Store~boot - Success"]
[10343][1649214138653][scratchpad][info]["Shortcuts~boot - Success"]
[10343][1649214138683][scratchpad][info]["NewConsole~boot - Success"]
[10343][1649214138685][scratchpad][info]["APIDevInterface~boot - Success"]
[10343][1649214138688][scratchpad][info]["Attempting to create IPCNode to proxy_node_process"]
[10343][1649214138693][scratchpad][info]["Requester~boot - Success"]
[10343][1649214138694][scratchpad][info]["SharedRuntimeListeners~boot - Success"]
[10343][1649214138695][scratchpad][info]["booted - scratchpad"]
[10343][1649214138798][scratchpad][info]["NavigationService ~ [BROWSER] Transitioning io the initial route with the URL:","workspace/29ba1c6f-43ab-4e23-8a6c-27c39a57a069"]
[10343][1649214138895][scratchpad][info]["CloudProxyHandler: Proxy configuration has not been setup"]
[10343][1649214138895][scratchpad][error]["IPCNode~createClient~something wrong connecting to the IPC server",{"errno":"ENOENT","code":"ENOENT","syscall":"connect","address":"/home/brian/.config/Postman/proxy_node_process_prod.sock","name":"Error","message":"connect ENOENT /home/brian/.config/Postman/proxy_node_process_prod.sock","stack":"Error: connect ENOENT /home/brian/.config/Postman/proxy_node_process_prod.sock\n    at PipeConnectWrap.afterConnect [as oncomplete] (net.js:1141:16)"}]
[10343][1649214138933][scratchpad][error]["EditorService~focus: Could not find route to navigate"]
[10343][1649214139098][scratchpad][info]["SessionValidation - Registering listener"]
[10343][1649214139106][scratchpad][info]["UI pulled the session locked information on init"]
[2333][1649217397326][scratchpad][info]["EventBus~initialize - Success"]
[2333][1649217397327][scratchpad][info]["Messaging~boot - Success"]
[2333][1649217397339][scratchpad][info]["bootCrashReporter~ Success"]
[2333][1649217397340][scratchpad][info]["Telemetry~boot - Success"]
[2333][1649217397340][scratchpad][info]["bootConfigurations~initialize - Success"]
[2333][1649217397342][scratchpad][info]["Settings~boot - Success"]
[2333][1649217397395][scratchpad][info]["bootstrapModels - Success"]
[2333][1649217397396][scratchpad][info]["WLModels~boot - Success"]
[2333][1649217397401][scratchpad][info]["Session~boot - Success"]
[2333][1649217397402][scratchpad][info]["IndependentServices~boot - Success"]
[2333][1649217397406][scratchpad][info]["AppModels~boot - Success"]
[2333][1649217397425][scratchpad][info]["Sync~boot - Success"]
[2333][1649217397429][scratchpad][info]["PostUpdateBackup~init: Success"]
[2333][1649217397430][scratchpad][info]["Shared~boot - Success"]
[2333][1649217397431][scratchpad][info]["DBWatcher~boot - Success"]
[2333][1649217397433][scratchpad][info]["ThemeManager~boot - Success"]
[2333][1649217397433][scratchpad][info]["WorkbenchService~boot - Success"]
[2333][1649217397433][scratchpad][info]["ContextBarRegistry~boot - Success"]
[2333][1649217397433][scratchpad][info]["Store~boot - Success"]
[2333][1649217397435][scratchpad][info]["Shortcuts~boot - Success"]
[2333][1649217397466][scratchpad][info]["NewConsole~boot - Success"]
[2333][1649217397468][scratchpad][info]["APIDevInterface~boot - Success"]
[2333][1649217397471][scratchpad][info]["Attempting to create IPCNode to proxy_node_process"]
[2333][1649217397476][scratchpad][info]["Requester~boot - Success"]
[2333][1649217397477][scratchpad][info]["SharedRuntimeListeners~boot - Success"]
[2333][1649217397477][scratchpad][info]["booted - scratchpad"]
[2333][1649217397575][scratchpad][info]["NavigationService ~ [BROWSER] Transitioning io the initial route with the URL:","workspace/29ba1c6f-43ab-4e23-8a6c-27c39a57a069"]
[2333][1649217397693][scratchpad][info]["CloudProxyHandler: Proxy configuration has not been setup"]
[2333][1649217397693][scratchpad][error]["IPCNode~createClient~something wrong connecting to the IPC server",{"errno":"ENOENT","code":"ENOENT","syscall":"connect","address":"/home/brian/.config/Postman/proxy_node_process_prod.sock","name":"Error","message":"connect ENOENT /home/brian/.config/Postman/proxy_node_process_prod.sock","stack":"Error: connect ENOENT /home/brian/.config/Postman/proxy_node_process_prod.sock\n    at PipeConnectWrap.afterConnect [as oncomplete] (net.js:1141:16)"}]
[2333][1649217397729][scratchpad][error]["EditorService~focus: Could not find route to navigate"]
[2333][1649217397896][scratchpad][info]["SessionValidation - Registering listener"]
[2333][1649217397903][scratchpad][info]["UI pulled the session locked information on init"]
[11853][1649248932894][scratchpad][info]["EventBus~initialize - Success"]
[11853][1649248932895][scratchpad][info]["Messaging~boot - Success"]
[11853][1649248932945][scratchpad][info]["bootCrashReporter~ Success"]
[11853][1649248932946][scratchpad][info]["Telemetry~boot - Success"]
[11853][1649248932946][scratchpad][info]["bootConfigurations~initialize - Success"]
[11853][1649248932948][scratchpad][info]["Settings~boot - Success"]
[11853][1649248933011][scratchpad][info]["bootstrapModels - Success"]
[11853][1649248933011][scratchpad][info]["WLModels~boot - Success"]
[11853][1649248933017][scratchpad][info]["Session~boot - Success"]
[11853][1649248933018][scratchpad][info]["IndependentServices~boot - Success"]
[11853][1649248933022][scratchpad][info]["AppModels~boot - Success"]
[11853][1649248933031][scratchpad][info]["Sync~boot - Success"]
[11853][1649248933035][scratchpad][info]["PostUpdateBackup~init: Success"]
[11853][1649248933036][scratchpad][info]["Shared~boot - Success"]
[11853][1649248933037][scratchpad][info]["DBWatcher~boot - Success"]
[11853][1649248933039][scratchpad][info]["ThemeManager~boot - Success"]
[11853][1649248933039][scratchpad][info]["WorkbenchService~boot - Success"]
[11853][1649248933039][scratchpad][info]["ContextBarRegistry~boot - Success"]
[11853][1649248933040][scratchpad][info]["Store~boot - Success"]
[11853][1649248933041][scratchpad][info]["Shortcuts~boot - Success"]
[11853][1649248933052][scratchpad][info]["NewConsole~boot - Success"]
[11853][1649248933055][scratchpad][info]["APIDevInterface~boot - Success"]
[11853][1649248933057][scratchpad][info]["Attempting to create IPCNode to proxy_node_process"]
[11853][1649248933062][scratchpad][info]["Requester~boot - Success"]
[11853][1649248933063][scratchpad][info]["SharedRuntimeListeners~boot - Success"]
[11853][1649248933064][scratchpad][info]["booted - scratchpad"]
[11853][1649248933161][scratchpad][info]["NavigationService ~ [BROWSER] Transitioning io the initial route with the URL:","workspace/29ba1c6f-43ab-4e23-8a6c-27c39a57a069"]
[11853][1649248933274][scratchpad][info]["CloudProxyHandler: Proxy configuration has not been setup"]
[11853][1649248933275][scratchpad][error]["IPCNode~createClient~something wrong connecting to the IPC server",{"errno":"ENOENT","code":"ENOENT","syscall":"connect","address":"/home/brian/.config/Postman/proxy_node_process_prod.sock","name":"Error","message":"connect ENOENT /home/brian/.config/Postman/proxy_node_process_prod.sock","stack":"Error: connect ENOENT /home/brian/.config/Postman/proxy_node_process_prod.sock\n    at PipeConnectWrap.afterConnect [as oncomplete] (net.js:1141:16)"}]
[11853][1649248933312][scratchpad][error]["EditorService~focus: Could not find route to navigate"]
[11853][1649248933476][scratchpad][info]["SessionValidation - Registering listener"]
[11853][1649248933483][scratchpad][info]["UI pulled the session locked information on init"]
[19863][1649256127785][scratchpad][info]["EventBus~initialize - Success"]
[19863][1649256127786][scratchpad][info]["Messaging~boot - Success"]
[19863][1649256127797][scratchpad][info]["bootCrashReporter~ Success"]
[19863][1649256127798][scratchpad][info]["Telemetry~boot - Success"]
[19863][1649256127798][scratchpad][info]["bootConfigurations~initialize - Success"]
[19863][1649256127799][scratchpad][info]["Settings~boot - Success"]
[19863][1649256127846][scratchpad][info]["bootstrapModels - Success"]
[19863][1649256127847][scratchpad][info]["WLModels~boot - Success"]
[19863][1649256127852][scratchpad][info]["Session~boot - Success"]
[19863][1649256127853][scratchpad][info]["IndependentServices~boot - Success"]
[19863][1649256127856][scratchpad][info]["AppModels~boot - Success"]
[19863][1649256127880][scratchpad][info]["Sync~boot - Success"]
[19863][1649256127884][scratchpad][info]["PostUpdateBackup~init: Success"]
[19863][1649256127885][scratchpad][info]["Shared~boot - Success"]
[19863][1649256127885][scratchpad][info]["DBWatcher~boot - Success"]
[19863][1649256127887][scratchpad][info]["ThemeManager~boot - Success"]
[19863][1649256127887][scratchpad][info]["WorkbenchService~boot - Success"]
[19863][1649256127887][scratchpad][info]["ContextBarRegistry~boot - Success"]
[19863][1649256127887][scratchpad][info]["Store~boot - Success"]
[19863][1649256127889][scratchpad][info]["Shortcuts~boot - Success"]
[19863][1649256127919][scratchpad][info]["NewConsole~boot - Success"]
[19863][1649256127921][scratchpad][info]["APIDevInterface~boot - Success"]
[19863][1649256127924][scratchpad][info]["Attempting to create IPCNode to proxy_node_process"]
[19863][1649256127928][scratchpad][info]["Requester~boot - Success"]
[19863][1649256127929][scratchpad][info]["SharedRuntimeListeners~boot - Success"]
[19863][1649256127930][scratchpad][info]["booted - scratchpad"]
[19863][1649256128016][scratchpad][info]["NavigationService ~ [BROWSER] Transitioning io the initial route with the URL:","workspace/29ba1c6f-43ab-4e23-8a6c-27c39a57a069"]
[19863][1649256128119][scratchpad][info]["CloudProxyHandler: Proxy configuration has not been setup"]
[19863][1649256128120][scratchpad][error]["IPCNode~createClient~something wrong connecting to the IPC server",{"errno":"ENOENT","code":"ENOENT","syscall":"connect","address":"/home/brian/.config/Postman/proxy_node_process_prod.sock","name":"Error","message":"connect ENOENT /home/brian/.config/Postman/proxy_node_process_prod.sock","stack":"Error: connect ENOENT /home/brian/.config/Postman/proxy_node_process_prod.sock\n    at PipeConnectWrap.afterConnect [as oncomplete] (net.js:1141:16)"}]
[19863][1649256128174][scratchpad][error]["EditorService~focus: Could not find route to navigate"]
[19863][1649256128298][scratchpad][info]["SessionValidation - Registering listener"]
[19863][1649256128304][scratchpad][info]["UI pulled the session locked information on init"]
[15691][1649286472650][scratchpad][info]["EventBus~initialize - Success"]
[15691][1649286472651][scratchpad][info]["Messaging~boot - Success"]
[15691][1649286472704][scratchpad][info]["bootCrashReporter~ Success"]
[15691][1649286472705][scratchpad][info]["Telemetry~boot - Success"]
[15691][1649286472705][scratchpad][info]["bootConfigurations~initialize - Success"]
[15691][1649286472707][scratchpad][info]["Settings~boot - Success"]
[15691][1649286472773][scratchpad][info]["bootstrapModels - Success"]
[15691][1649286472773][scratchpad][info]["WLModels~boot - Success"]
[15691][1649286472780][scratchpad][info]["Session~boot - Success"]
[15691][1649286472781][scratchpad][info]["IndependentServices~boot - Success"]
[15691][1649286472784][scratchpad][info]["AppModels~boot - Success"]
[15691][1649286472793][scratchpad][info]["Sync~boot - Success"]
[15691][1649286472797][scratchpad][info]["PostUpdateBackup~init: Success"]
[15691][1649286472798][scratchpad][info]["Shared~boot - Success"]
[15691][1649286472798][scratchpad][info]["DBWatcher~boot - Success"]
[15691][1649286472800][scratchpad][info]["ThemeManager~boot - Success"]
[15691][1649286472800][scratchpad][info]["WorkbenchService~boot - Success"]
[15691][1649286472800][scratchpad][info]["ContextBarRegistry~boot - Success"]
[15691][1649286472801][scratchpad][info]["Store~boot - Success"]
[15691][1649286472802][scratchpad][info]["Shortcuts~boot - Success"]
[15691][1649286472811][scratchpad][info]["NewConsole~boot - Success"]
[15691][1649286472814][scratchpad][info]["APIDevInterface~boot - Success"]
[15691][1649286472817][scratchpad][info]["Attempting to create IPCNode to proxy_node_process"]
[15691][1649286472822][scratchpad][info]["Requester~boot - Success"]
[15691][1649286472822][scratchpad][info]["SharedRuntimeListeners~boot - Success"]
[15691][1649286472823][scratchpad][info]["booted - scratchpad"]
[15691][1649286472909][scratchpad][info]["NavigationService ~ [BROWSER] Transitioning io the initial route with the URL:","workspace/29ba1c6f-43ab-4e23-8a6c-27c39a57a069"]
[15691][1649286473009][scratchpad][info]["CloudProxyHandler: Proxy configuration has not been setup"]
[15691][1649286473010][scratchpad][error]["IPCNode~createClient~something wrong connecting to the IPC server",{"errno":"ENOENT","code":"ENOENT","syscall":"connect","address":"/home/brian/.config/Postman/proxy_node_process_prod.sock","name":"Error","message":"connect ENOENT /home/brian/.config/Postman/proxy_node_process_prod.sock","stack":"Error: connect ENOENT /home/brian/.config/Postman/proxy_node_process_prod.sock\n    at PipeConnectWrap.afterConnect [as oncomplete] (net.js:1141:16)"}]
[15691][1649286473042][scratchpad][error]["EditorService~focus: Could not find route to navigate"]
[15691][1649286473188][scratchpad][info]["SessionValidation - Registering listener"]
[15691][1649286473279][scratchpad][info]["UI pulled the session locked information on init"]
[2551][1649438116078][scratchpad][info]["EventBus~initialize - Success"]
[2551][1649438116079][scratchpad][info]["Messaging~boot - Success"]
[2551][1649438116124][scratchpad][info]["bootCrashReporter~ Success"]
[2551][1649438116124][scratchpad][info]["Telemetry~boot - Success"]
[2551][1649438116125][scratchpad][info]["bootConfigurations~initialize - Success"]
[2551][1649438116126][scratchpad][info]["Settings~boot - Success"]
[2551][1649438116182][scratchpad][info]["bootstrapModels - Success"]
[2551][1649438116183][scratchpad][info]["WLModels~boot - Success"]
[2551][1649438116188][scratchpad][info]["Session~boot - Success"]
[2551][1649438116189][scratchpad][info]["IndependentServices~boot - Success"]
[2551][1649438116193][scratchpad][info]["AppModels~boot - Success"]
[2551][1649438116201][scratchpad][info]["Sync~boot - Success"]
[2551][1649438116205][scratchpad][info]["PostUpdateBackup~init: Success"]
[2551][1649438116205][scratchpad][info]["Shared~boot - Success"]
[2551][1649438116206][scratchpad][info]["DBWatcher~boot - Success"]
[2551][1649438116208][scratchpad][info]["ThemeManager~boot - Success"]
[2551][1649438116208][scratchpad][info]["WorkbenchService~boot - Success"]
[2551][1649438116208][scratchpad][info]["ContextBarRegistry~boot - Success"]
[2551][1649438116208][scratchpad][info]["Store~boot - Success"]
[2551][1649438116210][scratchpad][info]["Shortcuts~boot - Success"]
[2551][1649438116215][scratchpad][info]["NewConsole~boot - Success"]
[2551][1649438116217][scratchpad][info]["APIDevInterface~boot - Success"]
[2551][1649438116219][scratchpad][info]["Attempting to create IPCNode to proxy_node_process"]
[2551][1649438116223][scratchpad][info]["Requester~boot - Success"]
[2551][1649438116224][scratchpad][info]["SharedRuntimeListeners~boot - Success"]
[2551][1649438116224][scratchpad][info]["booted - scratchpad"]
[2551][1649438116308][scratchpad][info]["NavigationService ~ [BROWSER] Transitioning io the initial route with the URL:","workspace/29ba1c6f-43ab-4e23-8a6c-27c39a57a069"]
[2551][1649438116412][scratchpad][info]["CloudProxyHandler: Proxy configuration has not been setup"]
[2551][1649438116412][scratchpad][error]["IPCNode~createClient~something wrong connecting to the IPC server",{"errno":"ENOENT","code":"ENOENT","syscall":"connect","address":"/home/brian/.config/Postman/proxy_node_process_prod.sock","name":"Error","message":"connect ENOENT /home/brian/.config/Postman/proxy_node_process_prod.sock","stack":"Error: connect ENOENT /home/brian/.config/Postman/proxy_node_process_prod.sock\n    at PipeConnectWrap.afterConnect [as oncomplete] (net.js:1141:16)"}]
[2551][1649438116446][scratchpad][error]["EditorService~focus: Could not find route to navigate"]
[2551][1649438116585][scratchpad][info]["SessionValidation - Registering listener"]
[2551][1649438116592][scratchpad][info]["UI pulled the session locked information on init"]
[12226][1649545849945][scratchpad][info]["EventBus~initialize - Success"]
[12226][1649545849946][scratchpad][info]["Messaging~boot - Success"]
[12226][1649545849992][scratchpad][info]["bootCrashReporter~ Success"]
[12226][1649545849993][scratchpad][info]["Telemetry~boot - Success"]
[12226][1649545849994][scratchpad][info]["bootConfigurations~initialize - Success"]
[12226][1649545849995][scratchpad][info]["Settings~boot - Success"]
[12226][1649545850049][scratchpad][info]["bootstrapModels - Success"]
[12226][1649545850049][scratchpad][info]["WLModels~boot - Success"]
[12226][1649545850054][scratchpad][info]["Session~boot - Success"]
[12226][1649545850055][scratchpad][info]["IndependentServices~boot - Success"]
[12226][1649545850058][scratchpad][info]["AppModels~boot - Success"]
[12226][1649545850067][scratchpad][info]["Sync~boot - Success"]
[12226][1649545850071][scratchpad][info]["PostUpdateBackup~init: Success"]
[12226][1649545850072][scratchpad][info]["Shared~boot - Success"]
[12226][1649545850073][scratchpad][info]["DBWatcher~boot - Success"]
[12226][1649545850074][scratchpad][info]["ThemeManager~boot - Success"]
[12226][1649545850074][scratchpad][info]["WorkbenchService~boot - Success"]
[12226][1649545850074][scratchpad][info]["ContextBarRegistry~boot - Success"]
[12226][1649545850075][scratchpad][info]["Store~boot - Success"]
[12226][1649545850076][scratchpad][info]["Shortcuts~boot - Success"]
[12226][1649545850081][scratchpad][info]["NewConsole~boot - Success"]
[12226][1649545850083][scratchpad][info]["APIDevInterface~boot - Success"]
[12226][1649545850085][scratchpad][info]["Attempting to create IPCNode to proxy_node_process"]
[12226][1649545850090][scratchpad][info]["Requester~boot - Success"]
[12226][1649545850090][scratchpad][info]["SharedRuntimeListeners~boot - Success"]
[12226][1649545850091][scratchpad][info]["booted - scratchpad"]
[12226][1649545850176][scratchpad][info]["NavigationService ~ [BROWSER] Transitioning io the initial route with the URL:","workspace/29ba1c6f-43ab-4e23-8a6c-27c39a57a069"]
[12226][1649545850280][scratchpad][info]["CloudProxyHandler: Proxy configuration has not been setup"]
[12226][1649545850280][scratchpad][error]["IPCNode~createClient~something wrong connecting to the IPC server",{"errno":"ENOENT","code":"ENOENT","syscall":"connect","address":"/home/brian/.config/Postman/proxy_node_process_prod.sock","name":"Error","message":"connect ENOENT /home/brian/.config/Postman/proxy_node_process_prod.sock","stack":"Error: connect ENOENT /home/brian/.config/Postman/proxy_node_process_prod.sock\n    at PipeConnectWrap.afterConnect [as oncomplete] (net.js:1141:16)"}]
[12226][1649545850314][scratchpad][error]["EditorService~focus: Could not find route to navigate"]
[12226][1649545850456][scratchpad][info]["SessionValidation - Registering listener"]
[12226][1649545850463][scratchpad][info]["UI pulled the session locked information on init"]
[25922][1649698353074][scratchpad][info]["EventBus~initialize - Success"]
[25922][1649698353075][scratchpad][info]["Messaging~boot - Success"]
[25922][1649698353086][scratchpad][info]["bootCrashReporter~ Success"]
[25922][1649698353087][scratchpad][info]["Telemetry~boot - Success"]
[25922][1649698353088][scratchpad][info]["bootConfigurations~initialize - Success"]
[25922][1649698353089][scratchpad][info]["Settings~boot - Success"]
[25922][1649698353142][scratchpad][info]["bootstrapModels - Success"]
[25922][1649698353143][scratchpad][info]["WLModels~boot - Success"]
[25922][1649698353148][scratchpad][info]["Session~boot - Success"]
[25922][1649698353149][scratchpad][info]["IndependentServices~boot - Success"]
[25922][1649698353153][scratchpad][info]["AppModels~boot - Success"]
[25922][1649698353172][scratchpad][info]["Sync~boot - Success"]
[25922][1649698353177][scratchpad][info]["PostUpdateBackup~init: Success"]
[25922][1649698353178][scratchpad][info]["Shared~boot - Success"]
[25922][1649698353179][scratchpad][info]["DBWatcher~boot - Success"]
[25922][1649698353180][scratchpad][info]["ThemeManager~boot - Success"]
[25922][1649698353181][scratchpad][info]["WorkbenchService~boot - Success"]
[25922][1649698353181][scratchpad][info]["ContextBarRegistry~boot - Success"]
[25922][1649698353181][scratchpad][info]["Store~boot - Success"]
[25922][1649698353183][scratchpad][info]["Shortcuts~boot - Success"]
[25922][1649698353189][scratchpad][info]["NewConsole~boot - Success"]
[25922][1649698353196][scratchpad][info]["APIDevInterface~boot - Success"]
[25922][1649698353199][scratchpad][info]["Attempting to create IPCNode to proxy_node_process"]
[25922][1649698353204][scratchpad][info]["Requester~boot - Success"]
[25922][1649698353205][scratchpad][info]["SharedRuntimeListeners~boot - Success"]
[25922][1649698353206][scratchpad][info]["booted - scratchpad"]
[25922][1649698353304][scratchpad][info]["NavigationService ~ [BROWSER] Transitioning io the initial route with the URL:","workspace/29ba1c6f-43ab-4e23-8a6c-27c39a57a069"]
[25922][1649698353417][scratchpad][info]["CloudProxyHandler: Proxy configuration has not been setup"]
[25922][1649698353418][scratchpad][error]["IPCNode~createClient~something wrong connecting to the IPC server",{"errno":"ENOENT","code":"ENOENT","syscall":"connect","address":"/home/brian/.config/Postman/proxy_node_process_prod.sock","name":"Error","message":"connect ENOENT /home/brian/.config/Postman/proxy_node_process_prod.sock","stack":"Error: connect ENOENT /home/brian/.config/Postman/proxy_node_process_prod.sock\n    at PipeConnectWrap.afterConnect [as oncomplete] (net.js:1141:16)"}]
[25922][1649698353455][scratchpad][error]["EditorService~focus: Could not find route to navigate"]
[25922][1649698353622][scratchpad][info]["SessionValidation - Registering listener"]
[25922][1649698353631][scratchpad][info]["UI pulled the session locked information on init"]
[4360][1649717025773][scratchpad][info]["EventBus~initialize - Success"]
[4360][1649717025774][scratchpad][info]["Messaging~boot - Success"]
[4360][1649717025785][scratchpad][info]["bootCrashReporter~ Success"]
[4360][1649717025786][scratchpad][info]["Telemetry~boot - Success"]
[4360][1649717025786][scratchpad][info]["bootConfigurations~initialize - Success"]
[4360][1649717025788][scratchpad][info]["Settings~boot - Success"]
[4360][1649717025841][scratchpad][info]["bootstrapModels - Success"]
[4360][1649717025842][scratchpad][info]["WLModels~boot - Success"]
[4360][1649717025847][scratchpad][info]["Session~boot - Success"]
[4360][1649717025848][scratchpad][info]["IndependentServices~boot - Success"]
[4360][1649717025852][scratchpad][info]["AppModels~boot - Success"]
[4360][1649717025862][scratchpad][info]["Sync~boot - Success"]
[4360][1649717025866][scratchpad][info]["PostUpdateBackup~init: Success"]
[4360][1649717025867][scratchpad][info]["Shared~boot - Success"]
[4360][1649717025868][scratchpad][info]["DBWatcher~boot - Success"]
[4360][1649717025869][scratchpad][info]["ThemeManager~boot - Success"]
[4360][1649717025869][scratchpad][info]["WorkbenchService~boot - Success"]
[4360][1649717025869][scratchpad][info]["ContextBarRegistry~boot - Success"]
[4360][1649717025870][scratchpad][info]["Store~boot - Success"]
[4360][1649717025871][scratchpad][info]["Shortcuts~boot - Success"]
[4360][1649717025882][scratchpad][info]["NewConsole~boot - Success"]
[4360][1649717025884][scratchpad][info]["APIDevInterface~boot - Success"]
[4360][1649717025887][scratchpad][info]["Attempting to create IPCNode to proxy_node_process"]
[4360][1649717025892][scratchpad][info]["Requester~boot - Success"]
[4360][1649717025893][scratchpad][info]["SharedRuntimeListeners~boot - Success"]
[4360][1649717025894][scratchpad][info]["booted - scratchpad"]
[4360][1649717025992][scratchpad][info]["NavigationService ~ [BROWSER] Transitioning io the initial route with the URL:","workspace/29ba1c6f-43ab-4e23-8a6c-27c39a57a069"]
[4360][1649717026107][scratchpad][info]["CloudProxyHandler: Proxy configuration has not been setup"]
[4360][1649717026107][scratchpad][error]["IPCNode~createClient~something wrong connecting to the IPC server",{"errno":"ENOENT","code":"ENOENT","syscall":"connect","address":"/home/brian/.config/Postman/proxy_node_process_prod.sock","name":"Error","message":"connect ENOENT /home/brian/.config/Postman/proxy_node_process_prod.sock","stack":"Error: connect ENOENT /home/brian/.config/Postman/proxy_node_process_prod.sock\n    at PipeConnectWrap.afterConnect [as oncomplete] (net.js:1141:16)"}]
[4360][1649717026166][scratchpad][error]["EditorService~focus: Could not find route to navigate"]
[4360][1649717026308][scratchpad][info]["SessionValidation - Registering listener"]
[4360][1649717026315][scratchpad][info]["UI pulled the session locked information on init"]
[4793][1649778738361][scratchpad][info]["EventBus~initialize - Success"]
[4793][1649778738362][scratchpad][info]["Messaging~boot - Success"]
[4793][1649778738373][scratchpad][info]["bootCrashReporter~ Success"]
[4793][1649778738373][scratchpad][info]["Telemetry~boot - Success"]
[4793][1649778738374][scratchpad][info]["bootConfigurations~initialize - Success"]
[4793][1649778738375][scratchpad][info]["Settings~boot - Success"]
[4793][1649778738432][scratchpad][info]["bootstrapModels - Success"]
[4793][1649778738432][scratchpad][info]["WLModels~boot - Success"]
[4793][1649778738438][scratchpad][info]["Session~boot - Success"]
[4793][1649778738439][scratchpad][info]["IndependentServices~boot - Success"]
[4793][1649778738443][scratchpad][info]["AppModels~boot - Success"]
[4793][1649778738454][scratchpad][info]["Sync~boot - Success"]
[4793][1649778738459][scratchpad][info]["PostUpdateBackup~init: Success"]
[4793][1649778738460][scratchpad][info]["Shared~boot - Success"]
[4793][1649778738461][scratchpad][info]["DBWatcher~boot - Success"]
[4793][1649778738462][scratchpad][info]["ThemeManager~boot - Success"]
[4793][1649778738463][scratchpad][info]["WorkbenchService~boot - Success"]
[4793][1649778738463][scratchpad][info]["ContextBarRegistry~boot - Success"]
[4793][1649778738463][scratchpad][info]["Store~boot - Success"]
[4793][1649778738465][scratchpad][info]["Shortcuts~boot - Success"]
[4793][1649778738476][scratchpad][info]["NewConsole~boot - Success"]
[4793][1649778738478][scratchpad][info]["APIDevInterface~boot - Success"]
[4793][1649778738481][scratchpad][info]["Attempting to create IPCNode to proxy_node_process"]
[4793][1649778738486][scratchpad][info]["Requester~boot - Success"]
[4793][1649778738487][scratchpad][info]["SharedRuntimeListeners~boot - Success"]
[4793][1649778738488][scratchpad][info]["booted - scratchpad"]
[4793][1649778738585][scratchpad][info]["NavigationService ~ [BROWSER] Transitioning io the initial route with the URL:","workspace/29ba1c6f-43ab-4e23-8a6c-27c39a57a069"]
[4793][1649778738702][scratchpad][info]["CloudProxyHandler: Proxy configuration has not been setup"]
[4793][1649778738702][scratchpad][error]["IPCNode~createClient~something wrong connecting to the IPC server",{"errno":"ENOENT","code":"ENOENT","syscall":"connect","address":"/home/brian/.config/Postman/proxy_node_process_prod.sock","name":"Error","message":"connect ENOENT /home/brian/.config/Postman/proxy_node_process_prod.sock","stack":"Error: connect ENOENT /home/brian/.config/Postman/proxy_node_process_prod.sock\n    at PipeConnectWrap.afterConnect [as oncomplete] (net.js:1141:16)"}]
[4793][1649778738740][scratchpad][error]["EditorService~focus: Could not find route to navigate"]
[4793][1649778738904][scratchpad][info]["SessionValidation - Registering listener"]
[4793][1649778738912][scratchpad][info]["UI pulled the session locked information on init"]
