2023-08-12 02:58:20.463 [warning] Via 'product.json#extensionEnabledApiProposals' extension 'github.vscode-pull-request-github' wants API proposal 'quickPickItemIcon' but that proposal DOES NOT EXIST. Likely, the proposal has been finalized (check 'vscode.d.ts') or was abandoned.
2023-08-12 02:58:20.916 [warning] [Vue.volar]: Cannot register 'typescript.tsdk'. This property is already registered.
2023-08-12 02:58:23.890 [info] [perf] Render performance baseline is 38ms
2023-08-12 03:01:57.618 [error] nvim_call_function: Vim:E117: Unknown function: VSCodeClearUndo: Error: Error making request to nvim_call_function
	at o.request (/home/brian/.vscode-oss/extensions/asvetliakov.vscode-neovim-0.4.1-universal/dist/extension.js:1:40373)
	at o.call (/home/brian/.vscode-oss/extensions/asvetliakov.vscode-neovim-0.4.1-universal/dist/extension.js:1:47446)
	at o.callFunction (/home/brian/.vscode-oss/extensions/asvetliakov.vscode-neovim-0.4.1-universal/dist/extension.js:1:47524)
	at pe.<anonymous> (/home/brian/.vscode-oss/extensions/asvetliakov.vscode-neovim-0.4.1-universal/dist/extension.js:1:234758)
	at Generator.next (<anonymous>)
	at o (/home/brian/.vscode-oss/extensions/asvetliakov.vscode-neovim-0.4.1-universal/dist/extension.js:1:224959)
	at process.processTicksAndRejections (node:internal/process/task_queues:96:5)
2023-08-12 03:01:59.575 [error] nvim_call_function: Vim:E117: Unknown function: VSCodeClearUndo: Error: Error making request to nvim_call_function
	at o.request (/home/brian/.vscode-oss/extensions/asvetliakov.vscode-neovim-0.4.1-universal/dist/extension.js:1:40373)
	at o.call (/home/brian/.vscode-oss/extensions/asvetliakov.vscode-neovim-0.4.1-universal/dist/extension.js:1:47446)
	at o.callFunction (/home/brian/.vscode-oss/extensions/asvetliakov.vscode-neovim-0.4.1-universal/dist/extension.js:1:47524)
	at pe.<anonymous> (/home/brian/.vscode-oss/extensions/asvetliakov.vscode-neovim-0.4.1-universal/dist/extension.js:1:234758)
	at Generator.next (<anonymous>)
	at o (/home/brian/.vscode-oss/extensions/asvetliakov.vscode-neovim-0.4.1-universal/dist/extension.js:1:224959)
	at process.processTicksAndRejections (node:internal/process/task_queues:96:5)
2023-08-12 03:02:06.345 [error] nvim_call_function: Vim:E117: Unknown function: VSCodeClearUndo: Error: Error making request to nvim_call_function
	at o.request (/home/brian/.vscode-oss/extensions/asvetliakov.vscode-neovim-0.4.1-universal/dist/extension.js:1:40373)
	at o.call (/home/brian/.vscode-oss/extensions/asvetliakov.vscode-neovim-0.4.1-universal/dist/extension.js:1:47446)
	at o.callFunction (/home/brian/.vscode-oss/extensions/asvetliakov.vscode-neovim-0.4.1-universal/dist/extension.js:1:47524)
	at pe.<anonymous> (/home/brian/.vscode-oss/extensions/asvetliakov.vscode-neovim-0.4.1-universal/dist/extension.js:1:234758)
	at Generator.next (<anonymous>)
	at o (/home/brian/.vscode-oss/extensions/asvetliakov.vscode-neovim-0.4.1-universal/dist/extension.js:1:224959)
	at process.processTicksAndRejections (node:internal/process/task_queues:96:5)
2023-08-12 03:02:10.259 [error] nvim_call_function: Vim:E117: Unknown function: VSCodeClearUndo: Error: Error making request to nvim_call_function
	at o.request (/home/brian/.vscode-oss/extensions/asvetliakov.vscode-neovim-0.4.1-universal/dist/extension.js:1:40373)
	at o.call (/home/brian/.vscode-oss/extensions/asvetliakov.vscode-neovim-0.4.1-universal/dist/extension.js:1:47446)
	at o.callFunction (/home/brian/.vscode-oss/extensions/asvetliakov.vscode-neovim-0.4.1-universal/dist/extension.js:1:47524)
	at pe.<anonymous> (/home/brian/.vscode-oss/extensions/asvetliakov.vscode-neovim-0.4.1-universal/dist/extension.js:1:234758)
	at Generator.next (<anonymous>)
	at o (/home/brian/.vscode-oss/extensions/asvetliakov.vscode-neovim-0.4.1-universal/dist/extension.js:1:224959)
	at process.processTicksAndRejections (node:internal/process/task_queues:96:5)
2023-08-12 03:03:00.267 [error] nvim_call_function: Vim:E117: Unknown function: VSCodeClearUndo: Error: Error making request to nvim_call_function
	at o.request (/home/brian/.vscode-oss/extensions/asvetliakov.vscode-neovim-0.4.1-universal/dist/extension.js:1:40373)
	at o.call (/home/brian/.vscode-oss/extensions/asvetliakov.vscode-neovim-0.4.1-universal/dist/extension.js:1:47446)
	at o.callFunction (/home/brian/.vscode-oss/extensions/asvetliakov.vscode-neovim-0.4.1-universal/dist/extension.js:1:47524)
	at pe.<anonymous> (/home/brian/.vscode-oss/extensions/asvetliakov.vscode-neovim-0.4.1-universal/dist/extension.js:1:234758)
	at Generator.next (<anonymous>)
	at o (/home/brian/.vscode-oss/extensions/asvetliakov.vscode-neovim-0.4.1-universal/dist/extension.js:1:224959)
	at process.processTicksAndRejections (node:internal/process/task_queues:96:5)
2023-08-12 03:03:50.192 [error] nvim_call_function: Vim:E117: Unknown function: VSCodeClearUndo: Error: Error making request to nvim_call_function
	at o.request (/home/brian/.vscode-oss/extensions/asvetliakov.vscode-neovim-0.4.1-universal/dist/extension.js:1:40373)
	at o.call (/home/brian/.vscode-oss/extensions/asvetliakov.vscode-neovim-0.4.1-universal/dist/extension.js:1:47446)
	at o.callFunction (/home/brian/.vscode-oss/extensions/asvetliakov.vscode-neovim-0.4.1-universal/dist/extension.js:1:47524)
	at pe.<anonymous> (/home/brian/.vscode-oss/extensions/asvetliakov.vscode-neovim-0.4.1-universal/dist/extension.js:1:234758)
	at Generator.next (<anonymous>)
	at o (/home/brian/.vscode-oss/extensions/asvetliakov.vscode-neovim-0.4.1-universal/dist/extension.js:1:224959)
	at process.processTicksAndRejections (node:internal/process/task_queues:96:5)
2023-08-12 03:03:55.445 [error] nvim_call_function: Vim:E117: Unknown function: VSCodeClearUndo: Error: Error making request to nvim_call_function
	at o.request (/home/brian/.vscode-oss/extensions/asvetliakov.vscode-neovim-0.4.1-universal/dist/extension.js:1:40373)
	at o.call (/home/brian/.vscode-oss/extensions/asvetliakov.vscode-neovim-0.4.1-universal/dist/extension.js:1:47446)
	at o.callFunction (/home/brian/.vscode-oss/extensions/asvetliakov.vscode-neovim-0.4.1-universal/dist/extension.js:1:47524)
	at pe.<anonymous> (/home/brian/.vscode-oss/extensions/asvetliakov.vscode-neovim-0.4.1-universal/dist/extension.js:1:234758)
	at Generator.next (<anonymous>)
	at o (/home/brian/.vscode-oss/extensions/asvetliakov.vscode-neovim-0.4.1-universal/dist/extension.js:1:224959)
	at process.processTicksAndRejections (node:internal/process/task_queues:96:5)
2023-08-12 03:04:06.537 [error] nvim_call_function: Vim:E117: Unknown function: VSCodeClearUndo: Error: Error making request to nvim_call_function
	at o.request (/home/brian/.vscode-oss/extensions/asvetliakov.vscode-neovim-0.4.1-universal/dist/extension.js:1:40373)
	at o.call (/home/brian/.vscode-oss/extensions/asvetliakov.vscode-neovim-0.4.1-universal/dist/extension.js:1:47446)
	at o.callFunction (/home/brian/.vscode-oss/extensions/asvetliakov.vscode-neovim-0.4.1-universal/dist/extension.js:1:47524)
	at pe.<anonymous> (/home/brian/.vscode-oss/extensions/asvetliakov.vscode-neovim-0.4.1-universal/dist/extension.js:1:234758)
	at Generator.next (<anonymous>)
	at o (/home/brian/.vscode-oss/extensions/asvetliakov.vscode-neovim-0.4.1-universal/dist/extension.js:1:224959)
	at process.processTicksAndRejections (node:internal/process/task_queues:96:5)
2023-08-12 03:04:07.599 [error] nvim_call_function: Vim:E117: Unknown function: VSCodeClearUndo: Error: Error making request to nvim_call_function
	at o.request (/home/brian/.vscode-oss/extensions/asvetliakov.vscode-neovim-0.4.1-universal/dist/extension.js:1:40373)
	at o.call (/home/brian/.vscode-oss/extensions/asvetliakov.vscode-neovim-0.4.1-universal/dist/extension.js:1:47446)
	at o.callFunction (/home/brian/.vscode-oss/extensions/asvetliakov.vscode-neovim-0.4.1-universal/dist/extension.js:1:47524)
	at pe.<anonymous> (/home/brian/.vscode-oss/extensions/asvetliakov.vscode-neovim-0.4.1-universal/dist/extension.js:1:234758)
	at Generator.next (<anonymous>)
	at o (/home/brian/.vscode-oss/extensions/asvetliakov.vscode-neovim-0.4.1-universal/dist/extension.js:1:224959)
	at process.processTicksAndRejections (node:internal/process/task_queues:96:5)
2023-08-12 03:04:09.352 [error] nvim_call_function: Vim:E117: Unknown function: VSCodeClearUndo: Error: Error making request to nvim_call_function
	at o.request (/home/brian/.vscode-oss/extensions/asvetliakov.vscode-neovim-0.4.1-universal/dist/extension.js:1:40373)
	at o.call (/home/brian/.vscode-oss/extensions/asvetliakov.vscode-neovim-0.4.1-universal/dist/extension.js:1:47446)
	at o.callFunction (/home/brian/.vscode-oss/extensions/asvetliakov.vscode-neovim-0.4.1-universal/dist/extension.js:1:47524)
	at pe.<anonymous> (/home/brian/.vscode-oss/extensions/asvetliakov.vscode-neovim-0.4.1-universal/dist/extension.js:1:234758)
	at Generator.next (<anonymous>)
	at o (/home/brian/.vscode-oss/extensions/asvetliakov.vscode-neovim-0.4.1-universal/dist/extension.js:1:224959)
	at process.processTicksAndRejections (node:internal/process/task_queues:96:5)
2023-08-12 03:04:10.636 [error] nvim_call_function: Vim:E117: Unknown function: VSCodeClearUndo: Error: Error making request to nvim_call_function
	at o.request (/home/brian/.vscode-oss/extensions/asvetliakov.vscode-neovim-0.4.1-universal/dist/extension.js:1:40373)
	at o.call (/home/brian/.vscode-oss/extensions/asvetliakov.vscode-neovim-0.4.1-universal/dist/extension.js:1:47446)
	at o.callFunction (/home/brian/.vscode-oss/extensions/asvetliakov.vscode-neovim-0.4.1-universal/dist/extension.js:1:47524)
	at pe.<anonymous> (/home/brian/.vscode-oss/extensions/asvetliakov.vscode-neovim-0.4.1-universal/dist/extension.js:1:234758)
	at Generator.next (<anonymous>)
	at o (/home/brian/.vscode-oss/extensions/asvetliakov.vscode-neovim-0.4.1-universal/dist/extension.js:1:224959)
	at process.processTicksAndRejections (node:internal/process/task_queues:96:5)
2023-08-12 03:05:52.356 [error] nvim_call_function: Vim:E117: Unknown function: VSCodeClearUndo: Error: Error making request to nvim_call_function
	at o.request (/home/brian/.vscode-oss/extensions/asvetliakov.vscode-neovim-0.4.1-universal/dist/extension.js:1:40373)
	at o.call (/home/brian/.vscode-oss/extensions/asvetliakov.vscode-neovim-0.4.1-universal/dist/extension.js:1:47446)
	at o.callFunction (/home/brian/.vscode-oss/extensions/asvetliakov.vscode-neovim-0.4.1-universal/dist/extension.js:1:47524)
	at pe.<anonymous> (/home/brian/.vscode-oss/extensions/asvetliakov.vscode-neovim-0.4.1-universal/dist/extension.js:1:234758)
	at Generator.next (<anonymous>)
	at o (/home/brian/.vscode-oss/extensions/asvetliakov.vscode-neovim-0.4.1-universal/dist/extension.js:1:224959)
	at process.processTicksAndRejections (node:internal/process/task_queues:96:5)
2023-08-12 03:05:53.874 [error] nvim_call_function: Vim:E117: Unknown function: VSCodeClearUndo: Error: Error making request to nvim_call_function
	at o.request (/home/brian/.vscode-oss/extensions/asvetliakov.vscode-neovim-0.4.1-universal/dist/extension.js:1:40373)
	at o.call (/home/brian/.vscode-oss/extensions/asvetliakov.vscode-neovim-0.4.1-universal/dist/extension.js:1:47446)
	at o.callFunction (/home/brian/.vscode-oss/extensions/asvetliakov.vscode-neovim-0.4.1-universal/dist/extension.js:1:47524)
	at pe.<anonymous> (/home/brian/.vscode-oss/extensions/asvetliakov.vscode-neovim-0.4.1-universal/dist/extension.js:1:234758)
	at Generator.next (<anonymous>)
	at o (/home/brian/.vscode-oss/extensions/asvetliakov.vscode-neovim-0.4.1-universal/dist/extension.js:1:224959)
	at process.processTicksAndRejections (node:internal/process/task_queues:96:5)
2023-08-12 03:07:16.619 [error] nvim_call_function: Vim:E117: Unknown function: VSCodeClearUndo: Error: Error making request to nvim_call_function
	at o.request (/home/brian/.vscode-oss/extensions/asvetliakov.vscode-neovim-0.4.1-universal/dist/extension.js:1:40373)
	at o.call (/home/brian/.vscode-oss/extensions/asvetliakov.vscode-neovim-0.4.1-universal/dist/extension.js:1:47446)
	at o.callFunction (/home/brian/.vscode-oss/extensions/asvetliakov.vscode-neovim-0.4.1-universal/dist/extension.js:1:47524)
	at pe.<anonymous> (/home/brian/.vscode-oss/extensions/asvetliakov.vscode-neovim-0.4.1-universal/dist/extension.js:1:234758)
	at Generator.next (<anonymous>)
	at o (/home/brian/.vscode-oss/extensions/asvetliakov.vscode-neovim-0.4.1-universal/dist/extension.js:1:224959)
	at process.processTicksAndRejections (node:internal/process/task_queues:96:5)
2023-08-12 03:07:48.224 [error] nvim_call_function: Vim:E117: Unknown function: VSCodeClearUndo: Error: Error making request to nvim_call_function
	at o.request (/home/brian/.vscode-oss/extensions/asvetliakov.vscode-neovim-0.4.1-universal/dist/extension.js:1:40373)
	at o.call (/home/brian/.vscode-oss/extensions/asvetliakov.vscode-neovim-0.4.1-universal/dist/extension.js:1:47446)
	at o.callFunction (/home/brian/.vscode-oss/extensions/asvetliakov.vscode-neovim-0.4.1-universal/dist/extension.js:1:47524)
	at pe.<anonymous> (/home/brian/.vscode-oss/extensions/asvetliakov.vscode-neovim-0.4.1-universal/dist/extension.js:1:234758)
	at Generator.next (<anonymous>)
	at o (/home/brian/.vscode-oss/extensions/asvetliakov.vscode-neovim-0.4.1-universal/dist/extension.js:1:224959)
	at process.processTicksAndRejections (node:internal/process/task_queues:96:5)
2023-08-12 03:07:57.638 [error] nvim_call_function: Vim:E117: Unknown function: VSCodeClearUndo: Error: Error making request to nvim_call_function
	at o.request (/home/brian/.vscode-oss/extensions/asvetliakov.vscode-neovim-0.4.1-universal/dist/extension.js:1:40373)
	at o.call (/home/brian/.vscode-oss/extensions/asvetliakov.vscode-neovim-0.4.1-universal/dist/extension.js:1:47446)
	at o.callFunction (/home/brian/.vscode-oss/extensions/asvetliakov.vscode-neovim-0.4.1-universal/dist/extension.js:1:47524)
	at pe.<anonymous> (/home/brian/.vscode-oss/extensions/asvetliakov.vscode-neovim-0.4.1-universal/dist/extension.js:1:234758)
	at Generator.next (<anonymous>)
	at o (/home/brian/.vscode-oss/extensions/asvetliakov.vscode-neovim-0.4.1-universal/dist/extension.js:1:224959)
	at process.processTicksAndRejections (node:internal/process/task_queues:96:5)
2023-08-12 03:10:22.032 [error] nvim_call_function: Vim:E117: Unknown function: VSCodeClearUndo: Error: Error making request to nvim_call_function
	at o.request (/home/brian/.vscode-oss/extensions/asvetliakov.vscode-neovim-0.4.1-universal/dist/extension.js:1:40373)
	at o.call (/home/brian/.vscode-oss/extensions/asvetliakov.vscode-neovim-0.4.1-universal/dist/extension.js:1:47446)
	at o.callFunction (/home/brian/.vscode-oss/extensions/asvetliakov.vscode-neovim-0.4.1-universal/dist/extension.js:1:47524)
	at pe.<anonymous> (/home/brian/.vscode-oss/extensions/asvetliakov.vscode-neovim-0.4.1-universal/dist/extension.js:1:234758)
	at Generator.next (<anonymous>)
	at o (/home/brian/.vscode-oss/extensions/asvetliakov.vscode-neovim-0.4.1-universal/dist/extension.js:1:224959)
	at process.processTicksAndRejections (node:internal/process/task_queues:96:5)
2023-08-12 03:11:33.371 [error] nvim_call_function: Vim:E117: Unknown function: VSCodeClearUndo: Error: Error making request to nvim_call_function
	at o.request (/home/brian/.vscode-oss/extensions/asvetliakov.vscode-neovim-0.4.1-universal/dist/extension.js:1:40373)
	at o.call (/home/brian/.vscode-oss/extensions/asvetliakov.vscode-neovim-0.4.1-universal/dist/extension.js:1:47446)
	at o.callFunction (/home/brian/.vscode-oss/extensions/asvetliakov.vscode-neovim-0.4.1-universal/dist/extension.js:1:47524)
	at pe.<anonymous> (/home/brian/.vscode-oss/extensions/asvetliakov.vscode-neovim-0.4.1-universal/dist/extension.js:1:234758)
	at Generator.next (<anonymous>)
	at o (/home/brian/.vscode-oss/extensions/asvetliakov.vscode-neovim-0.4.1-universal/dist/extension.js:1:224959)
	at process.processTicksAndRejections (node:internal/process/task_queues:96:5)
2023-08-12 03:11:37.033 [error] nvim_call_function: Vim:E117: Unknown function: VSCodeClearUndo: Error: Error making request to nvim_call_function
	at o.request (/home/brian/.vscode-oss/extensions/asvetliakov.vscode-neovim-0.4.1-universal/dist/extension.js:1:40373)
	at o.call (/home/brian/.vscode-oss/extensions/asvetliakov.vscode-neovim-0.4.1-universal/dist/extension.js:1:47446)
	at o.callFunction (/home/brian/.vscode-oss/extensions/asvetliakov.vscode-neovim-0.4.1-universal/dist/extension.js:1:47524)
	at pe.<anonymous> (/home/brian/.vscode-oss/extensions/asvetliakov.vscode-neovim-0.4.1-universal/dist/extension.js:1:234758)
	at Generator.next (<anonymous>)
	at o (/home/brian/.vscode-oss/extensions/asvetliakov.vscode-neovim-0.4.1-universal/dist/extension.js:1:224959)
	at process.processTicksAndRejections (node:internal/process/task_queues:96:5)
2023-08-12 03:11:38.207 [error] nvim_call_function: Vim:E117: Unknown function: VSCodeClearUndo: Error: Error making request to nvim_call_function
	at o.request (/home/brian/.vscode-oss/extensions/asvetliakov.vscode-neovim-0.4.1-universal/dist/extension.js:1:40373)
	at o.call (/home/brian/.vscode-oss/extensions/asvetliakov.vscode-neovim-0.4.1-universal/dist/extension.js:1:47446)
	at o.callFunction (/home/brian/.vscode-oss/extensions/asvetliakov.vscode-neovim-0.4.1-universal/dist/extension.js:1:47524)
	at pe.<anonymous> (/home/brian/.vscode-oss/extensions/asvetliakov.vscode-neovim-0.4.1-universal/dist/extension.js:1:234758)
	at Generator.next (<anonymous>)
	at o (/home/brian/.vscode-oss/extensions/asvetliakov.vscode-neovim-0.4.1-universal/dist/extension.js:1:224959)
	at process.processTicksAndRejections (node:internal/process/task_queues:96:5)
2023-08-12 03:12:02.045 [error] nvim_call_function: Vim:E117: Unknown function: VSCodeClearUndo: Error: Error making request to nvim_call_function
	at o.request (/home/brian/.vscode-oss/extensions/asvetliakov.vscode-neovim-0.4.1-universal/dist/extension.js:1:40373)
	at o.call (/home/brian/.vscode-oss/extensions/asvetliakov.vscode-neovim-0.4.1-universal/dist/extension.js:1:47446)
	at o.callFunction (/home/brian/.vscode-oss/extensions/asvetliakov.vscode-neovim-0.4.1-universal/dist/extension.js:1:47524)
	at pe.<anonymous> (/home/brian/.vscode-oss/extensions/asvetliakov.vscode-neovim-0.4.1-universal/dist/extension.js:1:234758)
	at Generator.next (<anonymous>)
	at o (/home/brian/.vscode-oss/extensions/asvetliakov.vscode-neovim-0.4.1-universal/dist/extension.js:1:224959)
	at process.processTicksAndRejections (node:internal/process/task_queues:96:5)
2023-08-12 03:12:47.884 [warning] Via 'product.json#extensionEnabledApiProposals' extension 'github.vscode-pull-request-github' wants API proposal 'quickPickItemIcon' but that proposal DOES NOT EXIST. Likely, the proposal has been finalized (check 'vscode.d.ts') or was abandoned.
2023-08-12 03:12:48.306 [warning] [Vue.volar]: Cannot register 'typescript.tsdk'. This property is already registered.
2023-08-12 03:12:51.311 [info] [perf] Render performance baseline is 37ms
