2023-08-12 02:58:20.647 [info] Added views:workbench.panel.markers.view in workbench.panel.markers
2023-08-12 02:58:20.647 [info] Added views:workbench.panel.output in workbench.panel.output
2023-08-12 02:58:20.647 [info] Added views:terminal in terminal
2023-08-12 02:58:20.647 [info] Added views:outline in workbench.view.explorer
2023-08-12 02:58:20.647 [info] Added views:workbench.scm in workbench.view.scm
2023-08-12 02:58:20.647 [info] Added views:workbench.view.search in workbench.view.search
2023-08-12 02:58:20.647 [info] Added views:timeline in workbench.view.explorer
2023-08-12 02:58:20.647 [info] Added views:workbench.explorer.fileView in workbench.view.explorer
2023-08-12 02:58:20.831 [info] Added views:workbench.debug.welcome in workbench.view.debug
2023-08-12 02:58:21.090 [info] Added views:workbench.panel.repl.view in workbench.panel.repl
2023-08-12 02:58:32.471 [info] Added views:workbench.views.extensions.installed,workbench.views.extensions.popular,extensions.recommendedList in workbench.view.extensions
2023-08-12 02:58:32.472 [info] Removed views:workbench.views.extensions.popular from workbench.view.extensions
2023-08-12 03:01:17.701 [info] Removed views:extensions.recommendedList,workbench.views.extensions.installed from workbench.view.extensions
2023-08-12 03:01:17.718 [info] Added views:workbench.views.extensions.marketplace in workbench.view.extensions
2023-08-12 03:01:35.674 [info] Removed views:workbench.views.extensions.marketplace from workbench.view.extensions
2023-08-12 03:01:35.694 [info] Added views:workbench.views.extensions.installed,extensions.recommendedList in workbench.view.extensions
2023-08-12 03:02:31.326 [info] Removed views:extensions.recommendedList,workbench.views.extensions.installed from workbench.view.extensions
2023-08-12 03:02:31.342 [info] Added views:workbench.views.extensions.marketplace in workbench.view.extensions
2023-08-12 03:02:54.818 [info] Added views:gitlens.views.home,gitlens.views.workspaces,gitlens.views.account in workbench.view.extension.gitlens
2023-08-12 03:02:54.819 [info] Added views:gitlens.views.commitDetails,gitlens.views.lineHistory,gitlens.views.fileHistory,gitlens.views.searchAndCompare in workbench.view.extension.gitlensInspect
2023-08-12 03:02:54.820 [info] Added views:gitlens.views.commits,gitlens.views.branches,gitlens.views.remotes,gitlens.views.stashes,gitlens.views.tags,gitlens.views.contributors in workbench.view.scm
2023-08-12 03:02:55.213 [info] Removed views:gitlens.views.searchAndCompare,gitlens.views.fileHistory,gitlens.views.lineHistory,gitlens.views.commitDetails from workbench.view.extension.gitlensInspect
2023-08-12 03:02:55.214 [info] Removed views:gitlens.views.contributors,gitlens.views.tags,gitlens.views.stashes,gitlens.views.remotes,gitlens.views.branches,gitlens.views.commits from workbench.view.scm
2023-08-12 03:02:55.307 [info] Added views:gitlens.views.commitDetails,gitlens.views.lineHistory,gitlens.views.fileHistory,gitlens.views.searchAndCompare in workbench.view.extension.gitlensInspect
2023-08-12 03:02:55.308 [info] Added views:gitlens.views.commits,gitlens.views.branches,gitlens.views.remotes,gitlens.views.stashes,gitlens.views.tags,gitlens.views.contributors in workbench.view.scm
2023-08-12 03:03:00.972 [info] Added views:gitlens.views.graph,gitlens.views.graphDetails in workbench.view.extension.gitlensPanel
2023-08-12 03:03:00.973 [info] Added views:gitlens.views.timeline in workbench.view.extension.gitlensInspect
2023-08-12 03:03:00.976 [info] Added views:gitlens.views.worktrees in workbench.view.scm
2023-08-12 03:05:16.195 [info] Removed views:workbench.views.extensions.marketplace from workbench.view.extensions
2023-08-12 03:05:16.235 [info] Added views:workbench.views.extensions.installed,extensions.recommendedList in workbench.view.extensions
2023-08-12 03:05:18.545 [info] Removed views:extensions.recommendedList,workbench.views.extensions.installed from workbench.view.extensions
2023-08-12 03:05:18.569 [info] Added views:workbench.views.extensions.marketplace in workbench.view.extensions
2023-08-12 03:05:32.879 [info] Removed views:workbench.views.extensions.marketplace from workbench.view.extensions
2023-08-12 03:05:32.937 [info] Added views:workbench.views.extensions.installed,extensions.recommendedList in workbench.view.extensions
2023-08-12 03:11:29.697 [info] Removed views:extensions.recommendedList,workbench.views.extensions.installed from workbench.view.extensions
2023-08-12 03:11:29.719 [info] Added views:workbench.views.extensions.marketplace in workbench.view.extensions
2023-08-12 03:12:48.006 [info] Added views:workbench.panel.markers.view in workbench.panel.markers
2023-08-12 03:12:48.006 [info] Added views:workbench.panel.output in workbench.panel.output
2023-08-12 03:12:48.006 [info] Added views:terminal in terminal
2023-08-12 03:12:48.006 [info] Added views:outline in workbench.view.explorer
2023-08-12 03:12:48.006 [info] Added views:workbench.scm in workbench.view.scm
2023-08-12 03:12:48.006 [info] Added views:workbench.view.search in workbench.view.search
2023-08-12 03:12:48.006 [info] Added views:timeline in workbench.view.explorer
2023-08-12 03:12:48.006 [info] Added views:workbench.explorer.fileView in workbench.view.explorer
2023-08-12 03:12:48.107 [info] Added views:workbench.debug.welcome in workbench.view.debug
2023-08-12 03:12:48.396 [info] Added views:gitlens.views.home,gitlens.views.workspaces,gitlens.views.account in workbench.view.extension.gitlens
2023-08-12 03:12:48.397 [info] Added views:gitlens.views.commitDetails,gitlens.views.lineHistory,gitlens.views.fileHistory,gitlens.views.searchAndCompare in workbench.view.extension.gitlensInspect
2023-08-12 03:12:48.397 [info] Added views:gitlens.views.commits,gitlens.views.branches,gitlens.views.remotes,gitlens.views.stashes,gitlens.views.tags,gitlens.views.contributors in workbench.view.scm
2023-08-12 03:12:48.579 [info] Added views:workbench.panel.repl.view in workbench.panel.repl
2023-08-12 03:12:49.746 [info] Added views:workbench.views.extensions.installed,extensions.recommendedList in workbench.view.extensions
2023-08-12 03:12:50.301 [info] Added views:gitlens.views.graph,gitlens.views.graphDetails in workbench.view.extension.gitlensPanel
2023-08-12 03:12:50.302 [info] Added views:gitlens.views.timeline in workbench.view.extension.gitlensInspect
2023-08-12 03:12:50.305 [info] Added views:gitlens.views.worktrees in workbench.view.scm
2023-08-12 03:12:53.838 [info] Removed views:extensions.recommendedList,workbench.views.extensions.installed from workbench.view.extensions
2023-08-12 03:12:53.857 [info] Added views:workbench.views.extensions.marketplace in workbench.view.extensions
2023-08-12 03:14:42.574 [info] Removed views:workbench.views.extensions.marketplace from workbench.view.extensions
2023-08-12 03:14:42.601 [info] Added views:workbench.views.extensions.installed,extensions.recommendedList in workbench.view.extensions
2023-08-12 03:14:46.643 [info] Removed views:extensions.recommendedList,workbench.views.extensions.installed from workbench.view.extensions
2023-08-12 03:14:46.656 [info] Added views:workbench.views.extensions.marketplace in workbench.view.extensions
