2023-08-12 03:22:15.114 [info] Log level: Info
2023-08-12 03:22:15.114 [info] Validating found git in: "git"
2023-08-12 03:22:15.114 [info] Using git "2.41.0" from "git"
2023-08-12 03:22:15.114 [info] > git rev-parse --show-toplevel [7ms]
2023-08-12 03:22:15.114 [info] > git rev-parse --git-dir --git-common-dir [4ms]
2023-08-12 03:22:15.114 [info] Open repository: /home/brian/Documents/Code/siimee
2023-08-12 03:22:15.114 [info] > git config --get commit.template [5ms]
2023-08-12 03:22:15.115 [info] > git rev-parse --show-toplevel [2ms]
2023-08-12 03:22:15.128 [info] > git for-each-ref --format=%(refname)%00%(upstream:short)%00%(objectname)%00%(upstream:track)%00%(upstream:remotename)%00%(upstream:remoteref) refs/heads/brian_dev_incorp_login refs/remotes/brian_dev_incorp_login [8ms]
2023-08-12 03:22:15.135 [info] > git rev-parse --show-toplevel [8ms]
2023-08-12 03:22:15.137 [info] > git status -z -uall [3ms]
2023-08-12 03:22:15.150 [info] > git config --get commit.template [2ms]
2023-08-12 03:22:15.449 [info] > git rev-parse --show-toplevel [193ms]
2023-08-12 03:22:15.527 [info] > git for-each-ref --format=%(refname)%00%(upstream:short)%00%(objectname)%00%(upstream:track)%00%(upstream:remotename)%00%(upstream:remoteref) refs/heads/brian_dev_incorp_login refs/remotes/brian_dev_incorp_login [107ms]
2023-08-12 03:22:15.541 [info] > git status -z -uall [6ms]
2023-08-12 03:22:15.564 [info] > git rev-parse --show-toplevel [4ms]
2023-08-12 03:22:15.610 [info] > git rev-parse --show-toplevel [26ms]
2023-08-12 03:22:15.772 [info] > git check-ignore -v -z --stdin [4ms]
2023-08-12 03:22:15.845 [info] > git show --textconv :frontend/src/App.vue [11ms]
2023-08-12 03:22:15.846 [info] > git ls-files --stage -- /home/brian/Documents/Code/siimee/frontend/src/App.vue [2ms]
2023-08-12 03:22:15.855 [info] > git cat-file -s acbcd9a225034bf10f459ae7128dd7a0a9fbb09a [1ms]
