2023-08-12 02:58:21.912 [info] Configuration changed
2023-08-12 02:58:22.081 [info] Configuration changed
2023-08-12 02:59:34.956 [info] Active editor: file:///home/brian/Documents/Code/siimee/frontend/src/App.vue
2023-08-12 02:59:36.225 [info] Active editor: file:///home/brian/Documents/Code/siimee/frontend/src/App.vue
2023-08-12 02:59:38.277 [info] Executing :q
2023-08-12 02:59:38.283 [info] Active editor: file:///home/brian/Documents/Code/siimee/frontend/src/App.vue
2023-08-12 02:59:38.980 [info] Executing :q
2023-08-12 02:59:38.983 [info] Active editor: file:///home/brian/Documents/Code/siimee/frontend/src/App.vue
2023-08-12 02:59:39.523 [info] Active editor: file:///home/brian/Documents/Code/siimee/frontend/src/App.vue
2023-08-12 02:59:40.628 [info] Executing :q
2023-08-12 02:59:40.632 [info] Active editor: file:///home/brian/Documents/Code/siimee/frontend/src/App.vue
2023-08-12 03:01:39.259 [info] Configuration changed
2023-08-12 03:01:56.405 [info] Active editor: file:///home/brian/Documents/Code/siimee/frontend/src/App.vue
2023-08-12 03:01:58.284 [info] Active editor: file:///home/brian/Documents/Code/siimee/frontend/src/services/auth.service.js
2023-08-12 03:02:05.143 [info] Active editor: file:///home/brian/Documents/Code/siimee/frontend/src/services/auth.service.js
2023-08-12 03:02:09.057 [info] Active editor: file:///home/brian/Documents/Code/siimee/frontend/src/App.vue
2023-08-12 03:02:54.767 [info] Configuration changed
2023-08-12 03:02:54.947 [info] Configuration changed
2023-08-12 03:02:59.070 [info] Active editor: file:///home/brian/Documents/Code/siimee/frontend/src/App.vue
2023-08-12 03:03:48.987 [info] Active editor: file:///home/brian/Documents/Code/siimee/frontend/src/App.vue
2023-08-12 03:03:54.253 [info] Active editor: file:///home/brian/Documents/Code/siimee/frontend/src/utils/survey.js
2023-08-12 03:04:05.341 [info] Active editor: file:///home/brian/Documents/Code/siimee/frontend/src/utils/survey.js
2023-08-12 03:04:06.400 [info] Active editor: file:///home/brian/Documents/Code/siimee/frontend/src/utils/survey.js
2023-08-12 03:04:08.123 [info] Executing :q
2023-08-12 03:04:08.133 [info] Active editor: file:///home/brian/Documents/Code/siimee/frontend/src/utils/survey.js
2023-08-12 03:04:09.410 [info] Executing :q
2023-08-12 03:04:09.418 [info] Active editor: file:///home/brian/Documents/Code/siimee/frontend/src/utils/survey.js
2023-08-12 03:04:40.293 [info] Active editor: file:///home/brian/Documents/Code/siimee/frontend/src/App.vue
2023-08-12 03:04:42.445 [info] Active editor: file:///home/brian/Documents/Code/siimee/frontend/src/utils/survey.js
2023-08-12 03:04:43.252 [info] Active editor: file:///home/brian/Documents/Code/siimee/frontend/src/App.vue
2023-08-12 03:04:46.129 [info] Active editor: file:///home/brian/Documents/Code/siimee/frontend/src/utils/survey.js
2023-08-12 03:04:47.724 [info] Active editor: file:///home/brian/Documents/Code/siimee/frontend/src/App.vue
2023-08-12 03:04:50.629 [info] Active editor: file:///home/brian/Documents/Code/siimee/frontend/src/utils/survey.js
2023-08-12 03:04:51.132 [info] Active editor: file:///home/brian/Documents/Code/siimee/frontend/src/App.vue
2023-08-12 03:05:05.794 [info] Active editor: file:///home/brian/Documents/Code/siimee/frontend/src/utils/survey.js
2023-08-12 03:05:48.348 [info] Active editor: file:///home/brian/Documents/Code/siimee/frontend/src/App.vue
2023-08-12 03:05:51.156 [info] Active editor: file:///home/brian/Documents/Code/siimee/frontend/src/App.vue
2023-08-12 03:05:52.650 [info] Executing :q
2023-08-12 03:05:52.654 [info] Active editor: file:///home/brian/Documents/Code/siimee/frontend/src/App.vue
2023-08-12 03:07:27.145 [info] /home/brian/.config/VSCodium/User/settings.json closed
2023-08-12 03:07:27.180 [info] Configuration changed
2023-08-12 03:07:31.882 [info] /home/brian/.config/VSCodium/User/settings.json closed
2023-08-12 03:07:31.898 [info] Configuration changed
2023-08-12 03:07:33.909 [info] /home/brian/.config/VSCodium/User/settings.json closed
2023-08-12 03:07:33.926 [info] Configuration changed
2023-08-12 03:07:36.180 [info] Active editor: file:///home/brian/Documents/Code/siimee/frontend/src/utils/survey.js
2023-08-12 03:07:47.020 [info] Active editor: file:///home/brian/Documents/Code/siimee/frontend/src/App.vue
2023-08-12 03:08:03.547 [info] /home/brian/.config/VSCodium/User/settings.json closed
2023-08-12 03:08:03.598 [info] Configuration changed
2023-08-12 03:08:06.727 [info] Active editor: file:///home/brian/Documents/Code/siimee/frontend/src/utils/survey.js
2023-08-12 03:08:10.877 [info] /home/brian/.config/VSCodium/User/settings.json closed
2023-08-12 03:08:10.911 [info] Configuration changed
2023-08-12 03:08:14.656 [info] /home/brian/.config/VSCodium/User/settings.json closed
2023-08-12 03:08:14.693 [info] Configuration changed
2023-08-12 03:08:15.867 [info] Active editor: file:///home/brian/Documents/Code/siimee/frontend/src/utils/survey.js
2023-08-12 03:08:23.742 [info] /home/brian/.config/VSCodium/User/settings.json closed
2023-08-12 03:08:23.783 [info] Configuration changed
2023-08-12 03:08:25.063 [info] Active editor: file:///home/brian/Documents/Code/siimee/frontend/src/utils/survey.js
2023-08-12 03:08:44.255 [info] /home/brian/.config/VSCodium/User/settings.json closed
2023-08-12 03:08:44.278 [info] Configuration changed
2023-08-12 03:08:44.607 [info] Active editor: file:///home/brian/Documents/Code/siimee/frontend/src/utils/survey.js
2023-08-12 03:08:51.753 [info] /home/brian/.config/VSCodium/User/settings.json closed
2023-08-12 03:08:51.776 [info] Configuration changed
2023-08-12 03:08:52.851 [info] Active editor: file:///home/brian/Documents/Code/siimee/frontend/src/utils/survey.js
2023-08-12 03:09:20.260 [info] Active editor: file:///home/brian/Documents/Code/siimee/frontend/src/utils/survey.js
2023-08-12 03:10:06.784 [info] /home/brian/.config/VSCodium/User/settings.json closed
2023-08-12 03:10:06.840 [info] Configuration changed
2023-08-12 03:10:08.524 [info] Active editor: file:///home/brian/Documents/Code/siimee/frontend/src/utils/survey.js
2023-08-12 03:10:20.826 [info] Active editor: file:///home/brian/Documents/Code/siimee/frontend/src/App.vue
2023-08-12 03:10:22.308 [info] Active editor: file:///home/brian/Documents/Code/siimee/frontend/src/utils/survey.js
2023-08-12 03:10:24.870 [info] Active editor: file:///home/brian/Documents/Code/siimee/frontend/src/App.vue
2023-08-12 03:11:19.786 [info] /home/brian/.config/VSCodium/User/settings.json closed
2023-08-12 03:11:19.864 [info] Configuration changed
2023-08-12 03:11:24.079 [info] Active editor: file:///home/brian/Documents/Code/siimee/frontend/src/utils/survey.js
2023-08-12 03:11:35.829 [info] Active editor: file:///home/brian/Documents/Code/siimee/frontend/src/utils/survey.js
2023-08-12 03:11:37.010 [info] /home/brian/Documents/Code/siimee/frontend/src/utils/survey.js closed
2023-08-12 03:11:37.011 [info] /home/brian/Documents/Code/siimee/frontend/src/utils/survey.js.git closed
2023-08-12 03:11:51.600 [info] Active editor: file:///home/brian/Documents/Code/siimee/frontend/src/App.vue
2023-08-12 03:12:00.842 [info] Active editor: file:///home/brian/Documents/Code/siimee/frontend/src/App.vue
2023-08-12 03:12:15.293 [info] Configuration changed
2023-08-12 03:12:49.657 [info] Configuration changed
2023-08-12 03:12:49.841 [info] Configuration changed
2023-08-12 03:12:49.942 [info] Configuration changed
2023-08-12 03:13:02.311 [info] /home/brian/.config/VSCodium/User/settings.json closed
2023-08-12 03:13:02.319 [info] Configuration changed
2023-08-12 03:13:04.519 [info] Active editor: file:///home/brian/Documents/Code/siimee/frontend/src/App.vue
2023-08-12 03:13:09.091 [info] Active editor: file:///home/brian/Documents/Code/siimee/frontend/src/App.vue
2023-08-12 03:13:20.346 [info] /home/brian/.config/VSCodium/User/settings.json closed
2023-08-12 03:13:20.363 [info] Configuration changed
2023-08-12 03:15:05.942 [info] /home/brian/.config/VSCodium/User/settings.json closed
2023-08-12 03:15:05.956 [info] Configuration changed
2023-08-12 03:15:12.980 [info] /home/brian/.config/VSCodium/User/settings.json closed
2023-08-12 03:15:12.996 [info] Configuration changed
2023-08-12 03:15:22.123 [info] /home/brian/.config/VSCodium/User/settings.json closed
2023-08-12 03:15:22.142 [info] Configuration changed
2023-08-12 03:15:25.404 [info] Active editor: file:///home/brian/Documents/Code/siimee/frontend/src/App.vue
2023-08-12 03:15:27.753 [info] Active editor: file:///home/brian/Documents/Code/siimee/frontend/src/App.vue
2023-08-12 03:15:52.024 [info] Active editor: file:///home/brian/Documents/Code/siimee/frontend/src/App.vue
2023-08-12 03:15:52.779 [info] Active editor: file:///home/brian/Documents/Code/siimee/frontend/src/App.vue
2023-08-12 03:15:55.114 [info] Executing :q
2023-08-12 03:15:55.120 [info] Active editor: file:///home/brian/Documents/Code/siimee/frontend/src/App.vue
2023-08-12 03:15:55.826 [info] Executing :q
2023-08-12 03:15:55.830 [info] Active editor: file:///home/brian/Documents/Code/siimee/frontend/src/App.vue
2023-08-12 03:16:08.718 [info] Active editor: file:///home/brian/Documents/Code/siimee/frontend/src/App.vue
2023-08-12 03:16:40.128 [info] /home/brian/.config/VSCodium/User/settings.json closed
2023-08-12 03:16:40.156 [info] Configuration changed
2023-08-12 03:16:53.442 [info] /home/brian/.config/VSCodium/User/settings.json closed
2023-08-12 03:16:53.465 [info] Configuration changed
2023-08-12 03:17:02.440 [info] /home/brian/.config/VSCodium/User/settings.json closed
2023-08-12 03:17:02.454 [info] Configuration changed
2023-08-12 03:17:14.062 [info] /home/brian/.config/VSCodium/User/settings.json closed
2023-08-12 03:17:14.081 [info] Configuration changed
2023-08-12 03:17:19.886 [info] /home/brian/.config/VSCodium/User/settings.json closed
2023-08-12 03:17:19.900 [info] Configuration changed
