2023-08-12 02:41:48.739 [info] Extension host with pid 22040 started
2023-08-12 02:41:48.778 [info] ExtensionService#_doActivateExtension vscode.git-base, startup: true, activationEvent: '*', root cause: vscode.git
2023-08-12 02:41:48.826 [info] ExtensionService#_doActivateExtension vscode.git, startup: true, activationEvent: '*'
2023-08-12 02:41:48.895 [info] ExtensionService#_doActivateExtension vscode.github, startup: true, activationEvent: '*'
2023-08-12 02:41:48.948 [info] Eager extensions activated
2023-08-12 02:41:48.957 [info] ExtensionService#_doActivateExtension vscode.debug-auto-launch, startup: false, activationEvent: 'onStartupFinished'
2023-08-12 02:41:48.960 [info] ExtensionService#_doActivateExtension vscode.merge-conflict, startup: false, activationEvent: 'onStartupFinished'
2023-08-12 02:42:35.694 [info] ExtensionService#_doActivateExtension vscode.emmet, startup: false, activationEvent: 'onLanguage'
2023-08-12 02:42:48.780 [info] ExtensionService#_doActivateExtension dbaeumer.vscode-eslint, startup: false, activationEvent: 'onStartupFinished'
2023-08-12 02:42:54.854 [info] ExtensionService#_doActivateExtension esbenp.prettier-vscode, startup: false, activationEvent: 'onStartupFinished'
2023-08-12 02:42:55.121 [info] ExtensionService#_doActivateExtension ms-azuretools.vscode-docker, startup: false, activationEvent: 'onWalkthrough:dockerStart'
2023-08-12 02:43:21.501 [info] ExtensionService#_doActivateExtension ms-python.python, startup: false, activationEvent: 'onWalkthrough:pythonWelcome'
2023-08-12 02:43:24.403 [info] ExtensionService#_doActivateExtension ritwickdey.LiveServer, startup: false, activationEvent: 'onStartupFinished'
2023-08-12 02:43:34.790 [info] ExtensionService#_doActivateExtension vscodevim.vim, startup: false, activationEvent: '*'
2023-08-12 02:43:35.895 [error] Error: ENOENT: no such file or directory, open '/home/brian/.config/VSCodium/User/globalStorage/vscodevim.vim/.registers'
2023-08-12 02:43:40.451 [info] ExtensionService#_doActivateExtension Vue.volar, startup: false, activationEvent: 'onLanguage:plaintext'
2023-08-12 02:44:05.033 [info] ExtensionService#_doActivateExtension ecmel.vscode-html-css, startup: false, activationEvent: '*'
2023-08-12 02:45:30.324 [info] ExtensionService#_doActivateExtension vscode.json-language-features, startup: false, activationEvent: 'onLanguage:jsonc'
2023-08-12 02:45:30.370 [info] ExtensionService#_doActivateExtension vscode.typescript-language-features, startup: false, activationEvent: 'onLanguage:jsonc'
2023-08-12 02:46:30.768 [info] ExtensionService#_doActivateExtension timonwong.shellcheck, startup: false, activationEvent: 'onLanguage:shellscript'
2023-08-12 02:47:06.346 [warning] TextEditor is closed/disposed
2023-08-12 02:47:06.346 [warning] TextEditor is closed/disposed
2023-08-12 02:47:06.350 [warning] ExtHostTextEditorOptions 'setCursorStyle' failed:'
2023-08-12 02:47:06.351 [warning] TextEditor(vs.editor.ICodeEditor:2,$model3) has been disposed
2023-08-12 02:48:27.710 [warning] TextEditor is closed/disposed
2023-08-12 02:48:27.710 [warning] TextEditor is closed/disposed
2023-08-12 02:48:27.713 [warning] ExtHostTextEditorOptions 'setCursorStyle' failed:'
2023-08-12 02:48:27.713 [warning] TextEditor(vs.editor.ICodeEditor:2,$model6) has been disposed
2023-08-12 02:48:31.688 [info] Extension host terminating: renderer closed the MessagePort
2023-08-12 02:48:31.716 [info] Extension host with pid 22040 exiting with code 0
