2023-08-12 03:22:14.121 [info] Extension host with pid 9124 started
2023-08-12 03:22:14.121 [info] Skipping acquiring lock for /home/brian/.config/VSCodium/User/workspaceStorage/ccfd5b89c789d6e6d05700bd78bd30ca.
2023-08-12 03:22:14.323 [info] ExtensionService#_doActivateExtension Vue.volar, startup: false, activationEvent: 'onLanguage:plaintext'
2023-08-12 03:22:14.349 [info] ExtensionService#_doActivateExtension vscode.emmet, startup: false, activationEvent: 'onLanguage'
2023-08-12 03:22:14.406 [info] ExtensionService#_doActivateExtension vscode.git-base, startup: true, activationEvent: '*', root cause: vscode.git
2023-08-12 03:22:14.407 [info] ExtensionService#_doActivateExtension ecmel.vscode-html-css, startup: true, activationEvent: '*'
2023-08-12 03:22:14.426 [info] ExtensionService#_doActivateExtension mhutchie.git-graph, startup: true, activationEvent: '*'
2023-08-12 03:22:14.436 [info] ExtensionService#_doActivateExtension vscodevim.vim, startup: true, activationEvent: '*'
2023-08-12 03:22:14.486 [info] ExtensionService#_doActivateExtension vscode.npm, startup: true, activationEvent: 'workspaceContains:package.json'
2023-08-12 03:22:14.493 [info] ExtensionService#_doActivateExtension yzhang.markdown-all-in-one, startup: true, activationEvent: 'workspaceContains:README.md'
2023-08-12 03:22:14.902 [info] ExtensionService#_doActivateExtension vscode.markdown-math, startup: false, activationEvent: 'api', root cause: yzhang.markdown-all-in-one
2023-08-12 03:22:14.907 [info] ExtensionService#_doActivateExtension vscode.git, startup: true, activationEvent: '*'
2023-08-12 03:22:14.923 [info] ExtensionService#_doActivateExtension vscode.github, startup: true, activationEvent: '*'
2023-08-12 03:22:15.136 [info] Eager extensions activated
2023-08-12 03:22:15.152 [info] ExtensionService#_doActivateExtension vscode.debug-auto-launch, startup: false, activationEvent: 'onStartupFinished'
2023-08-12 03:22:15.153 [info] ExtensionService#_doActivateExtension vscode.merge-conflict, startup: false, activationEvent: 'onStartupFinished'
2023-08-12 03:22:15.158 [info] ExtensionService#_doActivateExtension dbaeumer.vscode-eslint, startup: false, activationEvent: 'onStartupFinished'
2023-08-12 03:22:15.168 [info] ExtensionService#_doActivateExtension eamodio.gitlens, startup: false, activationEvent: 'onStartupFinished'
2023-08-12 03:22:15.200 [info] ExtensionService#_doActivateExtension esbenp.prettier-vscode, startup: false, activationEvent: 'onStartupFinished'
2023-08-12 03:22:15.238 [info] ExtensionService#_doActivateExtension ritwickdey.LiveServer, startup: false, activationEvent: 'onStartupFinished'
2023-08-12 03:22:15.244 [info] ExtensionService#_doActivateExtension waderyan.gitblame, startup: false, activationEvent: 'onStartupFinished'
2023-08-12 03:23:04.832 [warning] TextEditor is closed/disposed
2023-08-12 03:23:04.833 [warning] TextEditor is closed/disposed
2023-08-12 03:23:04.847 [warning] ExtHostTextEditorOptions 'setCursorStyle' failed:'
2023-08-12 03:23:04.847 [warning] TextEditor(vs.editor.ICodeEditor:3,$model1) has been disposed
